[0.414s] DEBUG:colcon:Command line arguments: ['/usr/bin/colcon', 'build', '--packages-select', 'robot_control']
[0.414s] DEBUG:colcon:Parsed command line arguments: Namespace(log_base=None, log_level=None, verb_name='build', build_base='build', install_base='install', merge_install=False, symlink_install=False, test_result_base=None, continue_on_error=False, executor='parallel', parallel_workers=4, event_handlers=None, ignore_user_meta=False, metas=['./colcon.meta'], base_paths=['.'], packages_ignore=None, packages_ignore_regex=None, paths=None, packages_up_to=None, packages_up_to_regex=None, packages_above=None, packages_above_and_dependencies=None, packages_above_depth=None, packages_select_by_dep=None, packages_skip_by_dep=None, packages_skip_up_to=None, packages_select_build_failed=False, packages_skip_build_finished=False, packages_select_test_failures=False, packages_skip_test_passed=False, packages_select=['robot_control'], packages_skip=None, packages_select_regex=None, packages_skip_regex=None, packages_start=None, packages_end=None, allow_overriding=[], cmake_args=None, cmake_target=None, cmake_target_skip_unavailable=False, cmake_clean_cache=False, cmake_clean_first=False, cmake_force_configure=False, ament_cmake_args=None, catkin_cmake_args=None, catkin_skip_building_tests=False, verb_parser=<colcon_defaults.argument_parser.defaults.DefaultArgumentsDecorator object at 0x73438f92fee0>, verb_extension=<colcon_core.verb.build.BuildVerb object at 0x73438f92ee30>, main=<bound method BuildVerb.main of <colcon_core.verb.build.BuildVerb object at 0x73438f92ee30>>)
[1.115s] Level 1:colcon.colcon_core.package_discovery:discover_packages(colcon_meta) check parameters
[1.115s] Level 1:colcon.colcon_core.package_discovery:discover_packages(recursive) check parameters
[1.115s] Level 1:colcon.colcon_core.package_discovery:discover_packages(ignore) check parameters
[1.116s] Level 1:colcon.colcon_core.package_discovery:discover_packages(path) check parameters
[1.116s] Level 1:colcon.colcon_core.package_discovery:discover_packages(colcon_meta) discover
[1.116s] Level 1:colcon.colcon_core.package_discovery:discover_packages(recursive) discover
[1.116s] INFO:colcon.colcon_core.package_discovery:Crawling recursively for packages in '/home/emag51/ros2_ws'
[1.116s] Level 1:colcon.colcon_core.package_identification:_identify(.) by extensions ['ignore', 'ignore_ament_install']
[1.117s] Level 1:colcon.colcon_core.package_identification:_identify(.) by extension 'ignore'
[1.117s] Level 1:colcon.colcon_core.package_identification:_identify(.) by extension 'ignore_ament_install'
[1.117s] Level 1:colcon.colcon_core.package_identification:_identify(.) by extensions ['colcon_pkg']
[1.117s] Level 1:colcon.colcon_core.package_identification:_identify(.) by extension 'colcon_pkg'
[1.117s] Level 1:colcon.colcon_core.package_identification:_identify(.) by extensions ['colcon_meta']
[1.118s] Level 1:colcon.colcon_core.package_identification:_identify(.) by extension 'colcon_meta'
[1.118s] Level 1:colcon.colcon_core.package_identification:_identify(.) by extensions ['ros']
[1.118s] Level 1:colcon.colcon_core.package_identification:_identify(.) by extension 'ros'
[1.164s] Level 1:colcon.colcon_core.package_identification:_identify(.) by extensions ['cmake', 'python']
[1.164s] Level 1:colcon.colcon_core.package_identification:_identify(.) by extension 'cmake'
[1.164s] Level 1:colcon.colcon_core.package_identification:_identify(.) by extension 'python'
[1.165s] Level 1:colcon.colcon_core.package_identification:_identify(.) by extensions ['python_setup_py']
[1.165s] Level 1:colcon.colcon_core.package_identification:_identify(.) by extension 'python_setup_py'
[1.165s] Level 1:colcon.colcon_core.package_identification:_identify(build) by extensions ['ignore', 'ignore_ament_install']
[1.166s] Level 1:colcon.colcon_core.package_identification:_identify(build) by extension 'ignore'
[1.166s] Level 1:colcon.colcon_core.package_identification:_identify(build) ignored
[1.166s] Level 1:colcon.colcon_core.package_identification:_identify(build-old) by extensions ['ignore', 'ignore_ament_install']
[1.166s] Level 1:colcon.colcon_core.package_identification:_identify(build-old) by extension 'ignore'
[1.167s] Level 1:colcon.colcon_core.package_identification:_identify(build-old) ignored
[1.167s] Level 1:colcon.colcon_core.package_identification:_identify(frames) by extensions ['ignore', 'ignore_ament_install']
[1.167s] Level 1:colcon.colcon_core.package_identification:_identify(frames) by extension 'ignore'
[1.168s] Level 1:colcon.colcon_core.package_identification:_identify(frames) by extension 'ignore_ament_install'
[1.168s] Level 1:colcon.colcon_core.package_identification:_identify(frames) by extensions ['colcon_pkg']
[1.168s] Level 1:colcon.colcon_core.package_identification:_identify(frames) by extension 'colcon_pkg'
[1.168s] Level 1:colcon.colcon_core.package_identification:_identify(frames) by extensions ['colcon_meta']
[1.168s] Level 1:colcon.colcon_core.package_identification:_identify(frames) by extension 'colcon_meta'
[1.168s] Level 1:colcon.colcon_core.package_identification:_identify(frames) by extensions ['ros']
[1.169s] Level 1:colcon.colcon_core.package_identification:_identify(frames) by extension 'ros'
[1.169s] Level 1:colcon.colcon_core.package_identification:_identify(frames) by extensions ['cmake', 'python']
[1.169s] Level 1:colcon.colcon_core.package_identification:_identify(frames) by extension 'cmake'
[1.169s] Level 1:colcon.colcon_core.package_identification:_identify(frames) by extension 'python'
[1.169s] Level 1:colcon.colcon_core.package_identification:_identify(frames) by extensions ['python_setup_py']
[1.169s] Level 1:colcon.colcon_core.package_identification:_identify(frames) by extension 'python_setup_py'
[1.170s] Level 1:colcon.colcon_core.package_identification:_identify(install) by extensions ['ignore', 'ignore_ament_install']
[1.170s] Level 1:colcon.colcon_core.package_identification:_identify(install) by extension 'ignore'
[1.170s] Level 1:colcon.colcon_core.package_identification:_identify(install) ignored
[1.171s] Level 1:colcon.colcon_core.package_identification:_identify(install-old) by extensions ['ignore', 'ignore_ament_install']
[1.171s] Level 1:colcon.colcon_core.package_identification:_identify(install-old) by extension 'ignore'
[1.171s] Level 1:colcon.colcon_core.package_identification:_identify(install-old) ignored
[1.172s] Level 1:colcon.colcon_core.package_identification:_identify(log) by extensions ['ignore', 'ignore_ament_install']
[1.172s] Level 1:colcon.colcon_core.package_identification:_identify(log) by extension 'ignore'
[1.172s] Level 1:colcon.colcon_core.package_identification:_identify(log) ignored
[1.172s] Level 1:colcon.colcon_core.package_identification:_identify(src) by extensions ['ignore', 'ignore_ament_install']
[1.173s] Level 1:colcon.colcon_core.package_identification:_identify(src) by extension 'ignore'
[1.173s] Level 1:colcon.colcon_core.package_identification:_identify(src) by extension 'ignore_ament_install'
[1.173s] Level 1:colcon.colcon_core.package_identification:_identify(src) by extensions ['colcon_pkg']
[1.173s] Level 1:colcon.colcon_core.package_identification:_identify(src) by extension 'colcon_pkg'
[1.173s] Level 1:colcon.colcon_core.package_identification:_identify(src) by extensions ['colcon_meta']
[1.173s] Level 1:colcon.colcon_core.package_identification:_identify(src) by extension 'colcon_meta'
[1.174s] Level 1:colcon.colcon_core.package_identification:_identify(src) by extensions ['ros']
[1.174s] Level 1:colcon.colcon_core.package_identification:_identify(src) by extension 'ros'
[1.174s] Level 1:colcon.colcon_core.package_identification:_identify(src) by extensions ['cmake', 'python']
[1.174s] Level 1:colcon.colcon_core.package_identification:_identify(src) by extension 'cmake'
[1.174s] Level 1:colcon.colcon_core.package_identification:_identify(src) by extension 'python'
[1.175s] Level 1:colcon.colcon_core.package_identification:_identify(src) by extensions ['python_setup_py']
[1.175s] Level 1:colcon.colcon_core.package_identification:_identify(src) by extension 'python_setup_py'
[1.175s] Level 1:colcon.colcon_core.package_identification:_identify(src/my_robot_description) by extensions ['ignore', 'ignore_ament_install']
[1.175s] Level 1:colcon.colcon_core.package_identification:_identify(src/my_robot_description) by extension 'ignore'
[1.176s] Level 1:colcon.colcon_core.package_identification:_identify(src/my_robot_description) by extension 'ignore_ament_install'
[1.176s] Level 1:colcon.colcon_core.package_identification:_identify(src/my_robot_description) by extensions ['colcon_pkg']
[1.176s] Level 1:colcon.colcon_core.package_identification:_identify(src/my_robot_description) by extension 'colcon_pkg'
[1.176s] Level 1:colcon.colcon_core.package_identification:_identify(src/my_robot_description) by extensions ['colcon_meta']
[1.176s] Level 1:colcon.colcon_core.package_identification:_identify(src/my_robot_description) by extension 'colcon_meta'
[1.176s] Level 1:colcon.colcon_core.package_identification:_identify(src/my_robot_description) by extensions ['ros']
[1.176s] Level 1:colcon.colcon_core.package_identification:_identify(src/my_robot_description) by extension 'ros'
[1.186s] DEBUG:colcon.colcon_core.package_identification:Package 'src/my_robot_description' with type 'ros.ament_python' and name 'my_robot_description'
[1.186s] Level 1:colcon.colcon_core.package_identification:_identify(src/rf2o_laser_odometry) by extensions ['ignore', 'ignore_ament_install']
[1.186s] Level 1:colcon.colcon_core.package_identification:_identify(src/rf2o_laser_odometry) by extension 'ignore'
[1.187s] Level 1:colcon.colcon_core.package_identification:_identify(src/rf2o_laser_odometry) by extension 'ignore_ament_install'
[1.187s] Level 1:colcon.colcon_core.package_identification:_identify(src/rf2o_laser_odometry) by extensions ['colcon_pkg']
[1.187s] Level 1:colcon.colcon_core.package_identification:_identify(src/rf2o_laser_odometry) by extension 'colcon_pkg'
[1.187s] Level 1:colcon.colcon_core.package_identification:_identify(src/rf2o_laser_odometry) by extensions ['colcon_meta']
[1.187s] Level 1:colcon.colcon_core.package_identification:_identify(src/rf2o_laser_odometry) by extension 'colcon_meta'
[1.188s] Level 1:colcon.colcon_core.package_identification:_identify(src/rf2o_laser_odometry) by extensions ['ros']
[1.188s] Level 1:colcon.colcon_core.package_identification:_identify(src/rf2o_laser_odometry) by extension 'ros'
[1.191s] DEBUG:colcon.colcon_core.package_identification:Package 'src/rf2o_laser_odometry' with type 'ros.ament_cmake' and name 'rf2o_laser_odometry'
[1.192s] Level 1:colcon.colcon_core.package_identification:_identify(src/robot_control) by extensions ['ignore', 'ignore_ament_install']
[1.192s] Level 1:colcon.colcon_core.package_identification:_identify(src/robot_control) by extension 'ignore'
[1.192s] Level 1:colcon.colcon_core.package_identification:_identify(src/robot_control) by extension 'ignore_ament_install'
[1.193s] Level 1:colcon.colcon_core.package_identification:_identify(src/robot_control) by extensions ['colcon_pkg']
[1.193s] Level 1:colcon.colcon_core.package_identification:_identify(src/robot_control) by extension 'colcon_pkg'
[1.193s] Level 1:colcon.colcon_core.package_identification:_identify(src/robot_control) by extensions ['colcon_meta']
[1.193s] Level 1:colcon.colcon_core.package_identification:_identify(src/robot_control) by extension 'colcon_meta'
[1.193s] Level 1:colcon.colcon_core.package_identification:_identify(src/robot_control) by extensions ['ros']
[1.193s] Level 1:colcon.colcon_core.package_identification:_identify(src/robot_control) by extension 'ros'
[1.196s] DEBUG:colcon.colcon_core.package_identification:Package 'src/robot_control' with type 'ros.catkin' and name 'robot_control'
[1.197s] Level 1:colcon.colcon_core.package_identification:_identify(src/rplidar_launch) by extensions ['ignore', 'ignore_ament_install']
[1.197s] Level 1:colcon.colcon_core.package_identification:_identify(src/rplidar_launch) by extension 'ignore'
[1.197s] Level 1:colcon.colcon_core.package_identification:_identify(src/rplidar_launch) by extension 'ignore_ament_install'
[1.198s] Level 1:colcon.colcon_core.package_identification:_identify(src/rplidar_launch) by extensions ['colcon_pkg']
[1.198s] Level 1:colcon.colcon_core.package_identification:_identify(src/rplidar_launch) by extension 'colcon_pkg'
[1.198s] Level 1:colcon.colcon_core.package_identification:_identify(src/rplidar_launch) by extensions ['colcon_meta']
[1.198s] Level 1:colcon.colcon_core.package_identification:_identify(src/rplidar_launch) by extension 'colcon_meta'
[1.198s] Level 1:colcon.colcon_core.package_identification:_identify(src/rplidar_launch) by extensions ['ros']
[1.198s] Level 1:colcon.colcon_core.package_identification:_identify(src/rplidar_launch) by extension 'ros'
[1.201s] DEBUG:colcon.colcon_core.package_identification:Package 'src/rplidar_launch' with type 'ros.ament_python' and name 'rplidar_launch'
[1.201s] Level 1:colcon.colcon_core.package_identification:_identify(src/slam_toolbox_launch) by extensions ['ignore', 'ignore_ament_install']
[1.201s] Level 1:colcon.colcon_core.package_identification:_identify(src/slam_toolbox_launch) by extension 'ignore'
[1.202s] Level 1:colcon.colcon_core.package_identification:_identify(src/slam_toolbox_launch) by extension 'ignore_ament_install'
[1.202s] Level 1:colcon.colcon_core.package_identification:_identify(src/slam_toolbox_launch) by extensions ['colcon_pkg']
[1.202s] Level 1:colcon.colcon_core.package_identification:_identify(src/slam_toolbox_launch) by extension 'colcon_pkg'
[1.202s] Level 1:colcon.colcon_core.package_identification:_identify(src/slam_toolbox_launch) by extensions ['colcon_meta']
[1.202s] Level 1:colcon.colcon_core.package_identification:_identify(src/slam_toolbox_launch) by extension 'colcon_meta'
[1.202s] Level 1:colcon.colcon_core.package_identification:_identify(src/slam_toolbox_launch) by extensions ['ros']
[1.203s] Level 1:colcon.colcon_core.package_identification:_identify(src/slam_toolbox_launch) by extension 'ros'
[1.205s] DEBUG:colcon.colcon_core.package_identification:Package 'src/slam_toolbox_launch' with type 'ros.ament_python' and name 'slam_toolbox_launch'
[1.205s] Level 1:colcon.colcon_core.package_discovery:discover_packages(recursive) using defaults
[1.205s] Level 1:colcon.colcon_core.package_discovery:discover_packages(ignore) discover
[1.205s] Level 1:colcon.colcon_core.package_discovery:discover_packages(ignore) using defaults
[1.205s] Level 1:colcon.colcon_core.package_discovery:discover_packages(path) discover
[1.205s] Level 1:colcon.colcon_core.package_discovery:discover_packages(path) using defaults
[1.303s] INFO:colcon.colcon_core.package_selection:Skipping not selected package 'my_robot_description' in 'src/my_robot_description'
[1.304s] INFO:colcon.colcon_core.package_selection:Skipping not selected package 'rf2o_laser_odometry' in 'src/rf2o_laser_odometry'
[1.304s] INFO:colcon.colcon_core.package_selection:Skipping not selected package 'rplidar_launch' in 'src/rplidar_launch'
[1.304s] INFO:colcon.colcon_core.package_selection:Skipping not selected package 'slam_toolbox_launch' in 'src/slam_toolbox_launch'
[1.305s] Level 1:colcon.colcon_core.package_discovery:discover_packages(prefix_path) check parameters
[1.305s] Level 1:colcon.colcon_core.package_discovery:discover_packages(prefix_path) discover
[1.309s] WARNING:colcon.colcon_ros.prefix_path.ament:The path '/home/emag51/ros2_ws/install/slam_toolbox_launch' in the environment variable AMENT_PREFIX_PATH doesn't exist
[1.309s] WARNING:colcon.colcon_ros.prefix_path.ament:The path '/home/emag51/ros2_ws/install/rplidar_launch' in the environment variable AMENT_PREFIX_PATH doesn't exist
[1.309s] WARNING:colcon.colcon_ros.prefix_path.ament:The path '/home/emag51/ros2_ws/install/rf2o_laser_odometry' in the environment variable AMENT_PREFIX_PATH doesn't exist
[1.309s] WARNING:colcon.colcon_ros.prefix_path.ament:The path '/home/emag51/ros2_ws/install/my_robot_description' in the environment variable AMENT_PREFIX_PATH doesn't exist
[1.310s] WARNING:colcon.colcon_ros.prefix_path.catkin:The path '/home/emag51/ros2_ws/install/robot_control' in the environment variable CMAKE_PREFIX_PATH doesn't exist
[1.310s] WARNING:colcon.colcon_ros.prefix_path.catkin:The path '/home/emag51/ros2_ws/install/rf2o_laser_odometry' in the environment variable CMAKE_PREFIX_PATH doesn't exist
[1.312s] DEBUG:colcon.colcon_installed_package_information.package_discovery:Found 0 installed packages in /home/emag51/ros2_ws/install
[1.318s] DEBUG:colcon.colcon_installed_package_information.package_discovery:Found 337 installed packages in /opt/ros/humble
[1.324s] Level 1:colcon.colcon_core.package_discovery:discover_packages(prefix_path) using defaults
[1.494s] Level 5:colcon.colcon_core.verb:set package 'robot_control' build argument 'cmake_args' from command line to 'None'
[1.495s] Level 5:colcon.colcon_core.verb:set package 'robot_control' build argument 'cmake_target' from command line to 'None'
[1.495s] Level 5:colcon.colcon_core.verb:set package 'robot_control' build argument 'cmake_target_skip_unavailable' from command line to 'False'
[1.495s] Level 5:colcon.colcon_core.verb:set package 'robot_control' build argument 'cmake_clean_cache' from command line to 'False'
[1.495s] Level 5:colcon.colcon_core.verb:set package 'robot_control' build argument 'cmake_clean_first' from command line to 'False'
[1.495s] Level 5:colcon.colcon_core.verb:set package 'robot_control' build argument 'cmake_force_configure' from command line to 'False'
[1.495s] Level 5:colcon.colcon_core.verb:set package 'robot_control' build argument 'ament_cmake_args' from command line to 'None'
[1.495s] Level 5:colcon.colcon_core.verb:set package 'robot_control' build argument 'catkin_cmake_args' from command line to 'None'
[1.495s] Level 5:colcon.colcon_core.verb:set package 'robot_control' build argument 'catkin_skip_building_tests' from command line to 'False'
[1.495s] DEBUG:colcon.colcon_core.verb:Building package 'robot_control' with the following arguments: {'ament_cmake_args': None, 'build_base': '/home/emag51/ros2_ws/build/robot_control', 'catkin_cmake_args': None, 'catkin_skip_building_tests': False, 'cmake_args': None, 'cmake_clean_cache': False, 'cmake_clean_first': False, 'cmake_force_configure': False, 'cmake_target': None, 'cmake_target_skip_unavailable': False, 'install_base': '/home/emag51/ros2_ws/install/robot_control', 'merge_install': False, 'path': '/home/emag51/ros2_ws/src/robot_control', 'symlink_install': False, 'test_result_base': None}
[1.496s] INFO:colcon.colcon_core.executor:Executing jobs using 'parallel' executor
[1.499s] DEBUG:colcon.colcon_parallel_executor.executor.parallel:run_until_complete
[1.500s] INFO:colcon.colcon_ros.task.catkin.build:Building ROS package in '/home/emag51/ros2_ws/src/robot_control' with build type 'catkin'
[1.500s] INFO:colcon.colcon_cmake.task.cmake.build:Building CMake package in '/home/emag51/ros2_ws/src/robot_control'
[1.508s] INFO:colcon.colcon_core.plugin_system:Skipping extension 'colcon_core.shell.bat': Not used on non-Windows systems
[1.508s] INFO:colcon.colcon_core.shell:Skip shell extension 'powershell' for command environment: Not usable outside of PowerShell
[1.508s] DEBUG:colcon.colcon_core.shell:Skip shell extension 'dsv' for command environment
[1.543s] DEBUG:colcon.colcon_core.event_handler.log_command:Invoking command in '/home/emag51/ros2_ws/build/robot_control': /usr/bin/cmake /home/emag51/ros2_ws/src/robot_control -DCATKIN_INSTALL_INTO_PREFIX_ROOT=0 -DCMAKE_INSTALL_PREFIX=/home/emag51/ros2_ws/install/robot_control
[5.883s] DEBUG:colcon.colcon_core.event_handler.log_command:Invoked command in '/home/emag51/ros2_ws/build/robot_control' returned '0': /usr/bin/cmake /home/emag51/ros2_ws/src/robot_control -DCATKIN_INSTALL_INTO_PREFIX_ROOT=0 -DCMAKE_INSTALL_PREFIX=/home/emag51/ros2_ws/install/robot_control
[5.889s] DEBUG:colcon.colcon_core.event_handler.log_command:Invoking command in '/home/emag51/ros2_ws/build/robot_control': /usr/bin/cmake --build /home/emag51/ros2_ws/build/robot_control -- -j4 -l4
[6.788s] DEBUG:colcon.colcon_core.event_handler.log_command:Invoked command in '/home/emag51/ros2_ws/build/robot_control' returned '0': /usr/bin/cmake --build /home/emag51/ros2_ws/build/robot_control -- -j4 -l4
[6.824s] DEBUG:colcon.colcon_core.event_handler.log_command:Invoking command in '/home/emag51/ros2_ws/build/robot_control': /usr/bin/cmake --install /home/emag51/ros2_ws/build/robot_control
[6.871s] DEBUG:colcon.colcon_core.event_handler.log_command:Invoked command in '/home/emag51/ros2_ws/build/robot_control' returned '0': /usr/bin/cmake --install /home/emag51/ros2_ws/build/robot_control
[6.872s] Level 1:colcon.colcon_core.shell:create_environment_hook('robot_control', 'ros_package_path')
[6.872s] INFO:colcon.colcon_core.shell:Creating environment hook '/home/emag51/ros2_ws/install/robot_control/share/robot_control/hook/ros_package_path.ps1'
[6.874s] INFO:colcon.colcon_core.shell:Creating environment descriptor '/home/emag51/ros2_ws/install/robot_control/share/robot_control/hook/ros_package_path.dsv'
[6.876s] INFO:colcon.colcon_core.shell:Creating environment hook '/home/emag51/ros2_ws/install/robot_control/share/robot_control/hook/ros_package_path.sh'
[6.879s] Level 1:colcon.colcon_core.shell:create_environment_hook('robot_control', 'pkg_config_path')
[6.879s] INFO:colcon.colcon_core.shell:Creating environment hook '/home/emag51/ros2_ws/install/robot_control/share/robot_control/hook/pkg_config_path.ps1'
[6.881s] INFO:colcon.colcon_core.shell:Creating environment descriptor '/home/emag51/ros2_ws/install/robot_control/share/robot_control/hook/pkg_config_path.dsv'
[6.882s] INFO:colcon.colcon_core.shell:Creating environment hook '/home/emag51/ros2_ws/install/robot_control/share/robot_control/hook/pkg_config_path.sh'
[6.888s] Level 1:colcon.colcon_core.shell:create_environment_hook('robot_control', 'pkg_config_path_multiarch')
[6.889s] INFO:colcon.colcon_core.shell:Creating environment hook '/home/emag51/ros2_ws/install/robot_control/share/robot_control/hook/pkg_config_path_multiarch.ps1'
[6.891s] INFO:colcon.colcon_core.shell:Creating environment descriptor '/home/emag51/ros2_ws/install/robot_control/share/robot_control/hook/pkg_config_path_multiarch.dsv'
[6.892s] INFO:colcon.colcon_core.shell:Creating environment hook '/home/emag51/ros2_ws/install/robot_control/share/robot_control/hook/pkg_config_path_multiarch.sh'
[6.896s] Level 1:colcon.colcon_core.environment:create_environment_scripts_only(robot_control)
[6.903s] Level 1:colcon.colcon_core.environment:checking '/home/emag51/ros2_ws/install/robot_control' for CMake module files
[6.905s] Level 1:colcon.colcon_core.environment:checking '/home/emag51/ros2_ws/install/robot_control' for CMake config files
[6.906s] Level 1:colcon.colcon_core.shell:create_environment_hook('robot_control', 'cmake_prefix_path')
[6.907s] INFO:colcon.colcon_core.shell:Creating environment hook '/home/emag51/ros2_ws/install/robot_control/share/robot_control/hook/cmake_prefix_path.ps1'
[6.909s] INFO:colcon.colcon_core.shell:Creating environment descriptor '/home/emag51/ros2_ws/install/robot_control/share/robot_control/hook/cmake_prefix_path.dsv'
[6.910s] INFO:colcon.colcon_core.shell:Creating environment hook '/home/emag51/ros2_ws/install/robot_control/share/robot_control/hook/cmake_prefix_path.sh'
[6.912s] Level 1:colcon.colcon_core.environment:checking '/home/emag51/ros2_ws/install/robot_control/lib'
[6.913s] Level 1:colcon.colcon_core.environment:checking '/home/emag51/ros2_ws/install/robot_control/bin'
[6.913s] Level 1:colcon.colcon_core.environment:checking '/home/emag51/ros2_ws/install/robot_control/lib/pkgconfig/robot_control.pc'
[6.914s] Level 1:colcon.colcon_core.environment:checking '/home/emag51/ros2_ws/install/robot_control/lib/python3.10/site-packages'
[6.914s] Level 1:colcon.colcon_core.environment:checking '/home/emag51/ros2_ws/install/robot_control/bin'
[6.916s] INFO:colcon.colcon_core.shell:Creating package script '/home/emag51/ros2_ws/install/robot_control/share/robot_control/package.ps1'
[6.919s] INFO:colcon.colcon_core.shell:Creating package descriptor '/home/emag51/ros2_ws/install/robot_control/share/robot_control/package.dsv'
[6.921s] INFO:colcon.colcon_core.shell:Creating package script '/home/emag51/ros2_ws/install/robot_control/share/robot_control/package.sh'
[6.924s] INFO:colcon.colcon_core.shell:Creating package script '/home/emag51/ros2_ws/install/robot_control/share/robot_control/package.bash'
[6.927s] INFO:colcon.colcon_core.shell:Creating package script '/home/emag51/ros2_ws/install/robot_control/share/robot_control/package.zsh'
[6.930s] Level 1:colcon.colcon_core.environment:create_file_with_runtime_dependencies(/home/emag51/ros2_ws/install/robot_control/share/colcon-core/packages/robot_control)
[6.932s] DEBUG:colcon.colcon_parallel_executor.executor.parallel:closing loop
[6.933s] DEBUG:colcon.colcon_parallel_executor.executor.parallel:loop closed
[6.933s] DEBUG:colcon.colcon_parallel_executor.executor.parallel:run_until_complete finished with '0'
[6.933s] DEBUG:colcon.colcon_core.event_reactor:joining thread
[6.955s] INFO:colcon.colcon_core.plugin_system:Skipping extension 'colcon_notification.desktop_notification.terminal_notifier': Not used on non-Darwin systems
[6.955s] INFO:colcon.colcon_core.plugin_system:Skipping extension 'colcon_notification.desktop_notification.win32': Not used on non-Windows systems
[6.955s] INFO:colcon.colcon_notification.desktop_notification:Sending desktop notification using 'notify2'
[7.003s] DEBUG:colcon.colcon_core.event_reactor:joined thread
[7.004s] INFO:colcon.colcon_core.shell:Creating prefix script '/home/emag51/ros2_ws/install/local_setup.ps1'
[7.008s] INFO:colcon.colcon_core.shell:Creating prefix util module '/home/emag51/ros2_ws/install/_local_setup_util_ps1.py'
[7.013s] INFO:colcon.colcon_core.shell:Creating prefix chain script '/home/emag51/ros2_ws/install/setup.ps1'
[7.018s] INFO:colcon.colcon_core.shell:Creating prefix script '/home/emag51/ros2_ws/install/local_setup.sh'
[7.021s] INFO:colcon.colcon_core.shell:Creating prefix util module '/home/emag51/ros2_ws/install/_local_setup_util_sh.py'
[7.024s] INFO:colcon.colcon_core.shell:Creating prefix chain script '/home/emag51/ros2_ws/install/setup.sh'
[7.028s] INFO:colcon.colcon_core.shell:Creating prefix script '/home/emag51/ros2_ws/install/local_setup.bash'
[7.030s] INFO:colcon.colcon_core.shell:Creating prefix chain script '/home/emag51/ros2_ws/install/setup.bash'
[7.034s] INFO:colcon.colcon_core.shell:Creating prefix script '/home/emag51/ros2_ws/install/local_setup.zsh'
[7.036s] INFO:colcon.colcon_core.shell:Creating prefix chain script '/home/emag51/ros2_ws/install/setup.zsh'
