[1.211s] Invoking command in '/home/emag51/ros2_ws/build/rf2o_laser_odometry': CMAKE_PREFIX_PATH=/opt/ros/humble:${CMAKE_PREFIX_PATH} /usr/bin/cmake /home/emag51/ros2_ws/src/rf2o_laser_odometry -DCMAKE_INSTALL_PREFIX=/home/emag51/ros2_ws/install/rf2o_laser_odometry
[2.319s] -- The C compiler identification is GNU 11.4.0
[3.613s] -- The CXX compiler identification is GNU 11.4.0
[3.815s] -- Detecting C compiler ABI info
[4.321s] -- Detecting C compiler ABI info - done
[4.368s] -- Check for working C compiler: /usr/bin/cc - skipped
[4.388s] -- Detecting C compile features
[4.412s] -- Detecting C compile features - done
[4.452s] -- Detecting CXX compiler ABI info
[4.982s] -- Detecting CXX compiler ABI info - done
[5.021s] -- Check for working CXX compiler: /usr/bin/c++ - skipped
[5.027s] -- Detecting CXX compile features
[5.028s] -- Detecting CXX compile features - done
[5.116s] -- Found ament_cmake: 1.3.11 (/opt/ros/humble/share/ament_cmake/cmake)
[5.992s] -- Found Python3: /usr/bin/python3 (found version "3.10.12") found components: Interpreter 
[6.615s] -- Found rclcpp: 16.0.11 (/opt/ros/humble/share/rclcpp/cmake)
[7.188s] -- Found rosidl_generator_c: 3.1.6 (/opt/ros/humble/share/rosidl_generator_c/cmake)
[7.293s] -- Found rosidl_adapter: 3.1.6 (/opt/ros/humble/share/rosidl_adapter/cmake)
[7.389s] -- Found rosidl_generator_cpp: 3.1.6 (/opt/ros/humble/share/rosidl_generator_cpp/cmake)
[7.586s] -- Using all available rosidl_typesupport_c: rosidl_typesupport_fastrtps_c;rosidl_typesupport_introspection_c
[7.761s] -- Using all available rosidl_typesupport_cpp: rosidl_typesupport_fastrtps_cpp;rosidl_typesupport_introspection_cpp
[8.290s] -- Found rmw_implementation_cmake: 6.1.2 (/opt/ros/humble/share/rmw_implementation_cmake/cmake)
[8.309s] -- Found rmw_fastrtps_cpp: 6.2.7 (/opt/ros/humble/share/rmw_fastrtps_cpp/cmake)
[9.100s] -- Found OpenSSL: /usr/lib/x86_64-linux-gnu/libcrypto.so (found version "3.0.2")  
[9.225s] -- Found FastRTPS: /opt/ros/humble/include  
[9.448s] -- Using RMW implementation 'rmw_fastrtps_cpp' as default
[9.486s] -- Looking for pthread.h
[10.394s] -- Looking for pthread.h - found
[10.395s] -- Performing Test CMAKE_HAVE_LIBC_PTHREAD
[10.707s] -- Performing Test CMAKE_HAVE_LIBC_PTHREAD - Success
[10.712s] -- Found Threads: TRUE  
[11.066s] -- Found geometry_msgs: 4.2.4 (/opt/ros/humble/share/geometry_msgs/cmake)
[11.168s] -- Found tf2_geometry_msgs: 0.25.12 (/opt/ros/humble/share/tf2_geometry_msgs/cmake)
[11.413s] -- Found eigen3_cmake_module: 0.1.1 (/opt/ros/humble/share/eigen3_cmake_module/cmake)
[11.425s] -- Found Eigen3: TRUE (found version "3.4.0") 
[11.426s] -- Ensuring Eigen3 include directory is part of orocos-kdl CMake target
[12.655s] -- Found sensor_msgs: 4.2.4 (/opt/ros/humble/share/sensor_msgs/cmake)
[12.852s] -- Found nav_msgs: 4.2.4 (/opt/ros/humble/share/nav_msgs/cmake)
[13.159s] -- Found Boost: /usr/lib/x86_64-linux-gnu/cmake/Boost-1.74.0/BoostConfig.cmake (found version "1.74.0")  
[13.507s] -- Configuring done
[13.640s] -- Generating done
[13.662s] -- Build files have been written to: /home/emag51/ros2_ws/build/rf2o_laser_odometry
[13.696s] Invoked command in '/home/emag51/ros2_ws/build/rf2o_laser_odometry' returned '0': CMAKE_PREFIX_PATH=/opt/ros/humble:${CMAKE_PREFIX_PATH} /usr/bin/cmake /home/emag51/ros2_ws/src/rf2o_laser_odometry -DCMAKE_INSTALL_PREFIX=/home/emag51/ros2_ws/install/rf2o_laser_odometry
[13.705s] Invoking command in '/home/emag51/ros2_ws/build/rf2o_laser_odometry': CMAKE_PREFIX_PATH=/opt/ros/humble:${CMAKE_PREFIX_PATH} /usr/bin/cmake --build /home/emag51/ros2_ws/build/rf2o_laser_odometry -- -j4 -l4
[13.889s] [ 20%] [32mBuilding CXX object CMakeFiles/rf2o_laser_odometry.dir/src/CLaserOdometry2D.cpp.o[0m
[13.891s] [ 40%] [32mBuilding CXX object CMakeFiles/rf2o_laser_odometry_node.dir/src/CLaserOdometry2DNode.cpp.o[0m
[13.892s] [ 60%] [32mBuilding CXX object CMakeFiles/rf2o_laser_odometry_node.dir/src/CLaserOdometry2D.cpp.o[0m
[99.372s] [ 80%] [32m[1mLinking CXX executable rf2o_laser_odometry_node[0m
[100.203s] [100%] [32m[1mLinking CXX static library librf2o_laser_odometry.a[0m
[101.681s] [100%] Built target rf2o_laser_odometry
[104.586s] [100%] Built target rf2o_laser_odometry_node
[104.625s] Invoked command in '/home/emag51/ros2_ws/build/rf2o_laser_odometry' returned '0': CMAKE_PREFIX_PATH=/opt/ros/humble:${CMAKE_PREFIX_PATH} /usr/bin/cmake --build /home/emag51/ros2_ws/build/rf2o_laser_odometry -- -j4 -l4
[104.630s] Invoking command in '/home/emag51/ros2_ws/build/rf2o_laser_odometry': CMAKE_PREFIX_PATH=/opt/ros/humble:${CMAKE_PREFIX_PATH} /usr/bin/cmake --install /home/emag51/ros2_ws/build/rf2o_laser_odometry
[104.655s] -- Install configuration: ""
[104.656s] -- Installing: /home/emag51/ros2_ws/install/rf2o_laser_odometry/lib/rf2o_laser_odometry/rf2o_laser_odometry_node
[104.693s] -- Set runtime path of "/home/emag51/ros2_ws/install/rf2o_laser_odometry/lib/rf2o_laser_odometry/rf2o_laser_odometry_node" to ""
[104.694s] -- Installing: /home/emag51/ros2_ws/install/rf2o_laser_odometry/share/rf2o_laser_odometry/launch
[104.694s] -- Installing: /home/emag51/ros2_ws/install/rf2o_laser_odometry/share/rf2o_laser_odometry/launch/rf2o_laser_odometry.launch.py
[104.695s] -- Installing: /home/emag51/ros2_ws/install/rf2o_laser_odometry/share/ament_index/resource_index/package_run_dependencies/rf2o_laser_odometry
[104.695s] -- Installing: /home/emag51/ros2_ws/install/rf2o_laser_odometry/share/ament_index/resource_index/parent_prefix_path/rf2o_laser_odometry
[104.696s] -- Installing: /home/emag51/ros2_ws/install/rf2o_laser_odometry/share/rf2o_laser_odometry/environment/ament_prefix_path.sh
[104.697s] -- Installing: /home/emag51/ros2_ws/install/rf2o_laser_odometry/share/rf2o_laser_odometry/environment/ament_prefix_path.dsv
[104.697s] -- Installing: /home/emag51/ros2_ws/install/rf2o_laser_odometry/share/rf2o_laser_odometry/environment/path.sh
[104.698s] -- Installing: /home/emag51/ros2_ws/install/rf2o_laser_odometry/share/rf2o_laser_odometry/environment/path.dsv
[104.698s] -- Installing: /home/emag51/ros2_ws/install/rf2o_laser_odometry/share/rf2o_laser_odometry/local_setup.bash
[104.699s] -- Installing: /home/emag51/ros2_ws/install/rf2o_laser_odometry/share/rf2o_laser_odometry/local_setup.sh
[104.699s] -- Installing: /home/emag51/ros2_ws/install/rf2o_laser_odometry/share/rf2o_laser_odometry/local_setup.zsh
[104.700s] -- Installing: /home/emag51/ros2_ws/install/rf2o_laser_odometry/share/rf2o_laser_odometry/local_setup.dsv
[104.700s] -- Installing: /home/emag51/ros2_ws/install/rf2o_laser_odometry/share/rf2o_laser_odometry/package.dsv
[104.701s] -- Installing: /home/emag51/ros2_ws/install/rf2o_laser_odometry/share/ament_index/resource_index/packages/rf2o_laser_odometry
[104.702s] -- Installing: /home/emag51/ros2_ws/install/rf2o_laser_odometry/share/rf2o_laser_odometry/cmake/rf2o_laser_odometryConfig.cmake
[104.702s] -- Installing: /home/emag51/ros2_ws/install/rf2o_laser_odometry/share/rf2o_laser_odometry/cmake/rf2o_laser_odometryConfig-version.cmake
[104.703s] -- Installing: /home/emag51/ros2_ws/install/rf2o_laser_odometry/share/rf2o_laser_odometry/package.xml
[104.709s] Invoked command in '/home/emag51/ros2_ws/build/rf2o_laser_odometry' returned '0': CMAKE_PREFIX_PATH=/opt/ros/humble:${CMAKE_PREFIX_PATH} /usr/bin/cmake --install /home/emag51/ros2_ws/build/rf2o_laser_odometry
