[ 50%] [32mBuilding C object CMakeFiles/teleop_listener.dir/src/teleop_listener.c.o[0m
[01m[K/home/emag51/ros2_ws/src/teleop_twist_listener/src/teleop_listener.c:[m[K In function ‘[01m[Kcmd_vel_callback[m[K’:
[01m[K/home/emag51/ros2_ws/src/teleop_twist_listener/src/teleop_listener.c:80:27:[m[K [01;35m[Kwarning: [m[Kimplicit declaration of function ‘[01m[Kfabs[m[K’ [[01;35m[K]8;;https://gcc.gnu.org/onlinedocs/gcc/Warning-Options.html#index-Wimplicit-function-declaration-Wimplicit-function-declaration]8;;[m[K]
   80 |     int right_pwm = (int)([01;35m[Kfabs[m[K(linear_x) * 255 + fabs(angular_z) * 128);
      |                           [01;35m[K^~~~[m[K
[01m[K/home/emag51/ros2_ws/src/teleop_twist_listener/src/teleop_listener.c:12:1:[m[K [01;36m[Knote: [m[Kinclude ‘[01m[K<math.h>[m[K’ or provide a declaration of ‘[01m[Kfabs[m[K’
   11 | #include <geometry_msgs/msg/twist.h>
  +++ |+[32m[K#include <math.h>[m[K
   12 | 
[01m[K/home/emag51/ros2_ws/src/teleop_twist_listener/src/teleop_listener.c:80:27:[m[K [01;35m[Kwarning: [m[Kincompatible implicit declaration of built-in function ‘[01m[Kfabs[m[K’ [[01;35m[K]8;;https://gcc.gnu.org/onlinedocs/gcc/Warning-Options.html#index-Wbuiltin-declaration-mismatch-Wbuiltin-declaration-mismatch]8;;[m[K]
   80 |     int right_pwm = (int)([01;35m[Kfabs[m[K(linear_x) * 255 + fabs(angular_z) * 128);
      |                           [01;35m[K^~~~[m[K
[01m[K/home/emag51/ros2_ws/src/teleop_twist_listener/src/teleop_listener.c:80:27:[m[K [01;36m[Knote: [m[Kinclude ‘[01m[K<math.h>[m[K’ or provide a declaration of ‘[01m[Kfabs[m[K’
[100%] [32m[1mLinking C executable teleop_listener[0m
[100%] Built target teleop_listener
-- Install configuration: ""
-- Installing: /home/emag51/ros2_ws/install/teleop_twist_listener/lib/teleop_twist_listener/teleop_listener
-- Set runtime path of "/home/emag51/ros2_ws/install/teleop_twist_listener/lib/teleop_twist_listener/teleop_listener" to ""
-- Up-to-date: /home/emag51/ros2_ws/install/teleop_twist_listener/share/ament_index/resource_index/package_run_dependencies/teleop_twist_listener
-- Up-to-date: /home/emag51/ros2_ws/install/teleop_twist_listener/share/ament_index/resource_index/parent_prefix_path/teleop_twist_listener
-- Up-to-date: /home/emag51/ros2_ws/install/teleop_twist_listener/share/teleop_twist_listener/environment/ament_prefix_path.sh
-- Up-to-date: /home/emag51/ros2_ws/install/teleop_twist_listener/share/teleop_twist_listener/environment/ament_prefix_path.dsv
-- Up-to-date: /home/emag51/ros2_ws/install/teleop_twist_listener/share/teleop_twist_listener/environment/path.sh
-- Up-to-date: /home/emag51/ros2_ws/install/teleop_twist_listener/share/teleop_twist_listener/environment/path.dsv
-- Up-to-date: /home/emag51/ros2_ws/install/teleop_twist_listener/share/teleop_twist_listener/local_setup.bash
-- Up-to-date: /home/emag51/ros2_ws/install/teleop_twist_listener/share/teleop_twist_listener/local_setup.sh
-- Up-to-date: /home/emag51/ros2_ws/install/teleop_twist_listener/share/teleop_twist_listener/local_setup.zsh
-- Up-to-date: /home/emag51/ros2_ws/install/teleop_twist_listener/share/teleop_twist_listener/local_setup.dsv
-- Up-to-date: /home/emag51/ros2_ws/install/teleop_twist_listener/share/teleop_twist_listener/package.dsv
-- Up-to-date: /home/emag51/ros2_ws/install/teleop_twist_listener/share/ament_index/resource_index/packages/teleop_twist_listener
-- Up-to-date: /home/emag51/ros2_ws/install/teleop_twist_listener/share/teleop_twist_listener/cmake/teleop_twist_listenerConfig.cmake
-- Up-to-date: /home/emag51/ros2_ws/install/teleop_twist_listener/share/teleop_twist_listener/cmake/teleop_twist_listenerConfig-version.cmake
-- Up-to-date: /home/emag51/ros2_ws/install/teleop_twist_listener/share/teleop_twist_listener/package.xml
