[ 50%] [32mBuilding C object CMakeFiles/teleop_listener.dir/src/teleop_listener.c.o[0m
[100%] [32m[1mLinking C executable teleop_listener[0m
[100%] Built target teleop_listener
-- Install configuration: ""
-- Installing: /home/emag51/ros2_ws/install/teleop_twist_listener/lib/teleop_twist_listener/teleop_listener
-- Set runtime path of "/home/emag51/ros2_ws/install/teleop_twist_listener/lib/teleop_twist_listener/teleop_listener" to ""
-- Up-to-date: /home/emag51/ros2_ws/install/teleop_twist_listener/share/ament_index/resource_index/package_run_dependencies/teleop_twist_listener
-- Up-to-date: /home/emag51/ros2_ws/install/teleop_twist_listener/share/ament_index/resource_index/parent_prefix_path/teleop_twist_listener
-- Up-to-date: /home/emag51/ros2_ws/install/teleop_twist_listener/share/teleop_twist_listener/environment/ament_prefix_path.sh
-- Up-to-date: /home/emag51/ros2_ws/install/teleop_twist_listener/share/teleop_twist_listener/environment/ament_prefix_path.dsv
-- Up-to-date: /home/emag51/ros2_ws/install/teleop_twist_listener/share/teleop_twist_listener/environment/path.sh
-- Up-to-date: /home/emag51/ros2_ws/install/teleop_twist_listener/share/teleop_twist_listener/environment/path.dsv
-- Up-to-date: /home/emag51/ros2_ws/install/teleop_twist_listener/share/teleop_twist_listener/local_setup.bash
-- Up-to-date: /home/emag51/ros2_ws/install/teleop_twist_listener/share/teleop_twist_listener/local_setup.sh
-- Up-to-date: /home/emag51/ros2_ws/install/teleop_twist_listener/share/teleop_twist_listener/local_setup.zsh
-- Up-to-date: /home/emag51/ros2_ws/install/teleop_twist_listener/share/teleop_twist_listener/local_setup.dsv
-- Up-to-date: /home/emag51/ros2_ws/install/teleop_twist_listener/share/teleop_twist_listener/package.dsv
-- Up-to-date: /home/emag51/ros2_ws/install/teleop_twist_listener/share/ament_index/resource_index/packages/teleop_twist_listener
-- Up-to-date: /home/emag51/ros2_ws/install/teleop_twist_listener/share/teleop_twist_listener/cmake/teleop_twist_listenerConfig.cmake
-- Up-to-date: /home/emag51/ros2_ws/install/teleop_twist_listener/share/teleop_twist_listener/cmake/teleop_twist_listenerConfig-version.cmake
-- Up-to-date: /home/emag51/ros2_ws/install/teleop_twist_listener/share/teleop_twist_listener/package.xml
