[0.402s] DEBUG:colcon:Command line arguments: ['/usr/bin/colcon', 'build', '--packages-select', 'teleop_twist_listener', '--symlink-install']
[0.403s] DEBUG:colcon:Parsed command line arguments: Namespace(log_base=None, log_level=None, verb_name='build', build_base='build', install_base='install', merge_install=False, symlink_install=True, test_result_base=None, continue_on_error=False, executor='parallel', parallel_workers=4, event_handlers=None, ignore_user_meta=False, metas=['./colcon.meta'], base_paths=['.'], packages_ignore=None, packages_ignore_regex=None, paths=None, packages_up_to=None, packages_up_to_regex=None, packages_above=None, packages_above_and_dependencies=None, packages_above_depth=None, packages_select_by_dep=None, packages_skip_by_dep=None, packages_skip_up_to=None, packages_select_build_failed=False, packages_skip_build_finished=False, packages_select_test_failures=False, packages_skip_test_passed=False, packages_select=['teleop_twist_listener'], packages_skip=None, packages_select_regex=None, packages_skip_regex=None, packages_start=None, packages_end=None, allow_overriding=[], cmake_args=None, cmake_target=None, cmake_target_skip_unavailable=False, cmake_clean_cache=False, cmake_clean_first=False, cmake_force_configure=False, ament_cmake_args=None, catkin_cmake_args=None, catkin_skip_building_tests=False, verb_parser=<colcon_defaults.argument_parser.defaults.DefaultArgumentsDecorator object at 0x79e7488ab640>, verb_extension=<colcon_core.verb.build.BuildVerb object at 0x79e7488aa590>, main=<bound method BuildVerb.main of <colcon_core.verb.build.BuildVerb object at 0x79e7488aa590>>)
[1.047s] Level 1:colcon.colcon_core.package_discovery:discover_packages(colcon_meta) check parameters
[1.048s] Level 1:colcon.colcon_core.package_discovery:discover_packages(recursive) check parameters
[1.048s] Level 1:colcon.colcon_core.package_discovery:discover_packages(ignore) check parameters
[1.048s] Level 1:colcon.colcon_core.package_discovery:discover_packages(path) check parameters
[1.048s] Level 1:colcon.colcon_core.package_discovery:discover_packages(colcon_meta) discover
[1.048s] Level 1:colcon.colcon_core.package_discovery:discover_packages(recursive) discover
[1.049s] INFO:colcon.colcon_core.package_discovery:Crawling recursively for packages in '/home/emag51/ros2_ws'
[1.049s] Level 1:colcon.colcon_core.package_identification:_identify(.) by extensions ['ignore', 'ignore_ament_install']
[1.049s] Level 1:colcon.colcon_core.package_identification:_identify(.) by extension 'ignore'
[1.050s] Level 1:colcon.colcon_core.package_identification:_identify(.) by extension 'ignore_ament_install'
[1.050s] Level 1:colcon.colcon_core.package_identification:_identify(.) by extensions ['colcon_pkg']
[1.050s] Level 1:colcon.colcon_core.package_identification:_identify(.) by extension 'colcon_pkg'
[1.050s] Level 1:colcon.colcon_core.package_identification:_identify(.) by extensions ['colcon_meta']
[1.050s] Level 1:colcon.colcon_core.package_identification:_identify(.) by extension 'colcon_meta'
[1.050s] Level 1:colcon.colcon_core.package_identification:_identify(.) by extensions ['ros']
[1.050s] Level 1:colcon.colcon_core.package_identification:_identify(.) by extension 'ros'
[1.094s] Level 1:colcon.colcon_core.package_identification:_identify(.) by extensions ['cmake', 'python']
[1.094s] Level 1:colcon.colcon_core.package_identification:_identify(.) by extension 'cmake'
[1.094s] Level 1:colcon.colcon_core.package_identification:_identify(.) by extension 'python'
[1.095s] Level 1:colcon.colcon_core.package_identification:_identify(.) by extensions ['python_setup_py']
[1.095s] Level 1:colcon.colcon_core.package_identification:_identify(.) by extension 'python_setup_py'
[1.095s] Level 1:colcon.colcon_core.package_identification:_identify(build) by extensions ['ignore', 'ignore_ament_install']
[1.095s] Level 1:colcon.colcon_core.package_identification:_identify(build) by extension 'ignore'
[1.096s] Level 1:colcon.colcon_core.package_identification:_identify(build) ignored
[1.096s] Level 1:colcon.colcon_core.package_identification:_identify(build-old) by extensions ['ignore', 'ignore_ament_install']
[1.097s] Level 1:colcon.colcon_core.package_identification:_identify(build-old) by extension 'ignore'
[1.097s] Level 1:colcon.colcon_core.package_identification:_identify(build-old) ignored
[1.097s] Level 1:colcon.colcon_core.package_identification:_identify(frames) by extensions ['ignore', 'ignore_ament_install']
[1.097s] Level 1:colcon.colcon_core.package_identification:_identify(frames) by extension 'ignore'
[1.098s] Level 1:colcon.colcon_core.package_identification:_identify(frames) by extension 'ignore_ament_install'
[1.098s] Level 1:colcon.colcon_core.package_identification:_identify(frames) by extensions ['colcon_pkg']
[1.098s] Level 1:colcon.colcon_core.package_identification:_identify(frames) by extension 'colcon_pkg'
[1.098s] Level 1:colcon.colcon_core.package_identification:_identify(frames) by extensions ['colcon_meta']
[1.098s] Level 1:colcon.colcon_core.package_identification:_identify(frames) by extension 'colcon_meta'
[1.099s] Level 1:colcon.colcon_core.package_identification:_identify(frames) by extensions ['ros']
[1.099s] Level 1:colcon.colcon_core.package_identification:_identify(frames) by extension 'ros'
[1.099s] Level 1:colcon.colcon_core.package_identification:_identify(frames) by extensions ['cmake', 'python']
[1.099s] Level 1:colcon.colcon_core.package_identification:_identify(frames) by extension 'cmake'
[1.099s] Level 1:colcon.colcon_core.package_identification:_identify(frames) by extension 'python'
[1.100s] Level 1:colcon.colcon_core.package_identification:_identify(frames) by extensions ['python_setup_py']
[1.100s] Level 1:colcon.colcon_core.package_identification:_identify(frames) by extension 'python_setup_py'
[1.100s] Level 1:colcon.colcon_core.package_identification:_identify(install) by extensions ['ignore', 'ignore_ament_install']
[1.100s] Level 1:colcon.colcon_core.package_identification:_identify(install) by extension 'ignore'
[1.101s] Level 1:colcon.colcon_core.package_identification:_identify(install) ignored
[1.101s] Level 1:colcon.colcon_core.package_identification:_identify(install-old) by extensions ['ignore', 'ignore_ament_install']
[1.101s] Level 1:colcon.colcon_core.package_identification:_identify(install-old) by extension 'ignore'
[1.102s] Level 1:colcon.colcon_core.package_identification:_identify(install-old) ignored
[1.102s] Level 1:colcon.colcon_core.package_identification:_identify(log) by extensions ['ignore', 'ignore_ament_install']
[1.102s] Level 1:colcon.colcon_core.package_identification:_identify(log) by extension 'ignore'
[1.102s] Level 1:colcon.colcon_core.package_identification:_identify(log) ignored
[1.103s] Level 1:colcon.colcon_core.package_identification:_identify(src) by extensions ['ignore', 'ignore_ament_install']
[1.103s] Level 1:colcon.colcon_core.package_identification:_identify(src) by extension 'ignore'
[1.103s] Level 1:colcon.colcon_core.package_identification:_identify(src) by extension 'ignore_ament_install'
[1.103s] Level 1:colcon.colcon_core.package_identification:_identify(src) by extensions ['colcon_pkg']
[1.104s] Level 1:colcon.colcon_core.package_identification:_identify(src) by extension 'colcon_pkg'
[1.104s] Level 1:colcon.colcon_core.package_identification:_identify(src) by extensions ['colcon_meta']
[1.104s] Level 1:colcon.colcon_core.package_identification:_identify(src) by extension 'colcon_meta'
[1.104s] Level 1:colcon.colcon_core.package_identification:_identify(src) by extensions ['ros']
[1.104s] Level 1:colcon.colcon_core.package_identification:_identify(src) by extension 'ros'
[1.105s] Level 1:colcon.colcon_core.package_identification:_identify(src) by extensions ['cmake', 'python']
[1.105s] Level 1:colcon.colcon_core.package_identification:_identify(src) by extension 'cmake'
[1.105s] Level 1:colcon.colcon_core.package_identification:_identify(src) by extension 'python'
[1.105s] Level 1:colcon.colcon_core.package_identification:_identify(src) by extensions ['python_setup_py']
[1.105s] Level 1:colcon.colcon_core.package_identification:_identify(src) by extension 'python_setup_py'
[1.106s] Level 1:colcon.colcon_core.package_identification:_identify(src/my_robot_description) by extensions ['ignore', 'ignore_ament_install']
[1.106s] Level 1:colcon.colcon_core.package_identification:_identify(src/my_robot_description) by extension 'ignore'
[1.106s] Level 1:colcon.colcon_core.package_identification:_identify(src/my_robot_description) by extension 'ignore_ament_install'
[1.106s] Level 1:colcon.colcon_core.package_identification:_identify(src/my_robot_description) by extensions ['colcon_pkg']
[1.106s] Level 1:colcon.colcon_core.package_identification:_identify(src/my_robot_description) by extension 'colcon_pkg'
[1.107s] Level 1:colcon.colcon_core.package_identification:_identify(src/my_robot_description) by extensions ['colcon_meta']
[1.107s] Level 1:colcon.colcon_core.package_identification:_identify(src/my_robot_description) by extension 'colcon_meta'
[1.107s] Level 1:colcon.colcon_core.package_identification:_identify(src/my_robot_description) by extensions ['ros']
[1.107s] Level 1:colcon.colcon_core.package_identification:_identify(src/my_robot_description) by extension 'ros'
[1.115s] DEBUG:colcon.colcon_core.package_identification:Package 'src/my_robot_description' with type 'ros.ament_python' and name 'my_robot_description'
[1.116s] Level 1:colcon.colcon_core.package_identification:_identify(src/rf2o_laser_odometry) by extensions ['ignore', 'ignore_ament_install']
[1.116s] Level 1:colcon.colcon_core.package_identification:_identify(src/rf2o_laser_odometry) by extension 'ignore'
[1.116s] Level 1:colcon.colcon_core.package_identification:_identify(src/rf2o_laser_odometry) by extension 'ignore_ament_install'
[1.117s] Level 1:colcon.colcon_core.package_identification:_identify(src/rf2o_laser_odometry) by extensions ['colcon_pkg']
[1.117s] Level 1:colcon.colcon_core.package_identification:_identify(src/rf2o_laser_odometry) by extension 'colcon_pkg'
[1.117s] Level 1:colcon.colcon_core.package_identification:_identify(src/rf2o_laser_odometry) by extensions ['colcon_meta']
[1.117s] Level 1:colcon.colcon_core.package_identification:_identify(src/rf2o_laser_odometry) by extension 'colcon_meta'
[1.117s] Level 1:colcon.colcon_core.package_identification:_identify(src/rf2o_laser_odometry) by extensions ['ros']
[1.118s] Level 1:colcon.colcon_core.package_identification:_identify(src/rf2o_laser_odometry) by extension 'ros'
[1.122s] DEBUG:colcon.colcon_core.package_identification:Package 'src/rf2o_laser_odometry' with type 'ros.ament_cmake' and name 'rf2o_laser_odometry'
[1.123s] Level 1:colcon.colcon_core.package_identification:_identify(src/robot_control) by extensions ['ignore', 'ignore_ament_install']
[1.123s] Level 1:colcon.colcon_core.package_identification:_identify(src/robot_control) by extension 'ignore'
[1.123s] Level 1:colcon.colcon_core.package_identification:_identify(src/robot_control) by extension 'ignore_ament_install'
[1.123s] Level 1:colcon.colcon_core.package_identification:_identify(src/robot_control) by extensions ['colcon_pkg']
[1.124s] Level 1:colcon.colcon_core.package_identification:_identify(src/robot_control) by extension 'colcon_pkg'
[1.124s] Level 1:colcon.colcon_core.package_identification:_identify(src/robot_control) by extensions ['colcon_meta']
[1.124s] Level 1:colcon.colcon_core.package_identification:_identify(src/robot_control) by extension 'colcon_meta'
[1.124s] Level 1:colcon.colcon_core.package_identification:_identify(src/robot_control) by extensions ['ros']
[1.124s] Level 1:colcon.colcon_core.package_identification:_identify(src/robot_control) by extension 'ros'
[1.127s] DEBUG:colcon.colcon_core.package_identification:Package 'src/robot_control' with type 'ros.catkin' and name 'robot_control'
[1.127s] Level 1:colcon.colcon_core.package_identification:_identify(src/rplidar_launch) by extensions ['ignore', 'ignore_ament_install']
[1.128s] Level 1:colcon.colcon_core.package_identification:_identify(src/rplidar_launch) by extension 'ignore'
[1.128s] Level 1:colcon.colcon_core.package_identification:_identify(src/rplidar_launch) by extension 'ignore_ament_install'
[1.128s] Level 1:colcon.colcon_core.package_identification:_identify(src/rplidar_launch) by extensions ['colcon_pkg']
[1.128s] Level 1:colcon.colcon_core.package_identification:_identify(src/rplidar_launch) by extension 'colcon_pkg'
[1.128s] Level 1:colcon.colcon_core.package_identification:_identify(src/rplidar_launch) by extensions ['colcon_meta']
[1.128s] Level 1:colcon.colcon_core.package_identification:_identify(src/rplidar_launch) by extension 'colcon_meta'
[1.129s] Level 1:colcon.colcon_core.package_identification:_identify(src/rplidar_launch) by extensions ['ros']
[1.129s] Level 1:colcon.colcon_core.package_identification:_identify(src/rplidar_launch) by extension 'ros'
[1.131s] DEBUG:colcon.colcon_core.package_identification:Package 'src/rplidar_launch' with type 'ros.ament_python' and name 'rplidar_launch'
[1.131s] Level 1:colcon.colcon_core.package_identification:_identify(src/slam_toolbox_launch) by extensions ['ignore', 'ignore_ament_install']
[1.132s] Level 1:colcon.colcon_core.package_identification:_identify(src/slam_toolbox_launch) by extension 'ignore'
[1.132s] Level 1:colcon.colcon_core.package_identification:_identify(src/slam_toolbox_launch) by extension 'ignore_ament_install'
[1.132s] Level 1:colcon.colcon_core.package_identification:_identify(src/slam_toolbox_launch) by extensions ['colcon_pkg']
[1.132s] Level 1:colcon.colcon_core.package_identification:_identify(src/slam_toolbox_launch) by extension 'colcon_pkg'
[1.133s] Level 1:colcon.colcon_core.package_identification:_identify(src/slam_toolbox_launch) by extensions ['colcon_meta']
[1.133s] Level 1:colcon.colcon_core.package_identification:_identify(src/slam_toolbox_launch) by extension 'colcon_meta'
[1.133s] Level 1:colcon.colcon_core.package_identification:_identify(src/slam_toolbox_launch) by extensions ['ros']
[1.133s] Level 1:colcon.colcon_core.package_identification:_identify(src/slam_toolbox_launch) by extension 'ros'
[1.135s] DEBUG:colcon.colcon_core.package_identification:Package 'src/slam_toolbox_launch' with type 'ros.ament_python' and name 'slam_toolbox_launch'
[1.135s] Level 1:colcon.colcon_core.package_identification:_identify(src/teleop_twist_listener) by extensions ['ignore', 'ignore_ament_install']
[1.136s] Level 1:colcon.colcon_core.package_identification:_identify(src/teleop_twist_listener) by extension 'ignore'
[1.136s] Level 1:colcon.colcon_core.package_identification:_identify(src/teleop_twist_listener) by extension 'ignore_ament_install'
[1.136s] Level 1:colcon.colcon_core.package_identification:_identify(src/teleop_twist_listener) by extensions ['colcon_pkg']
[1.137s] Level 1:colcon.colcon_core.package_identification:_identify(src/teleop_twist_listener) by extension 'colcon_pkg'
[1.137s] Level 1:colcon.colcon_core.package_identification:_identify(src/teleop_twist_listener) by extensions ['colcon_meta']
[1.137s] Level 1:colcon.colcon_core.package_identification:_identify(src/teleop_twist_listener) by extension 'colcon_meta'
[1.137s] Level 1:colcon.colcon_core.package_identification:_identify(src/teleop_twist_listener) by extensions ['ros']
[1.137s] Level 1:colcon.colcon_core.package_identification:_identify(src/teleop_twist_listener) by extension 'ros'
[1.140s] DEBUG:colcon.colcon_core.package_identification:Package 'src/teleop_twist_listener' with type 'ros.catkin' and name 'teleop_twist_listener'
[1.140s] Level 1:colcon.colcon_core.package_discovery:discover_packages(recursive) using defaults
[1.140s] Level 1:colcon.colcon_core.package_discovery:discover_packages(ignore) discover
[1.140s] Level 1:colcon.colcon_core.package_discovery:discover_packages(ignore) using defaults
[1.140s] Level 1:colcon.colcon_core.package_discovery:discover_packages(path) discover
[1.141s] Level 1:colcon.colcon_core.package_discovery:discover_packages(path) using defaults
[1.219s] INFO:colcon.colcon_core.package_selection:Skipping not selected package 'my_robot_description' in 'src/my_robot_description'
[1.219s] INFO:colcon.colcon_core.package_selection:Skipping not selected package 'rf2o_laser_odometry' in 'src/rf2o_laser_odometry'
[1.219s] INFO:colcon.colcon_core.package_selection:Skipping not selected package 'robot_control' in 'src/robot_control'
[1.220s] INFO:colcon.colcon_core.package_selection:Skipping not selected package 'rplidar_launch' in 'src/rplidar_launch'
[1.220s] INFO:colcon.colcon_core.package_selection:Skipping not selected package 'slam_toolbox_launch' in 'src/slam_toolbox_launch'
[1.221s] Level 1:colcon.colcon_core.package_discovery:discover_packages(prefix_path) check parameters
[1.221s] Level 1:colcon.colcon_core.package_discovery:discover_packages(prefix_path) discover
[1.256s] DEBUG:colcon.colcon_installed_package_information.package_discovery:Found 337 installed packages in /opt/ros/humble
[1.262s] Level 1:colcon.colcon_core.package_discovery:discover_packages(prefix_path) using defaults
[1.431s] Level 5:colcon.colcon_core.verb:set package 'teleop_twist_listener' build argument 'cmake_args' from command line to 'None'
[1.431s] Level 5:colcon.colcon_core.verb:set package 'teleop_twist_listener' build argument 'cmake_target' from command line to 'None'
[1.431s] Level 5:colcon.colcon_core.verb:set package 'teleop_twist_listener' build argument 'cmake_target_skip_unavailable' from command line to 'False'
[1.431s] Level 5:colcon.colcon_core.verb:set package 'teleop_twist_listener' build argument 'cmake_clean_cache' from command line to 'False'
[1.431s] Level 5:colcon.colcon_core.verb:set package 'teleop_twist_listener' build argument 'cmake_clean_first' from command line to 'False'
[1.432s] Level 5:colcon.colcon_core.verb:set package 'teleop_twist_listener' build argument 'cmake_force_configure' from command line to 'False'
[1.432s] Level 5:colcon.colcon_core.verb:set package 'teleop_twist_listener' build argument 'ament_cmake_args' from command line to 'None'
[1.432s] Level 5:colcon.colcon_core.verb:set package 'teleop_twist_listener' build argument 'catkin_cmake_args' from command line to 'None'
[1.432s] Level 5:colcon.colcon_core.verb:set package 'teleop_twist_listener' build argument 'catkin_skip_building_tests' from command line to 'False'
[1.432s] DEBUG:colcon.colcon_core.verb:Building package 'teleop_twist_listener' with the following arguments: {'ament_cmake_args': None, 'build_base': '/home/emag51/ros2_ws/build/teleop_twist_listener', 'catkin_cmake_args': None, 'catkin_skip_building_tests': False, 'cmake_args': None, 'cmake_clean_cache': False, 'cmake_clean_first': False, 'cmake_force_configure': False, 'cmake_target': None, 'cmake_target_skip_unavailable': False, 'install_base': '/home/emag51/ros2_ws/install/teleop_twist_listener', 'merge_install': False, 'path': '/home/emag51/ros2_ws/src/teleop_twist_listener', 'symlink_install': True, 'test_result_base': None}
[1.433s] INFO:colcon.colcon_core.executor:Executing jobs using 'parallel' executor
[1.437s] DEBUG:colcon.colcon_parallel_executor.executor.parallel:run_until_complete
[1.438s] INFO:colcon.colcon_ros.task.catkin.build:Building ROS package in '/home/emag51/ros2_ws/src/teleop_twist_listener' with build type 'catkin'
[1.438s] INFO:colcon.colcon_cmake.task.cmake.build:Building CMake package in '/home/emag51/ros2_ws/src/teleop_twist_listener'
[1.445s] INFO:colcon.colcon_core.plugin_system:Skipping extension 'colcon_core.shell.bat': Not used on non-Windows systems
[1.446s] INFO:colcon.colcon_core.shell:Skip shell extension 'powershell' for command environment: Not usable outside of PowerShell
[1.446s] DEBUG:colcon.colcon_core.shell:Skip shell extension 'dsv' for command environment
[1.526s] DEBUG:colcon.colcon_core.event_handler.log_command:Invoking command in '/home/emag51/ros2_ws/build/teleop_twist_listener': /usr/bin/cmake /home/emag51/ros2_ws/src/teleop_twist_listener -DCATKIN_INSTALL_INTO_PREFIX_ROOT=0 -DCATKIN_SYMLINK_INSTALL=ON -DCMAKE_INSTALL_PREFIX=/home/emag51/ros2_ws/install/teleop_twist_listener
[8.015s] DEBUG:colcon.colcon_core.event_handler.log_command:Invoked command in '/home/emag51/ros2_ws/build/teleop_twist_listener' returned '0': /usr/bin/cmake /home/emag51/ros2_ws/src/teleop_twist_listener -DCATKIN_INSTALL_INTO_PREFIX_ROOT=0 -DCATKIN_SYMLINK_INSTALL=ON -DCMAKE_INSTALL_PREFIX=/home/emag51/ros2_ws/install/teleop_twist_listener
[8.018s] DEBUG:colcon.colcon_core.event_handler.log_command:Invoking command in '/home/emag51/ros2_ws/build/teleop_twist_listener': /usr/bin/cmake --build /home/emag51/ros2_ws/build/teleop_twist_listener -- -j4 -l4
[11.131s] DEBUG:colcon.colcon_core.event_handler.log_command:Invoked command in '/home/emag51/ros2_ws/build/teleop_twist_listener' returned '0': /usr/bin/cmake --build /home/emag51/ros2_ws/build/teleop_twist_listener -- -j4 -l4
[11.171s] DEBUG:colcon.colcon_core.event_handler.log_command:Invoking command in '/home/emag51/ros2_ws/build/teleop_twist_listener': /usr/bin/cmake --install /home/emag51/ros2_ws/build/teleop_twist_listener
[11.212s] Level 1:colcon.colcon_core.shell:create_environment_hook('teleop_twist_listener', 'ros_package_path')
[11.213s] INFO:colcon.colcon_core.shell:Creating environment hook '/home/emag51/ros2_ws/install/teleop_twist_listener/share/teleop_twist_listener/hook/ros_package_path.ps1'
[11.216s] DEBUG:colcon.colcon_core.event_handler.log_command:Invoked command in '/home/emag51/ros2_ws/build/teleop_twist_listener' returned '0': /usr/bin/cmake --install /home/emag51/ros2_ws/build/teleop_twist_listener
[11.217s] INFO:colcon.colcon_core.shell:Creating environment descriptor '/home/emag51/ros2_ws/install/teleop_twist_listener/share/teleop_twist_listener/hook/ros_package_path.dsv'
[11.219s] INFO:colcon.colcon_core.shell:Creating environment hook '/home/emag51/ros2_ws/install/teleop_twist_listener/share/teleop_twist_listener/hook/ros_package_path.sh'
[11.222s] Level 1:colcon.colcon_core.shell:create_environment_hook('teleop_twist_listener', 'pkg_config_path')
[11.222s] INFO:colcon.colcon_core.shell:Creating environment hook '/home/emag51/ros2_ws/install/teleop_twist_listener/share/teleop_twist_listener/hook/pkg_config_path.ps1'
[11.224s] INFO:colcon.colcon_core.shell:Creating environment descriptor '/home/emag51/ros2_ws/install/teleop_twist_listener/share/teleop_twist_listener/hook/pkg_config_path.dsv'
[11.225s] INFO:colcon.colcon_core.shell:Creating environment hook '/home/emag51/ros2_ws/install/teleop_twist_listener/share/teleop_twist_listener/hook/pkg_config_path.sh'
[11.232s] Level 1:colcon.colcon_core.shell:create_environment_hook('teleop_twist_listener', 'pkg_config_path_multiarch')
[11.233s] INFO:colcon.colcon_core.shell:Creating environment hook '/home/emag51/ros2_ws/install/teleop_twist_listener/share/teleop_twist_listener/hook/pkg_config_path_multiarch.ps1'
[11.235s] INFO:colcon.colcon_core.shell:Creating environment descriptor '/home/emag51/ros2_ws/install/teleop_twist_listener/share/teleop_twist_listener/hook/pkg_config_path_multiarch.dsv'
[11.236s] INFO:colcon.colcon_core.shell:Creating environment hook '/home/emag51/ros2_ws/install/teleop_twist_listener/share/teleop_twist_listener/hook/pkg_config_path_multiarch.sh'
[11.240s] Level 1:colcon.colcon_core.environment:create_environment_scripts_only(teleop_twist_listener)
[11.248s] Level 1:colcon.colcon_core.environment:checking '/home/emag51/ros2_ws/install/teleop_twist_listener' for CMake module files
[11.250s] Level 1:colcon.colcon_core.environment:checking '/home/emag51/ros2_ws/install/teleop_twist_listener' for CMake config files
[11.251s] Level 1:colcon.colcon_core.shell:create_environment_hook('teleop_twist_listener', 'cmake_prefix_path')
[11.252s] INFO:colcon.colcon_core.shell:Creating environment hook '/home/emag51/ros2_ws/install/teleop_twist_listener/share/teleop_twist_listener/hook/cmake_prefix_path.ps1'
[11.253s] INFO:colcon.colcon_core.shell:Creating environment descriptor '/home/emag51/ros2_ws/install/teleop_twist_listener/share/teleop_twist_listener/hook/cmake_prefix_path.dsv'
[11.255s] INFO:colcon.colcon_core.shell:Creating environment hook '/home/emag51/ros2_ws/install/teleop_twist_listener/share/teleop_twist_listener/hook/cmake_prefix_path.sh'
[11.257s] Level 1:colcon.colcon_core.environment:checking '/home/emag51/ros2_ws/install/teleop_twist_listener/lib'
[11.258s] Level 1:colcon.colcon_core.environment:checking '/home/emag51/ros2_ws/install/teleop_twist_listener/bin'
[11.258s] Level 1:colcon.colcon_core.environment:checking '/home/emag51/ros2_ws/install/teleop_twist_listener/lib/pkgconfig/teleop_twist_listener.pc'
[11.259s] Level 1:colcon.colcon_core.environment:checking '/home/emag51/ros2_ws/install/teleop_twist_listener/lib/python3.10/site-packages'
[11.260s] Level 1:colcon.colcon_core.environment:checking '/home/emag51/ros2_ws/install/teleop_twist_listener/bin'
[11.261s] INFO:colcon.colcon_core.shell:Creating package script '/home/emag51/ros2_ws/install/teleop_twist_listener/share/teleop_twist_listener/package.ps1'
[11.264s] INFO:colcon.colcon_core.shell:Creating package descriptor '/home/emag51/ros2_ws/install/teleop_twist_listener/share/teleop_twist_listener/package.dsv'
[11.267s] INFO:colcon.colcon_core.shell:Creating package script '/home/emag51/ros2_ws/install/teleop_twist_listener/share/teleop_twist_listener/package.sh'
[11.270s] INFO:colcon.colcon_core.shell:Creating package script '/home/emag51/ros2_ws/install/teleop_twist_listener/share/teleop_twist_listener/package.bash'
[11.273s] INFO:colcon.colcon_core.shell:Creating package script '/home/emag51/ros2_ws/install/teleop_twist_listener/share/teleop_twist_listener/package.zsh'
[11.275s] Level 1:colcon.colcon_core.environment:create_file_with_runtime_dependencies(/home/emag51/ros2_ws/install/teleop_twist_listener/share/colcon-core/packages/teleop_twist_listener)
[11.278s] DEBUG:colcon.colcon_parallel_executor.executor.parallel:closing loop
[11.278s] DEBUG:colcon.colcon_parallel_executor.executor.parallel:loop closed
[11.278s] DEBUG:colcon.colcon_parallel_executor.executor.parallel:run_until_complete finished with '0'
[11.278s] DEBUG:colcon.colcon_core.event_reactor:joining thread
[11.296s] INFO:colcon.colcon_core.plugin_system:Skipping extension 'colcon_notification.desktop_notification.terminal_notifier': Not used on non-Darwin systems
[11.297s] INFO:colcon.colcon_core.plugin_system:Skipping extension 'colcon_notification.desktop_notification.win32': Not used on non-Windows systems
[11.297s] INFO:colcon.colcon_notification.desktop_notification:Sending desktop notification using 'notify2'
[11.337s] DEBUG:colcon.colcon_core.event_reactor:joined thread
[11.338s] INFO:colcon.colcon_core.shell:Creating prefix script '/home/emag51/ros2_ws/install/local_setup.ps1'
[11.342s] INFO:colcon.colcon_core.shell:Creating prefix util module '/home/emag51/ros2_ws/install/_local_setup_util_ps1.py'
[11.348s] INFO:colcon.colcon_core.shell:Creating prefix chain script '/home/emag51/ros2_ws/install/setup.ps1'
[11.353s] INFO:colcon.colcon_core.shell:Creating prefix script '/home/emag51/ros2_ws/install/local_setup.sh'
[11.356s] INFO:colcon.colcon_core.shell:Creating prefix util module '/home/emag51/ros2_ws/install/_local_setup_util_sh.py'
[11.359s] INFO:colcon.colcon_core.shell:Creating prefix chain script '/home/emag51/ros2_ws/install/setup.sh'
[11.365s] INFO:colcon.colcon_core.shell:Creating prefix script '/home/emag51/ros2_ws/install/local_setup.bash'
[11.370s] INFO:colcon.colcon_core.shell:Creating prefix chain script '/home/emag51/ros2_ws/install/setup.bash'
[11.373s] INFO:colcon.colcon_core.shell:Creating prefix script '/home/emag51/ros2_ws/install/local_setup.zsh'
[11.378s] INFO:colcon.colcon_core.shell:Creating prefix chain script '/home/emag51/ros2_ws/install/setup.zsh'
