[4.455s] Invoking command in '/home/emag51/ros2_ws/src/my_robot_description': PYTHONPATH=/home/emag51/ros2_ws/build/my_robot_description/prefix_override:/usr/lib/python3/dist-packages/colcon_core/task/python/colcon_distutils_commands:/home/emag51/ros2_ws/install/my_robot_description/lib/python3.10/site-packages:${PYTHONPATH} /usr/bin/python3 -W ignore:setup.py install is deprecated -W ignore:easy_install command is deprecated setup.py egg_info --egg-base ../../build/my_robot_description build --build-base /home/emag51/ros2_ws/build/my_robot_description/build install --record /home/emag51/ros2_ws/build/my_robot_description/install.log --single-version-externally-managed install_data
[5.473s] running egg_info
[5.485s] creating ../../build/my_robot_description/my_robot_description.egg-info
[5.485s] writing ../../build/my_robot_description/my_robot_description.egg-info/PKG-INFO
[5.486s] writing dependency_links to ../../build/my_robot_description/my_robot_description.egg-info/dependency_links.txt
[5.487s] writing entry points to ../../build/my_robot_description/my_robot_description.egg-info/entry_points.txt
[5.488s] writing requirements to ../../build/my_robot_description/my_robot_description.egg-info/requires.txt
[5.489s] writing top-level names to ../../build/my_robot_description/my_robot_description.egg-info/top_level.txt
[5.490s] writing manifest file '../../build/my_robot_description/my_robot_description.egg-info/SOURCES.txt'
[5.499s] reading manifest file '../../build/my_robot_description/my_robot_description.egg-info/SOURCES.txt'
[5.503s] writing manifest file '../../build/my_robot_description/my_robot_description.egg-info/SOURCES.txt'
[5.503s] running build
[5.504s] running build_py
[5.505s] creating /home/emag51/ros2_ws/build/my_robot_description/build
[5.506s] creating /home/emag51/ros2_ws/build/my_robot_description/build/lib
[5.507s] creating /home/emag51/ros2_ws/build/my_robot_description/build/lib/my_robot_description
[5.509s] copying my_robot_description/__init__.py -> /home/emag51/ros2_ws/build/my_robot_description/build/lib/my_robot_description
[5.511s] running install
[5.512s] running install_lib
[5.520s] creating /home/emag51/ros2_ws/install/my_robot_description/lib/python3.10/site-packages/my_robot_description
[5.520s] copying /home/emag51/ros2_ws/build/my_robot_description/build/lib/my_robot_description/__init__.py -> /home/emag51/ros2_ws/install/my_robot_description/lib/python3.10/site-packages/my_robot_description
[5.522s] byte-compiling /home/emag51/ros2_ws/install/my_robot_description/lib/python3.10/site-packages/my_robot_description/__init__.py to __init__.cpython-310.pyc
[5.524s] running install_data
[5.524s] creating /home/emag51/ros2_ws/install/my_robot_description/share/ament_index
[5.525s] creating /home/emag51/ros2_ws/install/my_robot_description/share/ament_index/resource_index
[5.525s] creating /home/emag51/ros2_ws/install/my_robot_description/share/ament_index/resource_index/packages
[5.526s] copying resource/my_robot_description -> /home/emag51/ros2_ws/install/my_robot_description/share/ament_index/resource_index/packages
[5.527s] copying package.xml -> /home/emag51/ros2_ws/install/my_robot_description/share/my_robot_description
[5.528s] creating /home/emag51/ros2_ws/install/my_robot_description/share/my_robot_description/launch
[5.529s] copying launch/robot_description.launch.py -> /home/emag51/ros2_ws/install/my_robot_description/share/my_robot_description/launch
[5.530s] creating /home/emag51/ros2_ws/install/my_robot_description/share/my_robot_description/urdf
[5.531s] copying urdf/my_robot.urdf -> /home/emag51/ros2_ws/install/my_robot_description/share/my_robot_description/urdf
[5.560s] running install_egg_info
[5.565s] Copying ../../build/my_robot_description/my_robot_description.egg-info to /home/emag51/ros2_ws/install/my_robot_description/lib/python3.10/site-packages/my_robot_description-0.0.0-py3.10.egg-info
[5.569s] running install_scripts
[5.651s] writing list of installed files to '/home/emag51/ros2_ws/build/my_robot_description/install.log'
[5.847s] Invoked command in '/home/emag51/ros2_ws/src/my_robot_description' returned '0': PYTHONPATH=/home/emag51/ros2_ws/build/my_robot_description/prefix_override:/usr/lib/python3/dist-packages/colcon_core/task/python/colcon_distutils_commands:/home/emag51/ros2_ws/install/my_robot_description/lib/python3.10/site-packages:${PYTHONPATH} /usr/bin/python3 -W ignore:setup.py install is deprecated -W ignore:easy_install command is deprecated setup.py egg_info --egg-base ../../build/my_robot_description build --build-base /home/emag51/ros2_ws/build/my_robot_description/build install --record /home/emag51/ros2_ws/build/my_robot_description/install.log --single-version-externally-managed install_data
