running egg_info
creating ../../build/slam_toolbox_launch/slam_toolbox_launch.egg-info
writing ../../build/slam_toolbox_launch/slam_toolbox_launch.egg-info/PKG-INFO
writing dependency_links to ../../build/slam_toolbox_launch/slam_toolbox_launch.egg-info/dependency_links.txt
writing entry points to ../../build/slam_toolbox_launch/slam_toolbox_launch.egg-info/entry_points.txt
writing requirements to ../../build/slam_toolbox_launch/slam_toolbox_launch.egg-info/requires.txt
writing top-level names to ../../build/slam_toolbox_launch/slam_toolbox_launch.egg-info/top_level.txt
writing manifest file '../../build/slam_toolbox_launch/slam_toolbox_launch.egg-info/SOURCES.txt'
reading manifest file '../../build/slam_toolbox_launch/slam_toolbox_launch.egg-info/SOURCES.txt'
writing manifest file '../../build/slam_toolbox_launch/slam_toolbox_launch.egg-info/SOURCES.txt'
running build
running build_py
creating /home/emag51/ros2_ws/build/slam_toolbox_launch/build
creating /home/emag51/ros2_ws/build/slam_toolbox_launch/build/lib
creating /home/emag51/ros2_ws/build/slam_toolbox_launch/build/lib/slam_toolbox_launch
copying slam_toolbox_launch/__init__.py -> /home/emag51/ros2_ws/build/slam_toolbox_launch/build/lib/slam_toolbox_launch
running install
running install_lib
creating /home/emag51/ros2_ws/install/slam_toolbox_launch/lib/python3.10/site-packages/slam_toolbox_launch
copying /home/emag51/ros2_ws/build/slam_toolbox_launch/build/lib/slam_toolbox_launch/__init__.py -> /home/emag51/ros2_ws/install/slam_toolbox_launch/lib/python3.10/site-packages/slam_toolbox_launch
byte-compiling /home/emag51/ros2_ws/install/slam_toolbox_launch/lib/python3.10/site-packages/slam_toolbox_launch/__init__.py to __init__.cpython-310.pyc
running install_data
creating /home/emag51/ros2_ws/install/slam_toolbox_launch/share/ament_index
creating /home/emag51/ros2_ws/install/slam_toolbox_launch/share/ament_index/resource_index
creating /home/emag51/ros2_ws/install/slam_toolbox_launch/share/ament_index/resource_index/packages
copying resource/slam_toolbox_launch -> /home/emag51/ros2_ws/install/slam_toolbox_launch/share/ament_index/resource_index/packages
copying package.xml -> /home/emag51/ros2_ws/install/slam_toolbox_launch/share/slam_toolbox_launch
creating /home/emag51/ros2_ws/install/slam_toolbox_launch/share/slam_toolbox_launch/launch
copying launch/slam_toolbox.py -> /home/emag51/ros2_ws/install/slam_toolbox_launch/share/slam_toolbox_launch/launch
running install_egg_info
Copying ../../build/slam_toolbox_launch/slam_toolbox_launch.egg-info to /home/emag51/ros2_ws/install/slam_toolbox_launch/lib/python3.10/site-packages/slam_toolbox_launch-0.0.0-py3.10.egg-info
running install_scripts
writing list of installed files to '/home/emag51/ros2_ws/build/slam_toolbox_launch/install.log'
