[0.401s] DEBUG:colcon:Command line arguments: ['/usr/bin/colcon', 'build', '--packages-select', 'teleop_twist_listener', '--symlink-install']
[0.402s] DEBUG:colcon:Parsed command line arguments: Namespace(log_base=None, log_level=None, verb_name='build', build_base='build', install_base='install', merge_install=False, symlink_install=True, test_result_base=None, continue_on_error=False, executor='parallel', parallel_workers=4, event_handlers=None, ignore_user_meta=False, metas=['./colcon.meta'], base_paths=['.'], packages_ignore=None, packages_ignore_regex=None, paths=None, packages_up_to=None, packages_up_to_regex=None, packages_above=None, packages_above_and_dependencies=None, packages_above_depth=None, packages_select_by_dep=None, packages_skip_by_dep=None, packages_skip_up_to=None, packages_select_build_failed=False, packages_skip_build_finished=False, packages_select_test_failures=False, packages_skip_test_passed=False, packages_select=['teleop_twist_listener'], packages_skip=None, packages_select_regex=None, packages_skip_regex=None, packages_start=None, packages_end=None, allow_overriding=[], cmake_args=None, cmake_target=None, cmake_target_skip_unavailable=False, cmake_clean_cache=False, cmake_clean_first=False, cmake_force_configure=False, ament_cmake_args=None, catkin_cmake_args=None, catkin_skip_building_tests=False, verb_parser=<colcon_defaults.argument_parser.defaults.DefaultArgumentsDecorator object at 0x7dbea8b43490>, verb_extension=<colcon_core.verb.build.BuildVerb object at 0x7dbea8b423e0>, main=<bound method BuildVerb.main of <colcon_core.verb.build.BuildVerb object at 0x7dbea8b423e0>>)
[1.030s] Level 1:colcon.colcon_core.package_discovery:discover_packages(colcon_meta) check parameters
[1.030s] Level 1:colcon.colcon_core.package_discovery:discover_packages(recursive) check parameters
[1.030s] Level 1:colcon.colcon_core.package_discovery:discover_packages(ignore) check parameters
[1.031s] Level 1:colcon.colcon_core.package_discovery:discover_packages(path) check parameters
[1.031s] Level 1:colcon.colcon_core.package_discovery:discover_packages(colcon_meta) discover
[1.031s] Level 1:colcon.colcon_core.package_discovery:discover_packages(recursive) discover
[1.031s] INFO:colcon.colcon_core.package_discovery:Crawling recursively for packages in '/home/emag51/ros2_ws'
[1.031s] Level 1:colcon.colcon_core.package_identification:_identify(.) by extensions ['ignore', 'ignore_ament_install']
[1.032s] Level 1:colcon.colcon_core.package_identification:_identify(.) by extension 'ignore'
[1.032s] Level 1:colcon.colcon_core.package_identification:_identify(.) by extension 'ignore_ament_install'
[1.032s] Level 1:colcon.colcon_core.package_identification:_identify(.) by extensions ['colcon_pkg']
[1.032s] Level 1:colcon.colcon_core.package_identification:_identify(.) by extension 'colcon_pkg'
[1.032s] Level 1:colcon.colcon_core.package_identification:_identify(.) by extensions ['colcon_meta']
[1.033s] Level 1:colcon.colcon_core.package_identification:_identify(.) by extension 'colcon_meta'
[1.033s] Level 1:colcon.colcon_core.package_identification:_identify(.) by extensions ['ros']
[1.033s] Level 1:colcon.colcon_core.package_identification:_identify(.) by extension 'ros'
[1.075s] Level 1:colcon.colcon_core.package_identification:_identify(.) by extensions ['cmake', 'python']
[1.075s] Level 1:colcon.colcon_core.package_identification:_identify(.) by extension 'cmake'
[1.075s] Level 1:colcon.colcon_core.package_identification:_identify(.) by extension 'python'
[1.076s] Level 1:colcon.colcon_core.package_identification:_identify(.) by extensions ['python_setup_py']
[1.076s] Level 1:colcon.colcon_core.package_identification:_identify(.) by extension 'python_setup_py'
[1.076s] Level 1:colcon.colcon_core.package_identification:_identify(build) by extensions ['ignore', 'ignore_ament_install']
[1.077s] Level 1:colcon.colcon_core.package_identification:_identify(build) by extension 'ignore'
[1.077s] Level 1:colcon.colcon_core.package_identification:_identify(build) ignored
[1.077s] Level 1:colcon.colcon_core.package_identification:_identify(build-old) by extensions ['ignore', 'ignore_ament_install']
[1.077s] Level 1:colcon.colcon_core.package_identification:_identify(build-old) by extension 'ignore'
[1.078s] Level 1:colcon.colcon_core.package_identification:_identify(build-old) ignored
[1.078s] Level 1:colcon.colcon_core.package_identification:_identify(frames) by extensions ['ignore', 'ignore_ament_install']
[1.078s] Level 1:colcon.colcon_core.package_identification:_identify(frames) by extension 'ignore'
[1.079s] Level 1:colcon.colcon_core.package_identification:_identify(frames) by extension 'ignore_ament_install'
[1.079s] Level 1:colcon.colcon_core.package_identification:_identify(frames) by extensions ['colcon_pkg']
[1.079s] Level 1:colcon.colcon_core.package_identification:_identify(frames) by extension 'colcon_pkg'
[1.079s] Level 1:colcon.colcon_core.package_identification:_identify(frames) by extensions ['colcon_meta']
[1.079s] Level 1:colcon.colcon_core.package_identification:_identify(frames) by extension 'colcon_meta'
[1.079s] Level 1:colcon.colcon_core.package_identification:_identify(frames) by extensions ['ros']
[1.079s] Level 1:colcon.colcon_core.package_identification:_identify(frames) by extension 'ros'
[1.080s] Level 1:colcon.colcon_core.package_identification:_identify(frames) by extensions ['cmake', 'python']
[1.080s] Level 1:colcon.colcon_core.package_identification:_identify(frames) by extension 'cmake'
[1.080s] Level 1:colcon.colcon_core.package_identification:_identify(frames) by extension 'python'
[1.080s] Level 1:colcon.colcon_core.package_identification:_identify(frames) by extensions ['python_setup_py']
[1.080s] Level 1:colcon.colcon_core.package_identification:_identify(frames) by extension 'python_setup_py'
[1.081s] Level 1:colcon.colcon_core.package_identification:_identify(install) by extensions ['ignore', 'ignore_ament_install']
[1.081s] Level 1:colcon.colcon_core.package_identification:_identify(install) by extension 'ignore'
[1.081s] Level 1:colcon.colcon_core.package_identification:_identify(install) ignored
[1.082s] Level 1:colcon.colcon_core.package_identification:_identify(install-old) by extensions ['ignore', 'ignore_ament_install']
[1.082s] Level 1:colcon.colcon_core.package_identification:_identify(install-old) by extension 'ignore'
[1.082s] Level 1:colcon.colcon_core.package_identification:_identify(install-old) ignored
[1.082s] Level 1:colcon.colcon_core.package_identification:_identify(log) by extensions ['ignore', 'ignore_ament_install']
[1.083s] Level 1:colcon.colcon_core.package_identification:_identify(log) by extension 'ignore'
[1.083s] Level 1:colcon.colcon_core.package_identification:_identify(log) ignored
[1.083s] Level 1:colcon.colcon_core.package_identification:_identify(src) by extensions ['ignore', 'ignore_ament_install']
[1.083s] Level 1:colcon.colcon_core.package_identification:_identify(src) by extension 'ignore'
[1.084s] Level 1:colcon.colcon_core.package_identification:_identify(src) by extension 'ignore_ament_install'
[1.084s] Level 1:colcon.colcon_core.package_identification:_identify(src) by extensions ['colcon_pkg']
[1.084s] Level 1:colcon.colcon_core.package_identification:_identify(src) by extension 'colcon_pkg'
[1.084s] Level 1:colcon.colcon_core.package_identification:_identify(src) by extensions ['colcon_meta']
[1.084s] Level 1:colcon.colcon_core.package_identification:_identify(src) by extension 'colcon_meta'
[1.084s] Level 1:colcon.colcon_core.package_identification:_identify(src) by extensions ['ros']
[1.085s] Level 1:colcon.colcon_core.package_identification:_identify(src) by extension 'ros'
[1.085s] Level 1:colcon.colcon_core.package_identification:_identify(src) by extensions ['cmake', 'python']
[1.085s] Level 1:colcon.colcon_core.package_identification:_identify(src) by extension 'cmake'
[1.085s] Level 1:colcon.colcon_core.package_identification:_identify(src) by extension 'python'
[1.085s] Level 1:colcon.colcon_core.package_identification:_identify(src) by extensions ['python_setup_py']
[1.085s] Level 1:colcon.colcon_core.package_identification:_identify(src) by extension 'python_setup_py'
[1.086s] Level 1:colcon.colcon_core.package_identification:_identify(src/my_robot_description) by extensions ['ignore', 'ignore_ament_install']
[1.086s] Level 1:colcon.colcon_core.package_identification:_identify(src/my_robot_description) by extension 'ignore'
[1.086s] Level 1:colcon.colcon_core.package_identification:_identify(src/my_robot_description) by extension 'ignore_ament_install'
[1.087s] Level 1:colcon.colcon_core.package_identification:_identify(src/my_robot_description) by extensions ['colcon_pkg']
[1.087s] Level 1:colcon.colcon_core.package_identification:_identify(src/my_robot_description) by extension 'colcon_pkg'
[1.087s] Level 1:colcon.colcon_core.package_identification:_identify(src/my_robot_description) by extensions ['colcon_meta']
[1.087s] Level 1:colcon.colcon_core.package_identification:_identify(src/my_robot_description) by extension 'colcon_meta'
[1.087s] Level 1:colcon.colcon_core.package_identification:_identify(src/my_robot_description) by extensions ['ros']
[1.087s] Level 1:colcon.colcon_core.package_identification:_identify(src/my_robot_description) by extension 'ros'
[1.096s] DEBUG:colcon.colcon_core.package_identification:Package 'src/my_robot_description' with type 'ros.ament_python' and name 'my_robot_description'
[1.096s] Level 1:colcon.colcon_core.package_identification:_identify(src/rf2o_laser_odometry) by extensions ['ignore', 'ignore_ament_install']
[1.097s] Level 1:colcon.colcon_core.package_identification:_identify(src/rf2o_laser_odometry) by extension 'ignore'
[1.097s] Level 1:colcon.colcon_core.package_identification:_identify(src/rf2o_laser_odometry) by extension 'ignore_ament_install'
[1.097s] Level 1:colcon.colcon_core.package_identification:_identify(src/rf2o_laser_odometry) by extensions ['colcon_pkg']
[1.097s] Level 1:colcon.colcon_core.package_identification:_identify(src/rf2o_laser_odometry) by extension 'colcon_pkg'
[1.098s] Level 1:colcon.colcon_core.package_identification:_identify(src/rf2o_laser_odometry) by extensions ['colcon_meta']
[1.098s] Level 1:colcon.colcon_core.package_identification:_identify(src/rf2o_laser_odometry) by extension 'colcon_meta'
[1.098s] Level 1:colcon.colcon_core.package_identification:_identify(src/rf2o_laser_odometry) by extensions ['ros']
[1.098s] Level 1:colcon.colcon_core.package_identification:_identify(src/rf2o_laser_odometry) by extension 'ros'
[1.102s] DEBUG:colcon.colcon_core.package_identification:Package 'src/rf2o_laser_odometry' with type 'ros.ament_cmake' and name 'rf2o_laser_odometry'
[1.103s] Level 1:colcon.colcon_core.package_identification:_identify(src/robot_control) by extensions ['ignore', 'ignore_ament_install']
[1.103s] Level 1:colcon.colcon_core.package_identification:_identify(src/robot_control) by extension 'ignore'
[1.103s] Level 1:colcon.colcon_core.package_identification:_identify(src/robot_control) by extension 'ignore_ament_install'
[1.104s] Level 1:colcon.colcon_core.package_identification:_identify(src/robot_control) by extensions ['colcon_pkg']
[1.104s] Level 1:colcon.colcon_core.package_identification:_identify(src/robot_control) by extension 'colcon_pkg'
[1.104s] Level 1:colcon.colcon_core.package_identification:_identify(src/robot_control) by extensions ['colcon_meta']
[1.104s] Level 1:colcon.colcon_core.package_identification:_identify(src/robot_control) by extension 'colcon_meta'
[1.104s] Level 1:colcon.colcon_core.package_identification:_identify(src/robot_control) by extensions ['ros']
[1.104s] Level 1:colcon.colcon_core.package_identification:_identify(src/robot_control) by extension 'ros'
[1.107s] DEBUG:colcon.colcon_core.package_identification:Package 'src/robot_control' with type 'ros.catkin' and name 'robot_control'
[1.107s] Level 1:colcon.colcon_core.package_identification:_identify(src/rplidar_launch) by extensions ['ignore', 'ignore_ament_install']
[1.108s] Level 1:colcon.colcon_core.package_identification:_identify(src/rplidar_launch) by extension 'ignore'
[1.108s] Level 1:colcon.colcon_core.package_identification:_identify(src/rplidar_launch) by extension 'ignore_ament_install'
[1.108s] Level 1:colcon.colcon_core.package_identification:_identify(src/rplidar_launch) by extensions ['colcon_pkg']
[1.108s] Level 1:colcon.colcon_core.package_identification:_identify(src/rplidar_launch) by extension 'colcon_pkg'
[1.108s] Level 1:colcon.colcon_core.package_identification:_identify(src/rplidar_launch) by extensions ['colcon_meta']
[1.109s] Level 1:colcon.colcon_core.package_identification:_identify(src/rplidar_launch) by extension 'colcon_meta'
[1.109s] Level 1:colcon.colcon_core.package_identification:_identify(src/rplidar_launch) by extensions ['ros']
[1.109s] Level 1:colcon.colcon_core.package_identification:_identify(src/rplidar_launch) by extension 'ros'
[1.111s] DEBUG:colcon.colcon_core.package_identification:Package 'src/rplidar_launch' with type 'ros.ament_python' and name 'rplidar_launch'
[1.111s] Level 1:colcon.colcon_core.package_identification:_identify(src/slam_toolbox_launch) by extensions ['ignore', 'ignore_ament_install']
[1.112s] Level 1:colcon.colcon_core.package_identification:_identify(src/slam_toolbox_launch) by extension 'ignore'
[1.112s] Level 1:colcon.colcon_core.package_identification:_identify(src/slam_toolbox_launch) by extension 'ignore_ament_install'
[1.112s] Level 1:colcon.colcon_core.package_identification:_identify(src/slam_toolbox_launch) by extensions ['colcon_pkg']
[1.113s] Level 1:colcon.colcon_core.package_identification:_identify(src/slam_toolbox_launch) by extension 'colcon_pkg'
[1.113s] Level 1:colcon.colcon_core.package_identification:_identify(src/slam_toolbox_launch) by extensions ['colcon_meta']
[1.113s] Level 1:colcon.colcon_core.package_identification:_identify(src/slam_toolbox_launch) by extension 'colcon_meta'
[1.113s] Level 1:colcon.colcon_core.package_identification:_identify(src/slam_toolbox_launch) by extensions ['ros']
[1.113s] Level 1:colcon.colcon_core.package_identification:_identify(src/slam_toolbox_launch) by extension 'ros'
[1.115s] DEBUG:colcon.colcon_core.package_identification:Package 'src/slam_toolbox_launch' with type 'ros.ament_python' and name 'slam_toolbox_launch'
[1.116s] Level 1:colcon.colcon_core.package_identification:_identify(src/teleop_twist_listener) by extensions ['ignore', 'ignore_ament_install']
[1.116s] Level 1:colcon.colcon_core.package_identification:_identify(src/teleop_twist_listener) by extension 'ignore'
[1.116s] Level 1:colcon.colcon_core.package_identification:_identify(src/teleop_twist_listener) by extension 'ignore_ament_install'
[1.117s] Level 1:colcon.colcon_core.package_identification:_identify(src/teleop_twist_listener) by extensions ['colcon_pkg']
[1.117s] Level 1:colcon.colcon_core.package_identification:_identify(src/teleop_twist_listener) by extension 'colcon_pkg'
[1.117s] Level 1:colcon.colcon_core.package_identification:_identify(src/teleop_twist_listener) by extensions ['colcon_meta']
[1.117s] Level 1:colcon.colcon_core.package_identification:_identify(src/teleop_twist_listener) by extension 'colcon_meta'
[1.117s] Level 1:colcon.colcon_core.package_identification:_identify(src/teleop_twist_listener) by extensions ['ros']
[1.117s] Level 1:colcon.colcon_core.package_identification:_identify(src/teleop_twist_listener) by extension 'ros'
[1.120s] DEBUG:colcon.colcon_core.package_identification:Package 'src/teleop_twist_listener' with type 'ros.catkin' and name 'teleop_twist_listener'
[1.120s] Level 1:colcon.colcon_core.package_discovery:discover_packages(recursive) using defaults
[1.120s] Level 1:colcon.colcon_core.package_discovery:discover_packages(ignore) discover
[1.120s] Level 1:colcon.colcon_core.package_discovery:discover_packages(ignore) using defaults
[1.120s] Level 1:colcon.colcon_core.package_discovery:discover_packages(path) discover
[1.120s] Level 1:colcon.colcon_core.package_discovery:discover_packages(path) using defaults
[1.197s] INFO:colcon.colcon_core.package_selection:Skipping not selected package 'my_robot_description' in 'src/my_robot_description'
[1.197s] INFO:colcon.colcon_core.package_selection:Skipping not selected package 'rf2o_laser_odometry' in 'src/rf2o_laser_odometry'
[1.197s] INFO:colcon.colcon_core.package_selection:Skipping not selected package 'robot_control' in 'src/robot_control'
[1.197s] INFO:colcon.colcon_core.package_selection:Skipping not selected package 'rplidar_launch' in 'src/rplidar_launch'
[1.197s] INFO:colcon.colcon_core.package_selection:Skipping not selected package 'slam_toolbox_launch' in 'src/slam_toolbox_launch'
[1.198s] Level 1:colcon.colcon_core.package_discovery:discover_packages(prefix_path) check parameters
[1.199s] Level 1:colcon.colcon_core.package_discovery:discover_packages(prefix_path) discover
[1.230s] DEBUG:colcon.colcon_installed_package_information.package_discovery:Found 337 installed packages in /opt/ros/humble
[1.236s] Level 1:colcon.colcon_core.package_discovery:discover_packages(prefix_path) using defaults
[1.394s] Level 5:colcon.colcon_core.verb:set package 'teleop_twist_listener' build argument 'cmake_args' from command line to 'None'
[1.394s] Level 5:colcon.colcon_core.verb:set package 'teleop_twist_listener' build argument 'cmake_target' from command line to 'None'
[1.395s] Level 5:colcon.colcon_core.verb:set package 'teleop_twist_listener' build argument 'cmake_target_skip_unavailable' from command line to 'False'
[1.395s] Level 5:colcon.colcon_core.verb:set package 'teleop_twist_listener' build argument 'cmake_clean_cache' from command line to 'False'
[1.395s] Level 5:colcon.colcon_core.verb:set package 'teleop_twist_listener' build argument 'cmake_clean_first' from command line to 'False'
[1.395s] Level 5:colcon.colcon_core.verb:set package 'teleop_twist_listener' build argument 'cmake_force_configure' from command line to 'False'
[1.395s] Level 5:colcon.colcon_core.verb:set package 'teleop_twist_listener' build argument 'ament_cmake_args' from command line to 'None'
[1.395s] Level 5:colcon.colcon_core.verb:set package 'teleop_twist_listener' build argument 'catkin_cmake_args' from command line to 'None'
[1.395s] Level 5:colcon.colcon_core.verb:set package 'teleop_twist_listener' build argument 'catkin_skip_building_tests' from command line to 'False'
[1.395s] DEBUG:colcon.colcon_core.verb:Building package 'teleop_twist_listener' with the following arguments: {'ament_cmake_args': None, 'build_base': '/home/emag51/ros2_ws/build/teleop_twist_listener', 'catkin_cmake_args': None, 'catkin_skip_building_tests': False, 'cmake_args': None, 'cmake_clean_cache': False, 'cmake_clean_first': False, 'cmake_force_configure': False, 'cmake_target': None, 'cmake_target_skip_unavailable': False, 'install_base': '/home/emag51/ros2_ws/install/teleop_twist_listener', 'merge_install': False, 'path': '/home/emag51/ros2_ws/src/teleop_twist_listener', 'symlink_install': True, 'test_result_base': None}
[1.396s] INFO:colcon.colcon_core.executor:Executing jobs using 'parallel' executor
[1.398s] DEBUG:colcon.colcon_parallel_executor.executor.parallel:run_until_complete
[1.399s] INFO:colcon.colcon_ros.task.catkin.build:Building ROS package in '/home/emag51/ros2_ws/src/teleop_twist_listener' with build type 'catkin'
[1.399s] INFO:colcon.colcon_cmake.task.cmake.build:Building CMake package in '/home/emag51/ros2_ws/src/teleop_twist_listener'
[1.407s] INFO:colcon.colcon_core.plugin_system:Skipping extension 'colcon_core.shell.bat': Not used on non-Windows systems
[1.408s] INFO:colcon.colcon_core.shell:Skip shell extension 'powershell' for command environment: Not usable outside of PowerShell
[1.408s] DEBUG:colcon.colcon_core.shell:Skip shell extension 'dsv' for command environment
[1.534s] DEBUG:colcon.colcon_core.event_handler.log_command:Invoking command in '/home/emag51/ros2_ws/build/teleop_twist_listener': /usr/bin/cmake --build /home/emag51/ros2_ws/build/teleop_twist_listener -- -j4 -l4
[5.545s] DEBUG:colcon.colcon_core.event_handler.log_command:Invoked command in '/home/emag51/ros2_ws/build/teleop_twist_listener' returned '0': /usr/bin/cmake --build /home/emag51/ros2_ws/build/teleop_twist_listener -- -j4 -l4
[5.613s] DEBUG:colcon.colcon_core.event_handler.log_command:Invoking command in '/home/emag51/ros2_ws/build/teleop_twist_listener': /usr/bin/cmake --install /home/emag51/ros2_ws/build/teleop_twist_listener
[5.690s] DEBUG:colcon.colcon_core.event_handler.log_command:Invoked command in '/home/emag51/ros2_ws/build/teleop_twist_listener' returned '0': /usr/bin/cmake --install /home/emag51/ros2_ws/build/teleop_twist_listener
[5.691s] Level 1:colcon.colcon_core.shell:create_environment_hook('teleop_twist_listener', 'ros_package_path')
[5.692s] INFO:colcon.colcon_core.shell:Creating environment hook '/home/emag51/ros2_ws/install/teleop_twist_listener/share/teleop_twist_listener/hook/ros_package_path.ps1'
[5.711s] INFO:colcon.colcon_core.shell:Creating environment descriptor '/home/emag51/ros2_ws/install/teleop_twist_listener/share/teleop_twist_listener/hook/ros_package_path.dsv'
[5.737s] INFO:colcon.colcon_core.shell:Creating environment hook '/home/emag51/ros2_ws/install/teleop_twist_listener/share/teleop_twist_listener/hook/ros_package_path.sh'
[5.742s] Level 1:colcon.colcon_core.shell:create_environment_hook('teleop_twist_listener', 'pkg_config_path')
[5.745s] INFO:colcon.colcon_core.shell:Creating environment hook '/home/emag51/ros2_ws/install/teleop_twist_listener/share/teleop_twist_listener/hook/pkg_config_path.ps1'
[5.748s] INFO:colcon.colcon_core.shell:Creating environment descriptor '/home/emag51/ros2_ws/install/teleop_twist_listener/share/teleop_twist_listener/hook/pkg_config_path.dsv'
[5.749s] INFO:colcon.colcon_core.shell:Creating environment hook '/home/emag51/ros2_ws/install/teleop_twist_listener/share/teleop_twist_listener/hook/pkg_config_path.sh'
[5.755s] Level 1:colcon.colcon_core.shell:create_environment_hook('teleop_twist_listener', 'pkg_config_path_multiarch')
[5.756s] INFO:colcon.colcon_core.shell:Creating environment hook '/home/emag51/ros2_ws/install/teleop_twist_listener/share/teleop_twist_listener/hook/pkg_config_path_multiarch.ps1'
[5.758s] INFO:colcon.colcon_core.shell:Creating environment descriptor '/home/emag51/ros2_ws/install/teleop_twist_listener/share/teleop_twist_listener/hook/pkg_config_path_multiarch.dsv'
[5.760s] INFO:colcon.colcon_core.shell:Creating environment hook '/home/emag51/ros2_ws/install/teleop_twist_listener/share/teleop_twist_listener/hook/pkg_config_path_multiarch.sh'
[5.763s] Level 1:colcon.colcon_core.environment:create_environment_scripts_only(teleop_twist_listener)
[5.883s] Level 1:colcon.colcon_core.environment:checking '/home/emag51/ros2_ws/install/teleop_twist_listener' for CMake module files
[5.884s] Level 1:colcon.colcon_core.environment:checking '/home/emag51/ros2_ws/install/teleop_twist_listener' for CMake config files
[5.886s] Level 1:colcon.colcon_core.shell:create_environment_hook('teleop_twist_listener', 'cmake_prefix_path')
[5.887s] INFO:colcon.colcon_core.shell:Creating environment hook '/home/emag51/ros2_ws/install/teleop_twist_listener/share/teleop_twist_listener/hook/cmake_prefix_path.ps1'
[5.891s] INFO:colcon.colcon_core.shell:Creating environment descriptor '/home/emag51/ros2_ws/install/teleop_twist_listener/share/teleop_twist_listener/hook/cmake_prefix_path.dsv'
[5.893s] INFO:colcon.colcon_core.shell:Creating environment hook '/home/emag51/ros2_ws/install/teleop_twist_listener/share/teleop_twist_listener/hook/cmake_prefix_path.sh'
[5.895s] Level 1:colcon.colcon_core.environment:checking '/home/emag51/ros2_ws/install/teleop_twist_listener/lib'
[5.896s] Level 1:colcon.colcon_core.environment:checking '/home/emag51/ros2_ws/install/teleop_twist_listener/bin'
[5.897s] Level 1:colcon.colcon_core.environment:checking '/home/emag51/ros2_ws/install/teleop_twist_listener/lib/pkgconfig/teleop_twist_listener.pc'
[5.898s] Level 1:colcon.colcon_core.environment:checking '/home/emag51/ros2_ws/install/teleop_twist_listener/lib/python3.10/site-packages'
[5.898s] Level 1:colcon.colcon_core.environment:checking '/home/emag51/ros2_ws/install/teleop_twist_listener/bin'
[5.900s] INFO:colcon.colcon_core.shell:Creating package script '/home/emag51/ros2_ws/install/teleop_twist_listener/share/teleop_twist_listener/package.ps1'
[5.923s] INFO:colcon.colcon_core.shell:Creating package descriptor '/home/emag51/ros2_ws/install/teleop_twist_listener/share/teleop_twist_listener/package.dsv'
[5.950s] INFO:colcon.colcon_core.shell:Creating package script '/home/emag51/ros2_ws/install/teleop_twist_listener/share/teleop_twist_listener/package.sh'
[5.957s] INFO:colcon.colcon_core.shell:Creating package script '/home/emag51/ros2_ws/install/teleop_twist_listener/share/teleop_twist_listener/package.bash'
[5.981s] INFO:colcon.colcon_core.shell:Creating package script '/home/emag51/ros2_ws/install/teleop_twist_listener/share/teleop_twist_listener/package.zsh'
[5.984s] Level 1:colcon.colcon_core.environment:create_file_with_runtime_dependencies(/home/emag51/ros2_ws/install/teleop_twist_listener/share/colcon-core/packages/teleop_twist_listener)
[5.987s] DEBUG:colcon.colcon_parallel_executor.executor.parallel:closing loop
[5.987s] DEBUG:colcon.colcon_parallel_executor.executor.parallel:loop closed
[5.987s] DEBUG:colcon.colcon_parallel_executor.executor.parallel:run_until_complete finished with '0'
[5.989s] DEBUG:colcon.colcon_core.event_reactor:joining thread
[6.011s] INFO:colcon.colcon_core.plugin_system:Skipping extension 'colcon_notification.desktop_notification.terminal_notifier': Not used on non-Darwin systems
[6.011s] INFO:colcon.colcon_core.plugin_system:Skipping extension 'colcon_notification.desktop_notification.win32': Not used on non-Windows systems
[6.011s] INFO:colcon.colcon_notification.desktop_notification:Sending desktop notification using 'notify2'
[6.055s] DEBUG:colcon.colcon_core.event_reactor:joined thread
[6.056s] INFO:colcon.colcon_core.shell:Creating prefix script '/home/emag51/ros2_ws/install/local_setup.ps1'
[6.060s] INFO:colcon.colcon_core.shell:Creating prefix util module '/home/emag51/ros2_ws/install/_local_setup_util_ps1.py'
[6.067s] INFO:colcon.colcon_core.shell:Creating prefix chain script '/home/emag51/ros2_ws/install/setup.ps1'
[6.071s] INFO:colcon.colcon_core.shell:Creating prefix script '/home/emag51/ros2_ws/install/local_setup.sh'
[6.076s] INFO:colcon.colcon_core.shell:Creating prefix util module '/home/emag51/ros2_ws/install/_local_setup_util_sh.py'
[6.078s] INFO:colcon.colcon_core.shell:Creating prefix chain script '/home/emag51/ros2_ws/install/setup.sh'
[6.081s] INFO:colcon.colcon_core.shell:Creating prefix script '/home/emag51/ros2_ws/install/local_setup.bash'
[6.084s] INFO:colcon.colcon_core.shell:Creating prefix chain script '/home/emag51/ros2_ws/install/setup.bash'
[6.087s] INFO:colcon.colcon_core.shell:Creating prefix script '/home/emag51/ros2_ws/install/local_setup.zsh'
[6.089s] INFO:colcon.colcon_core.shell:Creating prefix chain script '/home/emag51/ros2_ws/install/setup.zsh'
