[1.213s] Invoking command in '/home/emag51/ros2_ws/build/robot_control': /usr/bin/cmake /home/emag51/ros2_ws/src/robot_control -DCATKIN_INSTALL_INTO_PREFIX_ROOT=0 -DCMAKE_INSTALL_PREFIX=/home/emag51/ros2_ws/install/robot_control
[2.304s] -- The C compiler identification is GNU 11.4.0
[3.594s] -- The CXX compiler identification is GNU 11.4.0
[3.800s] -- Detecting C compiler ABI info
[4.291s] -- Detecting C compiler ABI info - done
[4.354s] -- Check for working C compiler: /usr/bin/cc - skipped
[4.373s] -- Detecting C compile features
[4.393s] -- Detecting C compile features - done
[4.437s] -- Detecting CXX compiler ABI info
[5.049s] -- Detecting CXX compiler ABI info - done
[5.082s] -- Check for working CXX compiler: /usr/bin/c++ - skipped
[5.084s] -- Detecting CXX compile features
[5.087s] -- Detecting CXX compile features - done
[5.101s] -- Found ament_cmake: 1.3.11 (/opt/ros/humble/share/ament_cmake/cmake)
[5.958s] -- Found Python3: /usr/bin/python3 (found version "3.10.12") found components: Interpreter 
[6.684s] -- Found rcl: 5.3.9 (/opt/ros/humble/share/rcl/cmake)
[7.176s] -- Found rosidl_generator_c: 3.1.6 (/opt/ros/humble/share/rosidl_generator_c/cmake)
[7.277s] -- Found rosidl_adapter: 3.1.6 (/opt/ros/humble/share/rosidl_adapter/cmake)
[7.373s] -- Found rosidl_generator_cpp: 3.1.6 (/opt/ros/humble/share/rosidl_generator_cpp/cmake)
[7.573s] -- Using all available rosidl_typesupport_c: rosidl_typesupport_fastrtps_c;rosidl_typesupport_introspection_c
[7.752s] -- Using all available rosidl_typesupport_cpp: rosidl_typesupport_fastrtps_cpp;rosidl_typesupport_introspection_cpp
[8.269s] -- Found rmw_implementation_cmake: 6.1.2 (/opt/ros/humble/share/rmw_implementation_cmake/cmake)
[8.288s] -- Found rmw_fastrtps_cpp: 6.2.7 (/opt/ros/humble/share/rmw_fastrtps_cpp/cmake)
[9.103s] -- Found OpenSSL: /usr/lib/x86_64-linux-gnu/libcrypto.so (found version "3.0.2")  
[9.222s] -- Found FastRTPS: /opt/ros/humble/include  
[9.448s] -- Using RMW implementation 'rmw_fastrtps_cpp' as default
[9.554s] -- Looking for pthread.h
[10.377s] -- Looking for pthread.h - found
[10.377s] -- Performing Test CMAKE_HAVE_LIBC_PTHREAD
[10.687s] -- Performing Test CMAKE_HAVE_LIBC_PTHREAD - Success
[10.692s] -- Found Threads: TRUE  
[10.715s] -- Found rclc: 4.0.2 (/opt/ros/humble/share/rclc/cmake)
[10.864s] -- Found geometry_msgs: 4.2.4 (/opt/ros/humble/share/geometry_msgs/cmake)
[11.263s] -- Configuring done
[11.343s] -- Generating done
[11.344s] [33mCMake Warning:
[11.347s]   Manually-specified variables were not used by the project:
[11.350s] 
[11.351s]     CATKIN_INSTALL_INTO_PREFIX_ROOT
[11.351s] 
[11.352s] [0m
[11.370s] -- Build files have been written to: /home/emag51/ros2_ws/build/robot_control
[11.418s] Invoked command in '/home/emag51/ros2_ws/build/robot_control' returned '0': /usr/bin/cmake /home/emag51/ros2_ws/src/robot_control -DCATKIN_INSTALL_INTO_PREFIX_ROOT=0 -DCMAKE_INSTALL_PREFIX=/home/emag51/ros2_ws/install/robot_control
[11.425s] Invoking command in '/home/emag51/ros2_ws/build/robot_control': /usr/bin/cmake --build /home/emag51/ros2_ws/build/robot_control -- -j4 -l4
[11.668s] [ 50%] [32mBuilding C object CMakeFiles/robot_control.dir/src/robot_control.c.o[0m
[13.476s] [01m[K/home/emag51/ros2_ws/src/robot_control/src/robot_control.c:[m[K In function ‘[01m[Kcmd_vel_callback[m[K’:
[13.479s] [01m[K/home/emag51/ros2_ws/src/robot_control/src/robot_control.c:130:27:[m[K [01;35m[Kwarning: [m[Kimplicit declaration of function ‘[01m[Kfabs[m[K’ [[01;35m[K]8;;https://gcc.gnu.org/onlinedocs/gcc/Warning-Options.html#index-Wimplicit-function-declaration-Wimplicit-function-declaration]8;;[m[K]
[13.480s]   130 |     int right_pwm = (int)([01;35m[Kfabs[m[K(linear_x) * 255 + fabs(angular_z) * 128);
[13.480s]       |                           [01;35m[K^~~~[m[K
[13.488s] [01m[K/home/emag51/ros2_ws/src/robot_control/src/robot_control.c:13:1:[m[K [01;36m[Knote: [m[Kinclude ‘[01m[K<math.h>[m[K’ or provide a declaration of ‘[01m[Kfabs[m[K’
[13.488s]    12 | #include <geometry_msgs/msg/twist.h>
[13.489s]   +++ |+[32m[K#include <math.h>[m[K
[13.489s]    13 | 
[13.489s] [01m[K/home/emag51/ros2_ws/src/robot_control/src/robot_control.c:130:27:[m[K [01;35m[Kwarning: [m[Kincompatible implicit declaration of built-in function ‘[01m[Kfabs[m[K’ [[01;35m[K]8;;https://gcc.gnu.org/onlinedocs/gcc/Warning-Options.html#index-Wbuiltin-declaration-mismatch-Wbuiltin-declaration-mismatch]8;;[m[K]
[13.491s]   130 |     int right_pwm = (int)([01;35m[Kfabs[m[K(linear_x) * 255 + fabs(angular_z) * 128);
[13.491s]       |                           [01;35m[K^~~~[m[K
[13.491s] [01m[K/home/emag51/ros2_ws/src/robot_control/src/robot_control.c:130:27:[m[K [01;36m[Knote: [m[Kinclude ‘[01m[K<math.h>[m[K’ or provide a declaration of ‘[01m[Kfabs[m[K’
[13.738s] [100%] [32m[1mLinking C executable robot_control[0m
[14.771s] [100%] Built target robot_control
[14.818s] Invoked command in '/home/emag51/ros2_ws/build/robot_control' returned '0': /usr/bin/cmake --build /home/emag51/ros2_ws/build/robot_control -- -j4 -l4
[14.824s] Invoking command in '/home/emag51/ros2_ws/build/robot_control': /usr/bin/cmake --install /home/emag51/ros2_ws/build/robot_control
[14.849s] -- Install configuration: ""
[14.855s] -- Installing: /home/emag51/ros2_ws/install/robot_control/lib/robot_control/robot_control
[14.856s] -- Set runtime path of "/home/emag51/ros2_ws/install/robot_control/lib/robot_control/robot_control" to ""
[14.858s] -- Installing: /home/emag51/ros2_ws/install/robot_control/share/ament_index/resource_index/package_run_dependencies/robot_control
[14.858s] -- Installing: /home/emag51/ros2_ws/install/robot_control/share/ament_index/resource_index/parent_prefix_path/robot_control
[14.860s] -- Installing: /home/emag51/ros2_ws/install/robot_control/share/robot_control/environment/ament_prefix_path.sh
[14.860s] -- Installing: /home/emag51/ros2_ws/install/robot_control/share/robot_control/environment/ament_prefix_path.dsv
[14.864s] -- Installing: /home/emag51/ros2_ws/install/robot_control/share/robot_control/environment/path.sh
[14.864s] -- Installing: /home/emag51/ros2_ws/install/robot_control/share/robot_control/environment/path.dsv
[14.864s] -- Installing: /home/emag51/ros2_ws/install/robot_control/share/robot_control/local_setup.bash
[14.865s] -- Installing: /home/emag51/ros2_ws/install/robot_control/share/robot_control/local_setup.sh
[14.865s] -- Installing: /home/emag51/ros2_ws/install/robot_control/share/robot_control/local_setup.zsh
[14.865s] -- Installing: /home/emag51/ros2_ws/install/robot_control/share/robot_control/local_setup.dsv
[14.865s] -- Installing: /home/emag51/ros2_ws/install/robot_control/share/robot_control/package.dsv
[14.866s] -- Installing: /home/emag51/ros2_ws/install/robot_control/share/ament_index/resource_index/packages/robot_control
[14.866s] -- Installing: /home/emag51/ros2_ws/install/robot_control/share/robot_control/cmake/robot_controlConfig.cmake
[14.866s] -- Installing: /home/emag51/ros2_ws/install/robot_control/share/robot_control/cmake/robot_controlConfig-version.cmake
[14.866s] -- Installing: /home/emag51/ros2_ws/install/robot_control/share/robot_control/package.xml
[14.870s] Invoked command in '/home/emag51/ros2_ws/build/robot_control' returned '0': /usr/bin/cmake --install /home/emag51/ros2_ws/build/robot_control
