[0.608s] DEBUG:colcon:Command line arguments: ['/usr/bin/colcon', 'build', '--packages-select', 'slam_toolbox_launch']
[0.609s] DEBUG:colcon:Parsed command line arguments: Namespace(log_base=None, log_level=None, verb_name='build', build_base='build', install_base='install', merge_install=False, symlink_install=False, test_result_base=None, continue_on_error=False, executor='parallel', parallel_workers=4, event_handlers=None, ignore_user_meta=False, metas=['./colcon.meta'], base_paths=['.'], packages_ignore=None, packages_ignore_regex=None, paths=None, packages_up_to=None, packages_up_to_regex=None, packages_above=None, packages_above_and_dependencies=None, packages_above_depth=None, packages_select_by_dep=None, packages_skip_by_dep=None, packages_skip_up_to=None, packages_select_build_failed=False, packages_skip_build_finished=False, packages_select_test_failures=False, packages_skip_test_passed=False, packages_select=['slam_toolbox_launch'], packages_skip=None, packages_select_regex=None, packages_skip_regex=None, packages_start=None, packages_end=None, allow_overriding=[], cmake_args=None, cmake_target=None, cmake_target_skip_unavailable=False, cmake_clean_cache=False, cmake_clean_first=False, cmake_force_configure=False, ament_cmake_args=None, catkin_cmake_args=None, catkin_skip_building_tests=False, verb_parser=<colcon_defaults.argument_parser.defaults.DefaultArgumentsDecorator object at 0x7c72b5968340>, verb_extension=<colcon_core.verb.build.BuildVerb object at 0x7c72b593b250>, main=<bound method BuildVerb.main of <colcon_core.verb.build.BuildVerb object at 0x7c72b593b250>>)
[5.440s] Level 1:colcon.colcon_core.package_discovery:discover_packages(colcon_meta) check parameters
[5.441s] Level 1:colcon.colcon_core.package_discovery:discover_packages(recursive) check parameters
[5.441s] Level 1:colcon.colcon_core.package_discovery:discover_packages(ignore) check parameters
[5.441s] Level 1:colcon.colcon_core.package_discovery:discover_packages(path) check parameters
[5.441s] Level 1:colcon.colcon_core.package_discovery:discover_packages(colcon_meta) discover
[5.441s] Level 1:colcon.colcon_core.package_discovery:discover_packages(recursive) discover
[5.441s] INFO:colcon.colcon_core.package_discovery:Crawling recursively for packages in '/home/emag51/ros2_ws'
[5.442s] Level 1:colcon.colcon_core.package_identification:_identify(.) by extensions ['ignore', 'ignore_ament_install']
[5.442s] Level 1:colcon.colcon_core.package_identification:_identify(.) by extension 'ignore'
[5.443s] Level 1:colcon.colcon_core.package_identification:_identify(.) by extension 'ignore_ament_install'
[5.443s] Level 1:colcon.colcon_core.package_identification:_identify(.) by extensions ['colcon_pkg']
[5.443s] Level 1:colcon.colcon_core.package_identification:_identify(.) by extension 'colcon_pkg'
[5.443s] Level 1:colcon.colcon_core.package_identification:_identify(.) by extensions ['colcon_meta']
[5.443s] Level 1:colcon.colcon_core.package_identification:_identify(.) by extension 'colcon_meta'
[5.444s] Level 1:colcon.colcon_core.package_identification:_identify(.) by extensions ['ros']
[5.444s] Level 1:colcon.colcon_core.package_identification:_identify(.) by extension 'ros'
[5.528s] Level 1:colcon.colcon_core.package_identification:_identify(.) by extensions ['cmake', 'python']
[5.529s] Level 1:colcon.colcon_core.package_identification:_identify(.) by extension 'cmake'
[5.529s] Level 1:colcon.colcon_core.package_identification:_identify(.) by extension 'python'
[5.529s] Level 1:colcon.colcon_core.package_identification:_identify(.) by extensions ['python_setup_py']
[5.529s] Level 1:colcon.colcon_core.package_identification:_identify(.) by extension 'python_setup_py'
[5.530s] Level 1:colcon.colcon_core.package_identification:_identify(build) by extensions ['ignore', 'ignore_ament_install']
[5.530s] Level 1:colcon.colcon_core.package_identification:_identify(build) by extension 'ignore'
[5.530s] Level 1:colcon.colcon_core.package_identification:_identify(build) ignored
[5.531s] Level 1:colcon.colcon_core.package_identification:_identify(build-old) by extensions ['ignore', 'ignore_ament_install']
[5.532s] Level 1:colcon.colcon_core.package_identification:_identify(build-old) by extension 'ignore'
[5.532s] Level 1:colcon.colcon_core.package_identification:_identify(build-old) ignored
[5.533s] Level 1:colcon.colcon_core.package_identification:_identify(frames) by extensions ['ignore', 'ignore_ament_install']
[5.533s] Level 1:colcon.colcon_core.package_identification:_identify(frames) by extension 'ignore'
[5.534s] Level 1:colcon.colcon_core.package_identification:_identify(frames) by extension 'ignore_ament_install'
[5.534s] Level 1:colcon.colcon_core.package_identification:_identify(frames) by extensions ['colcon_pkg']
[5.534s] Level 1:colcon.colcon_core.package_identification:_identify(frames) by extension 'colcon_pkg'
[5.535s] Level 1:colcon.colcon_core.package_identification:_identify(frames) by extensions ['colcon_meta']
[5.535s] Level 1:colcon.colcon_core.package_identification:_identify(frames) by extension 'colcon_meta'
[5.535s] Level 1:colcon.colcon_core.package_identification:_identify(frames) by extensions ['ros']
[5.535s] Level 1:colcon.colcon_core.package_identification:_identify(frames) by extension 'ros'
[5.536s] Level 1:colcon.colcon_core.package_identification:_identify(frames) by extensions ['cmake', 'python']
[5.536s] Level 1:colcon.colcon_core.package_identification:_identify(frames) by extension 'cmake'
[5.536s] Level 1:colcon.colcon_core.package_identification:_identify(frames) by extension 'python'
[5.536s] Level 1:colcon.colcon_core.package_identification:_identify(frames) by extensions ['python_setup_py']
[5.536s] Level 1:colcon.colcon_core.package_identification:_identify(frames) by extension 'python_setup_py'
[5.537s] Level 1:colcon.colcon_core.package_identification:_identify(install) by extensions ['ignore', 'ignore_ament_install']
[5.537s] Level 1:colcon.colcon_core.package_identification:_identify(install) by extension 'ignore'
[5.537s] Level 1:colcon.colcon_core.package_identification:_identify(install) ignored
[5.538s] Level 1:colcon.colcon_core.package_identification:_identify(install-old) by extensions ['ignore', 'ignore_ament_install']
[5.538s] Level 1:colcon.colcon_core.package_identification:_identify(install-old) by extension 'ignore'
[5.539s] Level 1:colcon.colcon_core.package_identification:_identify(install-old) ignored
[5.540s] Level 1:colcon.colcon_core.package_identification:_identify(log) by extensions ['ignore', 'ignore_ament_install']
[5.540s] Level 1:colcon.colcon_core.package_identification:_identify(log) by extension 'ignore'
[5.541s] Level 1:colcon.colcon_core.package_identification:_identify(log) ignored
[5.541s] Level 1:colcon.colcon_core.package_identification:_identify(src) by extensions ['ignore', 'ignore_ament_install']
[5.541s] Level 1:colcon.colcon_core.package_identification:_identify(src) by extension 'ignore'
[5.542s] Level 1:colcon.colcon_core.package_identification:_identify(src) by extension 'ignore_ament_install'
[5.542s] Level 1:colcon.colcon_core.package_identification:_identify(src) by extensions ['colcon_pkg']
[5.542s] Level 1:colcon.colcon_core.package_identification:_identify(src) by extension 'colcon_pkg'
[5.542s] Level 1:colcon.colcon_core.package_identification:_identify(src) by extensions ['colcon_meta']
[5.542s] Level 1:colcon.colcon_core.package_identification:_identify(src) by extension 'colcon_meta'
[5.543s] Level 1:colcon.colcon_core.package_identification:_identify(src) by extensions ['ros']
[5.544s] Level 1:colcon.colcon_core.package_identification:_identify(src) by extension 'ros'
[5.544s] Level 1:colcon.colcon_core.package_identification:_identify(src) by extensions ['cmake', 'python']
[5.544s] Level 1:colcon.colcon_core.package_identification:_identify(src) by extension 'cmake'
[5.545s] Level 1:colcon.colcon_core.package_identification:_identify(src) by extension 'python'
[5.545s] Level 1:colcon.colcon_core.package_identification:_identify(src) by extensions ['python_setup_py']
[5.545s] Level 1:colcon.colcon_core.package_identification:_identify(src) by extension 'python_setup_py'
[5.545s] Level 1:colcon.colcon_core.package_identification:_identify(src/my_robot_description) by extensions ['ignore', 'ignore_ament_install']
[5.546s] Level 1:colcon.colcon_core.package_identification:_identify(src/my_robot_description) by extension 'ignore'
[5.546s] Level 1:colcon.colcon_core.package_identification:_identify(src/my_robot_description) by extension 'ignore_ament_install'
[5.546s] Level 1:colcon.colcon_core.package_identification:_identify(src/my_robot_description) by extensions ['colcon_pkg']
[5.546s] Level 1:colcon.colcon_core.package_identification:_identify(src/my_robot_description) by extension 'colcon_pkg'
[5.547s] Level 1:colcon.colcon_core.package_identification:_identify(src/my_robot_description) by extensions ['colcon_meta']
[5.547s] Level 1:colcon.colcon_core.package_identification:_identify(src/my_robot_description) by extension 'colcon_meta'
[5.548s] Level 1:colcon.colcon_core.package_identification:_identify(src/my_robot_description) by extensions ['ros']
[5.548s] Level 1:colcon.colcon_core.package_identification:_identify(src/my_robot_description) by extension 'ros'
[5.594s] DEBUG:colcon.colcon_core.package_identification:Package 'src/my_robot_description' with type 'ros.ament_python' and name 'my_robot_description'
[5.594s] Level 1:colcon.colcon_core.package_identification:_identify(src/rf2o_laser_odometry) by extensions ['ignore', 'ignore_ament_install']
[5.595s] Level 1:colcon.colcon_core.package_identification:_identify(src/rf2o_laser_odometry) by extension 'ignore'
[5.595s] Level 1:colcon.colcon_core.package_identification:_identify(src/rf2o_laser_odometry) by extension 'ignore_ament_install'
[5.595s] Level 1:colcon.colcon_core.package_identification:_identify(src/rf2o_laser_odometry) by extensions ['colcon_pkg']
[5.595s] Level 1:colcon.colcon_core.package_identification:_identify(src/rf2o_laser_odometry) by extension 'colcon_pkg'
[5.596s] Level 1:colcon.colcon_core.package_identification:_identify(src/rf2o_laser_odometry) by extensions ['colcon_meta']
[5.596s] Level 1:colcon.colcon_core.package_identification:_identify(src/rf2o_laser_odometry) by extension 'colcon_meta'
[5.596s] Level 1:colcon.colcon_core.package_identification:_identify(src/rf2o_laser_odometry) by extensions ['ros']
[5.596s] Level 1:colcon.colcon_core.package_identification:_identify(src/rf2o_laser_odometry) by extension 'ros'
[5.615s] DEBUG:colcon.colcon_core.package_identification:Package 'src/rf2o_laser_odometry' with type 'ros.ament_cmake' and name 'rf2o_laser_odometry'
[5.616s] Level 1:colcon.colcon_core.package_identification:_identify(src/robot_control) by extensions ['ignore', 'ignore_ament_install']
[5.617s] Level 1:colcon.colcon_core.package_identification:_identify(src/robot_control) by extension 'ignore'
[5.617s] Level 1:colcon.colcon_core.package_identification:_identify(src/robot_control) by extension 'ignore_ament_install'
[5.617s] Level 1:colcon.colcon_core.package_identification:_identify(src/robot_control) by extensions ['colcon_pkg']
[5.617s] Level 1:colcon.colcon_core.package_identification:_identify(src/robot_control) by extension 'colcon_pkg'
[5.618s] Level 1:colcon.colcon_core.package_identification:_identify(src/robot_control) by extensions ['colcon_meta']
[5.618s] Level 1:colcon.colcon_core.package_identification:_identify(src/robot_control) by extension 'colcon_meta'
[5.618s] Level 1:colcon.colcon_core.package_identification:_identify(src/robot_control) by extensions ['ros']
[5.618s] Level 1:colcon.colcon_core.package_identification:_identify(src/robot_control) by extension 'ros'
[5.642s] DEBUG:colcon.colcon_core.package_identification:Package 'src/robot_control' with type 'ros.catkin' and name 'robot_control'
[5.642s] Level 1:colcon.colcon_core.package_identification:_identify(src/rplidar_launch) by extensions ['ignore', 'ignore_ament_install']
[5.643s] Level 1:colcon.colcon_core.package_identification:_identify(src/rplidar_launch) by extension 'ignore'
[5.644s] Level 1:colcon.colcon_core.package_identification:_identify(src/rplidar_launch) by extension 'ignore_ament_install'
[5.644s] Level 1:colcon.colcon_core.package_identification:_identify(src/rplidar_launch) by extensions ['colcon_pkg']
[5.644s] Level 1:colcon.colcon_core.package_identification:_identify(src/rplidar_launch) by extension 'colcon_pkg'
[5.644s] Level 1:colcon.colcon_core.package_identification:_identify(src/rplidar_launch) by extensions ['colcon_meta']
[5.644s] Level 1:colcon.colcon_core.package_identification:_identify(src/rplidar_launch) by extension 'colcon_meta'
[5.645s] Level 1:colcon.colcon_core.package_identification:_identify(src/rplidar_launch) by extensions ['ros']
[5.645s] Level 1:colcon.colcon_core.package_identification:_identify(src/rplidar_launch) by extension 'ros'
[5.665s] DEBUG:colcon.colcon_core.package_identification:Package 'src/rplidar_launch' with type 'ros.ament_python' and name 'rplidar_launch'
[5.669s] Level 1:colcon.colcon_core.package_identification:_identify(src/slam_toolbox_launch) by extensions ['ignore', 'ignore_ament_install']
[5.669s] Level 1:colcon.colcon_core.package_identification:_identify(src/slam_toolbox_launch) by extension 'ignore'
[5.671s] Level 1:colcon.colcon_core.package_identification:_identify(src/slam_toolbox_launch) by extension 'ignore_ament_install'
[5.672s] Level 1:colcon.colcon_core.package_identification:_identify(src/slam_toolbox_launch) by extensions ['colcon_pkg']
[5.672s] Level 1:colcon.colcon_core.package_identification:_identify(src/slam_toolbox_launch) by extension 'colcon_pkg'
[5.672s] Level 1:colcon.colcon_core.package_identification:_identify(src/slam_toolbox_launch) by extensions ['colcon_meta']
[5.672s] Level 1:colcon.colcon_core.package_identification:_identify(src/slam_toolbox_launch) by extension 'colcon_meta'
[5.672s] Level 1:colcon.colcon_core.package_identification:_identify(src/slam_toolbox_launch) by extensions ['ros']
[5.672s] Level 1:colcon.colcon_core.package_identification:_identify(src/slam_toolbox_launch) by extension 'ros'
[5.680s] DEBUG:colcon.colcon_core.package_identification:Package 'src/slam_toolbox_launch' with type 'ros.ament_python' and name 'slam_toolbox_launch'
[5.681s] Level 1:colcon.colcon_core.package_identification:_identify(src/teleop_twist_listener) by extensions ['ignore', 'ignore_ament_install']
[5.682s] Level 1:colcon.colcon_core.package_identification:_identify(src/teleop_twist_listener) by extension 'ignore'
[5.683s] Level 1:colcon.colcon_core.package_identification:_identify(src/teleop_twist_listener) by extension 'ignore_ament_install'
[5.683s] Level 1:colcon.colcon_core.package_identification:_identify(src/teleop_twist_listener) by extensions ['colcon_pkg']
[5.683s] Level 1:colcon.colcon_core.package_identification:_identify(src/teleop_twist_listener) by extension 'colcon_pkg'
[5.683s] Level 1:colcon.colcon_core.package_identification:_identify(src/teleop_twist_listener) by extensions ['colcon_meta']
[5.683s] Level 1:colcon.colcon_core.package_identification:_identify(src/teleop_twist_listener) by extension 'colcon_meta'
[5.684s] Level 1:colcon.colcon_core.package_identification:_identify(src/teleop_twist_listener) by extensions ['ros']
[5.684s] Level 1:colcon.colcon_core.package_identification:_identify(src/teleop_twist_listener) by extension 'ros'
[5.694s] DEBUG:colcon.colcon_core.package_identification:Package 'src/teleop_twist_listener' with type 'ros.catkin' and name 'teleop_twist_listener'
[5.694s] Level 1:colcon.colcon_core.package_discovery:discover_packages(recursive) using defaults
[5.695s] Level 1:colcon.colcon_core.package_discovery:discover_packages(ignore) discover
[5.695s] Level 1:colcon.colcon_core.package_discovery:discover_packages(ignore) using defaults
[5.695s] Level 1:colcon.colcon_core.package_discovery:discover_packages(path) discover
[5.695s] Level 1:colcon.colcon_core.package_discovery:discover_packages(path) using defaults
[5.981s] INFO:colcon.colcon_core.package_selection:Skipping not selected package 'my_robot_description' in 'src/my_robot_description'
[5.981s] INFO:colcon.colcon_core.package_selection:Skipping not selected package 'rf2o_laser_odometry' in 'src/rf2o_laser_odometry'
[5.981s] INFO:colcon.colcon_core.package_selection:Skipping not selected package 'robot_control' in 'src/robot_control'
[5.982s] INFO:colcon.colcon_core.package_selection:Skipping not selected package 'rplidar_launch' in 'src/rplidar_launch'
[5.982s] INFO:colcon.colcon_core.package_selection:Skipping not selected package 'teleop_twist_listener' in 'src/teleop_twist_listener'
[6.003s] Level 1:colcon.colcon_core.package_discovery:discover_packages(prefix_path) check parameters
[6.004s] Level 1:colcon.colcon_core.package_discovery:discover_packages(prefix_path) discover
[6.027s] DEBUG:colcon.colcon_installed_package_information.package_discovery:Found 6 installed packages in /home/emag51/ros2_ws/install
[6.034s] DEBUG:colcon.colcon_installed_package_information.package_discovery:Found 337 installed packages in /opt/ros/humble
[6.040s] Level 1:colcon.colcon_core.package_discovery:discover_packages(prefix_path) using defaults
[6.277s] Level 5:colcon.colcon_core.verb:set package 'slam_toolbox_launch' build argument 'cmake_args' from command line to 'None'
[6.278s] Level 5:colcon.colcon_core.verb:set package 'slam_toolbox_launch' build argument 'cmake_target' from command line to 'None'
[6.278s] Level 5:colcon.colcon_core.verb:set package 'slam_toolbox_launch' build argument 'cmake_target_skip_unavailable' from command line to 'False'
[6.279s] Level 5:colcon.colcon_core.verb:set package 'slam_toolbox_launch' build argument 'cmake_clean_cache' from command line to 'False'
[6.279s] Level 5:colcon.colcon_core.verb:set package 'slam_toolbox_launch' build argument 'cmake_clean_first' from command line to 'False'
[6.280s] Level 5:colcon.colcon_core.verb:set package 'slam_toolbox_launch' build argument 'cmake_force_configure' from command line to 'False'
[6.280s] Level 5:colcon.colcon_core.verb:set package 'slam_toolbox_launch' build argument 'ament_cmake_args' from command line to 'None'
[6.280s] Level 5:colcon.colcon_core.verb:set package 'slam_toolbox_launch' build argument 'catkin_cmake_args' from command line to 'None'
[6.280s] Level 5:colcon.colcon_core.verb:set package 'slam_toolbox_launch' build argument 'catkin_skip_building_tests' from command line to 'False'
[6.280s] DEBUG:colcon.colcon_core.verb:Building package 'slam_toolbox_launch' with the following arguments: {'ament_cmake_args': None, 'build_base': '/home/emag51/ros2_ws/build/slam_toolbox_launch', 'catkin_cmake_args': None, 'catkin_skip_building_tests': False, 'cmake_args': None, 'cmake_clean_cache': False, 'cmake_clean_first': False, 'cmake_force_configure': False, 'cmake_target': None, 'cmake_target_skip_unavailable': False, 'install_base': '/home/emag51/ros2_ws/install/slam_toolbox_launch', 'merge_install': False, 'path': '/home/emag51/ros2_ws/src/slam_toolbox_launch', 'symlink_install': False, 'test_result_base': None}
[6.281s] INFO:colcon.colcon_core.executor:Executing jobs using 'parallel' executor
[6.284s] DEBUG:colcon.colcon_parallel_executor.executor.parallel:run_until_complete
[6.285s] INFO:colcon.colcon_ros.task.ament_python.build:Building ROS package in '/home/emag51/ros2_ws/src/slam_toolbox_launch' with build type 'ament_python'
[6.285s] Level 1:colcon.colcon_core.shell:create_environment_hook('slam_toolbox_launch', 'ament_prefix_path')
[6.311s] INFO:colcon.colcon_core.plugin_system:Skipping extension 'colcon_core.shell.bat': Not used on non-Windows systems
[6.312s] INFO:colcon.colcon_core.shell:Creating environment hook '/home/emag51/ros2_ws/install/slam_toolbox_launch/share/slam_toolbox_launch/hook/ament_prefix_path.ps1'
[6.333s] INFO:colcon.colcon_core.shell:Creating environment descriptor '/home/emag51/ros2_ws/install/slam_toolbox_launch/share/slam_toolbox_launch/hook/ament_prefix_path.dsv'
[6.359s] INFO:colcon.colcon_core.shell:Creating environment hook '/home/emag51/ros2_ws/install/slam_toolbox_launch/share/slam_toolbox_launch/hook/ament_prefix_path.sh'
[6.363s] INFO:colcon.colcon_core.shell:Skip shell extension 'powershell' for command environment: Not usable outside of PowerShell
[6.363s] DEBUG:colcon.colcon_core.shell:Skip shell extension 'dsv' for command environment
[7.415s] INFO:colcon.colcon_core.task.python.build:Building Python package in '/home/emag51/ros2_ws/src/slam_toolbox_launch'
[7.416s] INFO:colcon.colcon_core.shell:Skip shell extension 'powershell' for command environment: Not usable outside of PowerShell
[7.416s] DEBUG:colcon.colcon_core.shell:Skip shell extension 'dsv' for command environment
[9.129s] DEBUG:colcon.colcon_core.event_handler.log_command:Invoking command in '/home/emag51/ros2_ws/src/slam_toolbox_launch': PYTHONPATH=/home/emag51/ros2_ws/build/slam_toolbox_launch/prefix_override:/usr/lib/python3/dist-packages/colcon_core/task/python/colcon_distutils_commands:/home/emag51/ros2_ws/install/slam_toolbox_launch/lib/python3.10/site-packages:${PYTHONPATH} /usr/bin/python3 -W ignore:setup.py install is deprecated -W ignore:easy_install command is deprecated setup.py egg_info --egg-base ../../build/slam_toolbox_launch build --build-base /home/emag51/ros2_ws/build/slam_toolbox_launch/build install --record /home/emag51/ros2_ws/build/slam_toolbox_launch/install.log --single-version-externally-managed install_data
[10.409s] DEBUG:colcon.colcon_core.event_handler.log_command:Invoked command in '/home/emag51/ros2_ws/src/slam_toolbox_launch' returned '0': PYTHONPATH=/home/emag51/ros2_ws/build/slam_toolbox_launch/prefix_override:/usr/lib/python3/dist-packages/colcon_core/task/python/colcon_distutils_commands:/home/emag51/ros2_ws/install/slam_toolbox_launch/lib/python3.10/site-packages:${PYTHONPATH} /usr/bin/python3 -W ignore:setup.py install is deprecated -W ignore:easy_install command is deprecated setup.py egg_info --egg-base ../../build/slam_toolbox_launch build --build-base /home/emag51/ros2_ws/build/slam_toolbox_launch/build install --record /home/emag51/ros2_ws/build/slam_toolbox_launch/install.log --single-version-externally-managed install_data
[10.472s] Level 1:colcon.colcon_core.environment:checking '/home/emag51/ros2_ws/install/slam_toolbox_launch' for CMake module files
[10.474s] Level 1:colcon.colcon_core.environment:checking '/home/emag51/ros2_ws/install/slam_toolbox_launch' for CMake config files
[10.476s] Level 1:colcon.colcon_core.environment:checking '/home/emag51/ros2_ws/install/slam_toolbox_launch/lib'
[10.477s] Level 1:colcon.colcon_core.environment:checking '/home/emag51/ros2_ws/install/slam_toolbox_launch/bin'
[10.477s] Level 1:colcon.colcon_core.environment:checking '/home/emag51/ros2_ws/install/slam_toolbox_launch/lib/pkgconfig/slam_toolbox_launch.pc'
[10.478s] Level 1:colcon.colcon_core.environment:checking '/home/emag51/ros2_ws/install/slam_toolbox_launch/lib/python3.10/site-packages'
[10.478s] Level 1:colcon.colcon_core.shell:create_environment_hook('slam_toolbox_launch', 'pythonpath')
[10.479s] INFO:colcon.colcon_core.shell:Creating environment hook '/home/emag51/ros2_ws/install/slam_toolbox_launch/share/slam_toolbox_launch/hook/pythonpath.ps1'
[10.481s] INFO:colcon.colcon_core.shell:Creating environment descriptor '/home/emag51/ros2_ws/install/slam_toolbox_launch/share/slam_toolbox_launch/hook/pythonpath.dsv'
[10.482s] INFO:colcon.colcon_core.shell:Creating environment hook '/home/emag51/ros2_ws/install/slam_toolbox_launch/share/slam_toolbox_launch/hook/pythonpath.sh'
[10.485s] Level 1:colcon.colcon_core.environment:checking '/home/emag51/ros2_ws/install/slam_toolbox_launch/bin'
[10.485s] Level 1:colcon.colcon_core.environment:create_environment_scripts_only(slam_toolbox_launch)
[10.487s] INFO:colcon.colcon_core.shell:Creating package script '/home/emag51/ros2_ws/install/slam_toolbox_launch/share/slam_toolbox_launch/package.ps1'
[10.513s] INFO:colcon.colcon_core.shell:Creating package descriptor '/home/emag51/ros2_ws/install/slam_toolbox_launch/share/slam_toolbox_launch/package.dsv'
[10.538s] INFO:colcon.colcon_core.shell:Creating package script '/home/emag51/ros2_ws/install/slam_toolbox_launch/share/slam_toolbox_launch/package.sh'
[10.543s] INFO:colcon.colcon_core.shell:Creating package script '/home/emag51/ros2_ws/install/slam_toolbox_launch/share/slam_toolbox_launch/package.bash'
[10.560s] INFO:colcon.colcon_core.shell:Creating package script '/home/emag51/ros2_ws/install/slam_toolbox_launch/share/slam_toolbox_launch/package.zsh'
[10.563s] Level 1:colcon.colcon_core.environment:create_file_with_runtime_dependencies(/home/emag51/ros2_ws/install/slam_toolbox_launch/share/colcon-core/packages/slam_toolbox_launch)
[10.565s] DEBUG:colcon.colcon_parallel_executor.executor.parallel:closing loop
[10.566s] DEBUG:colcon.colcon_parallel_executor.executor.parallel:loop closed
[10.566s] DEBUG:colcon.colcon_parallel_executor.executor.parallel:run_until_complete finished with '0'
[10.566s] DEBUG:colcon.colcon_core.event_reactor:joining thread
[10.587s] INFO:colcon.colcon_core.plugin_system:Skipping extension 'colcon_notification.desktop_notification.terminal_notifier': Not used on non-Darwin systems
[10.588s] INFO:colcon.colcon_core.plugin_system:Skipping extension 'colcon_notification.desktop_notification.win32': Not used on non-Windows systems
[10.588s] INFO:colcon.colcon_notification.desktop_notification:Sending desktop notification using 'notify2'
[10.658s] DEBUG:colcon.colcon_core.event_reactor:joined thread
[10.659s] INFO:colcon.colcon_core.shell:Creating prefix script '/home/emag51/ros2_ws/install/local_setup.ps1'
[10.665s] INFO:colcon.colcon_core.shell:Creating prefix util module '/home/emag51/ros2_ws/install/_local_setup_util_ps1.py'
[10.671s] INFO:colcon.colcon_core.shell:Creating prefix chain script '/home/emag51/ros2_ws/install/setup.ps1'
[10.678s] INFO:colcon.colcon_core.shell:Creating prefix script '/home/emag51/ros2_ws/install/local_setup.sh'
[10.683s] INFO:colcon.colcon_core.shell:Creating prefix util module '/home/emag51/ros2_ws/install/_local_setup_util_sh.py'
[10.686s] INFO:colcon.colcon_core.shell:Creating prefix chain script '/home/emag51/ros2_ws/install/setup.sh'
[10.695s] INFO:colcon.colcon_core.shell:Creating prefix script '/home/emag51/ros2_ws/install/local_setup.bash'
[10.699s] INFO:colcon.colcon_core.shell:Creating prefix chain script '/home/emag51/ros2_ws/install/setup.bash'
[10.706s] INFO:colcon.colcon_core.shell:Creating prefix script '/home/emag51/ros2_ws/install/local_setup.zsh'
[10.708s] INFO:colcon.colcon_core.shell:Creating prefix chain script '/home/emag51/ros2_ws/install/setup.zsh'
