[2.841s] Invoking command in '/home/emag51/ros2_ws/src/slam_toolbox_launch': PYTHONPATH=/home/emag51/ros2_ws/build/slam_toolbox_launch/prefix_override:/usr/lib/python3/dist-packages/colcon_core/task/python/colcon_distutils_commands:/home/emag51/ros2_ws/install/slam_toolbox_launch/lib/python3.10/site-packages:${PYTHONPATH} /usr/bin/python3 -W ignore:setup.py install is deprecated -W ignore:easy_install command is deprecated setup.py egg_info --egg-base ../../build/slam_toolbox_launch build --build-base /home/emag51/ros2_ws/build/slam_toolbox_launch/build install --record /home/emag51/ros2_ws/build/slam_toolbox_launch/install.log --single-version-externally-managed install_data
[3.834s] running egg_info
[3.838s] writing ../../build/slam_toolbox_launch/slam_toolbox_launch.egg-info/PKG-INFO
[3.839s] writing dependency_links to ../../build/slam_toolbox_launch/slam_toolbox_launch.egg-info/dependency_links.txt
[3.840s] writing entry points to ../../build/slam_toolbox_launch/slam_toolbox_launch.egg-info/entry_points.txt
[3.840s] writing requirements to ../../build/slam_toolbox_launch/slam_toolbox_launch.egg-info/requires.txt
[3.840s] writing top-level names to ../../build/slam_toolbox_launch/slam_toolbox_launch.egg-info/top_level.txt
[3.850s] reading manifest file '../../build/slam_toolbox_launch/slam_toolbox_launch.egg-info/SOURCES.txt'
[3.878s] writing manifest file '../../build/slam_toolbox_launch/slam_toolbox_launch.egg-info/SOURCES.txt'
[3.882s] running build
[3.882s] running build_py
[3.882s] running install
[3.883s] running install_lib
[3.887s] running install_data
[3.888s] copying launch/slam_toolbox.py -> /home/emag51/ros2_ws/install/slam_toolbox_launch/share/slam_toolbox_launch/launch
[3.889s] running install_egg_info
[3.906s] removing '/home/emag51/ros2_ws/install/slam_toolbox_launch/lib/python3.10/site-packages/slam_toolbox_launch-0.0.0-py3.10.egg-info' (and everything under it)
[3.910s] Copying ../../build/slam_toolbox_launch/slam_toolbox_launch.egg-info to /home/emag51/ros2_ws/install/slam_toolbox_launch/lib/python3.10/site-packages/slam_toolbox_launch-0.0.0-py3.10.egg-info
[3.936s] running install_scripts
[4.038s] writing list of installed files to '/home/emag51/ros2_ws/build/slam_toolbox_launch/install.log'
[4.121s] Invoked command in '/home/emag51/ros2_ws/src/slam_toolbox_launch' returned '0': PYTHONPATH=/home/emag51/ros2_ws/build/slam_toolbox_launch/prefix_override:/usr/lib/python3/dist-packages/colcon_core/task/python/colcon_distutils_commands:/home/emag51/ros2_ws/install/slam_toolbox_launch/lib/python3.10/site-packages:${PYTHONPATH} /usr/bin/python3 -W ignore:setup.py install is deprecated -W ignore:easy_install command is deprecated setup.py egg_info --egg-base ../../build/slam_toolbox_launch build --build-base /home/emag51/ros2_ws/build/slam_toolbox_launch/build install --record /home/emag51/ros2_ws/build/slam_toolbox_launch/install.log --single-version-externally-managed install_data
