-- The C compiler identification is GNU 11.4.0
-- The CXX compiler identification is GNU 11.4.0
-- Detecting C compiler ABI info
-- Detecting C compiler ABI info - done
-- Check for working C compiler: /usr/bin/cc - skipped
-- Detecting C compile features
-- Detecting C compile features - done
-- Detecting CXX compiler ABI info
-- Detecting CXX compiler ABI info - done
-- Check for working CXX compiler: /usr/bin/c++ - skipped
-- Detecting CXX compile features
-- Detecting CXX compile features - done
-- Found ament_cmake: 1.3.11 (/opt/ros/humble/share/ament_cmake/cmake)
-- Found Python3: /usr/bin/python3 (found version "3.10.12") found components: Interpreter 
-- Found rcl: 5.3.9 (/opt/ros/humble/share/rcl/cmake)
-- Found rosidl_generator_c: 3.1.6 (/opt/ros/humble/share/rosidl_generator_c/cmake)
-- Found rosidl_adapter: 3.1.6 (/opt/ros/humble/share/rosidl_adapter/cmake)
-- Found rosidl_generator_cpp: 3.1.6 (/opt/ros/humble/share/rosidl_generator_cpp/cmake)
-- Using all available rosidl_typesupport_c: rosidl_typesupport_fastrtps_c;rosidl_typesupport_introspection_c
-- Using all available rosidl_typesupport_cpp: rosidl_typesupport_fastrtps_cpp;rosidl_typesupport_introspection_cpp
-- Found rmw_implementation_cmake: 6.1.2 (/opt/ros/humble/share/rmw_implementation_cmake/cmake)
-- Found rmw_fastrtps_cpp: 6.2.7 (/opt/ros/humble/share/rmw_fastrtps_cpp/cmake)
-- Found OpenSSL: /usr/lib/x86_64-linux-gnu/libcrypto.so (found version "3.0.2")  
-- Found FastRTPS: /opt/ros/humble/include  
-- Using RMW implementation 'rmw_fastrtps_cpp' as default
-- Looking for pthread.h
-- Looking for pthread.h - found
-- Performing Test CMAKE_HAVE_LIBC_PTHREAD
-- Performing Test CMAKE_HAVE_LIBC_PTHREAD - Success
-- Found Threads: TRUE  
-- Found rclc: 4.0.2 (/opt/ros/humble/share/rclc/cmake)
-- Found geometry_msgs: 4.2.4 (/opt/ros/humble/share/geometry_msgs/cmake)
-- Configuring done
-- Generating done
[33mCMake Warning:
  Manually-specified variables were not used by the project:

    CATKIN_INSTALL_INTO_PREFIX_ROOT

[0m
-- Build files have been written to: /home/emag51/ros2_ws/build/robot_control
[ 50%] [32mBuilding C object CMakeFiles/robot_control.dir/src/robot_control.c.o[0m
[01m[K/home/emag51/ros2_ws/src/robot_control/src/robot_control.c:[m[K In function ‘[01m[Kcmd_vel_callback[m[K’:
[01m[K/home/emag51/ros2_ws/src/robot_control/src/robot_control.c:130:27:[m[K [01;35m[Kwarning: [m[Kimplicit declaration of function ‘[01m[Kfabs[m[K’ [[01;35m[K]8;;https://gcc.gnu.org/onlinedocs/gcc/Warning-Options.html#index-Wimplicit-function-declaration-Wimplicit-function-declaration]8;;[m[K]
  130 |     int right_pwm = (int)([01;35m[Kfabs[m[K(linear_x) * 255 + fabs(angular_z) * 128);
      |                           [01;35m[K^~~~[m[K
[01m[K/home/emag51/ros2_ws/src/robot_control/src/robot_control.c:13:1:[m[K [01;36m[Knote: [m[Kinclude ‘[01m[K<math.h>[m[K’ or provide a declaration of ‘[01m[Kfabs[m[K’
   12 | #include <geometry_msgs/msg/twist.h>
  +++ |+[32m[K#include <math.h>[m[K
   13 | 
[01m[K/home/emag51/ros2_ws/src/robot_control/src/robot_control.c:130:27:[m[K [01;35m[Kwarning: [m[Kincompatible implicit declaration of built-in function ‘[01m[Kfabs[m[K’ [[01;35m[K]8;;https://gcc.gnu.org/onlinedocs/gcc/Warning-Options.html#index-Wbuiltin-declaration-mismatch-Wbuiltin-declaration-mismatch]8;;[m[K]
  130 |     int right_pwm = (int)([01;35m[Kfabs[m[K(linear_x) * 255 + fabs(angular_z) * 128);
      |                           [01;35m[K^~~~[m[K
[01m[K/home/emag51/ros2_ws/src/robot_control/src/robot_control.c:130:27:[m[K [01;36m[Knote: [m[Kinclude ‘[01m[K<math.h>[m[K’ or provide a declaration of ‘[01m[Kfabs[m[K’
[100%] [32m[1mLinking C executable robot_control[0m
[100%] Built target robot_control
-- Install configuration: ""
-- Installing: /home/emag51/ros2_ws/install/robot_control/lib/robot_control/robot_control
-- Set runtime path of "/home/emag51/ros2_ws/install/robot_control/lib/robot_control/robot_control" to ""
-- Installing: /home/emag51/ros2_ws/install/robot_control/share/ament_index/resource_index/package_run_dependencies/robot_control
-- Installing: /home/emag51/ros2_ws/install/robot_control/share/ament_index/resource_index/parent_prefix_path/robot_control
-- Installing: /home/emag51/ros2_ws/install/robot_control/share/robot_control/environment/ament_prefix_path.sh
-- Installing: /home/emag51/ros2_ws/install/robot_control/share/robot_control/environment/ament_prefix_path.dsv
-- Installing: /home/emag51/ros2_ws/install/robot_control/share/robot_control/environment/path.sh
-- Installing: /home/emag51/ros2_ws/install/robot_control/share/robot_control/environment/path.dsv
-- Installing: /home/emag51/ros2_ws/install/robot_control/share/robot_control/local_setup.bash
-- Installing: /home/emag51/ros2_ws/install/robot_control/share/robot_control/local_setup.sh
-- Installing: /home/emag51/ros2_ws/install/robot_control/share/robot_control/local_setup.zsh
-- Installing: /home/emag51/ros2_ws/install/robot_control/share/robot_control/local_setup.dsv
-- Installing: /home/emag51/ros2_ws/install/robot_control/share/robot_control/package.dsv
-- Installing: /home/emag51/ros2_ws/install/robot_control/share/ament_index/resource_index/packages/robot_control
-- Installing: /home/emag51/ros2_ws/install/robot_control/share/robot_control/cmake/robot_controlConfig.cmake
-- Installing: /home/emag51/ros2_ws/install/robot_control/share/robot_control/cmake/robot_controlConfig-version.cmake
-- Installing: /home/emag51/ros2_ws/install/robot_control/share/robot_control/package.xml
