running egg_info
creating ../../build/rplidar_launch/rplidar_launch.egg-info
writing ../../build/rplidar_launch/rplidar_launch.egg-info/PKG-INFO
writing dependency_links to ../../build/rplidar_launch/rplidar_launch.egg-info/dependency_links.txt
writing entry points to ../../build/rplidar_launch/rplidar_launch.egg-info/entry_points.txt
writing requirements to ../../build/rplidar_launch/rplidar_launch.egg-info/requires.txt
writing top-level names to ../../build/rplidar_launch/rplidar_launch.egg-info/top_level.txt
writing manifest file '../../build/rplidar_launch/rplidar_launch.egg-info/SOURCES.txt'
reading manifest file '../../build/rplidar_launch/rplidar_launch.egg-info/SOURCES.txt'
writing manifest file '../../build/rplidar_launch/rplidar_launch.egg-info/SOURCES.txt'
running build
running build_py
creating /home/emag51/ros2_ws/build/rplidar_launch/build
creating /home/emag51/ros2_ws/build/rplidar_launch/build/lib
creating /home/emag51/ros2_ws/build/rplidar_launch/build/lib/rplidar_launch
copying rplidar_launch/__init__.py -> /home/emag51/ros2_ws/build/rplidar_launch/build/lib/rplidar_launch
running install
running install_lib
creating /home/emag51/ros2_ws/install/rplidar_launch/lib/python3.10/site-packages/rplidar_launch
copying /home/emag51/ros2_ws/build/rplidar_launch/build/lib/rplidar_launch/__init__.py -> /home/emag51/ros2_ws/install/rplidar_launch/lib/python3.10/site-packages/rplidar_launch
byte-compiling /home/emag51/ros2_ws/install/rplidar_launch/lib/python3.10/site-packages/rplidar_launch/__init__.py to __init__.cpython-310.pyc
running install_data
creating /home/emag51/ros2_ws/install/rplidar_launch/share/ament_index
creating /home/emag51/ros2_ws/install/rplidar_launch/share/ament_index/resource_index
creating /home/emag51/ros2_ws/install/rplidar_launch/share/ament_index/resource_index/packages
copying resource/rplidar_launch -> /home/emag51/ros2_ws/install/rplidar_launch/share/ament_index/resource_index/packages
copying package.xml -> /home/emag51/ros2_ws/install/rplidar_launch/share/rplidar_launch
creating /home/emag51/ros2_ws/install/rplidar_launch/share/rplidar_launch/launch
copying launch/rplidar_launch.py -> /home/emag51/ros2_ws/install/rplidar_launch/share/rplidar_launch/launch
running install_egg_info
Copying ../../build/rplidar_launch/rplidar_launch.egg-info to /home/emag51/ros2_ws/install/rplidar_launch/lib/python3.10/site-packages/rplidar_launch-0.0.1-py3.10.egg-info
running install_scripts
writing list of installed files to '/home/emag51/ros2_ws/build/rplidar_launch/install.log'
