-- Found ament_cmake: 1.3.11 (/opt/ros/humble/share/ament_cmake/cmake)
-- Found rcl: 5.3.9 (/opt/ros/humble/share/rcl/cmake)
-- Found rosidl_generator_c: 3.1.6 (/opt/ros/humble/share/rosidl_generator_c/cmake)
-- Found rosidl_adapter: 3.1.6 (/opt/ros/humble/share/rosidl_adapter/cmake)
-- Found rosidl_generator_cpp: 3.1.6 (/opt/ros/humble/share/rosidl_generator_cpp/cmake)
-- Using all available rosidl_typesupport_c: rosidl_typesupport_fastrtps_c;rosidl_typesupport_introspection_c
-- Using all available rosidl_typesupport_cpp: rosidl_typesupport_fastrtps_cpp;rosidl_typesupport_introspection_cpp
-- Found rmw_implementation_cmake: 6.1.2 (/opt/ros/humble/share/rmw_implementation_cmake/cmake)
-- Found rmw_fastrtps_cpp: 6.2.7 (/opt/ros/humble/share/rmw_fastrtps_cpp/cmake)
-- Using RMW implementation 'rmw_fastrtps_cpp' as default
-- Found rclc: 4.0.2 (/opt/ros/humble/share/rclc/cmake)
-- Found geometry_msgs: 4.2.4 (/opt/ros/humble/share/geometry_msgs/cmake)
-- Configuring done
-- Generating done
-- Build files have been written to: /home/emag51/ros2_ws/build/teleop_twist_listener
[35m[1mConsolidate compiler generated dependencies of target teleop_listener[0m
[ 50%] [32mBuilding C object CMakeFiles/teleop_listener.dir/src/teleop_listener.c.o[0m
[01m[K/home/emag51/ros2_ws/src/teleop_twist_listener/src/teleop_listener.c:[m[K In function ‘[01m[Kcmd_vel_callback[m[K’:
[01m[K/home/emag51/ros2_ws/src/teleop_twist_listener/src/teleop_listener.c:80:27:[m[K [01;35m[Kwarning: [m[Kimplicit declaration of function ‘[01m[Kfabs[m[K’ [[01;35m[K]8;;https://gcc.gnu.org/onlinedocs/gcc/Warning-Options.html#index-Wimplicit-function-declaration-Wimplicit-function-declaration]8;;[m[K]
   80 |     int right_pwm = (int)([01;35m[Kfabs[m[K(linear_x) * 255 + fabs(angular_z) * 128);
      |                           [01;35m[K^~~~[m[K
[01m[K/home/emag51/ros2_ws/src/teleop_twist_listener/src/teleop_listener.c:12:1:[m[K [01;36m[Knote: [m[Kinclude ‘[01m[K<math.h>[m[K’ or provide a declaration of ‘[01m[Kfabs[m[K’
   11 | #include <geometry_msgs/msg/twist.h>
  +++ |+[32m[K#include <math.h>[m[K
   12 | 
[01m[K/home/emag51/ros2_ws/src/teleop_twist_listener/src/teleop_listener.c:80:27:[m[K [01;35m[Kwarning: [m[Kincompatible implicit declaration of built-in function ‘[01m[Kfabs[m[K’ [[01;35m[K]8;;https://gcc.gnu.org/onlinedocs/gcc/Warning-Options.html#index-Wbuiltin-declaration-mismatch-Wbuiltin-declaration-mismatch]8;;[m[K]
   80 |     int right_pwm = (int)([01;35m[Kfabs[m[K(linear_x) * 255 + fabs(angular_z) * 128);
      |                           [01;35m[K^~~~[m[K
[01m[K/home/emag51/ros2_ws/src/teleop_twist_listener/src/teleop_listener.c:80:27:[m[K [01;36m[Knote: [m[Kinclude ‘[01m[K<math.h>[m[K’ or provide a declaration of ‘[01m[Kfabs[m[K’
[100%] [32m[1mLinking C executable teleop_listener[0m
[100%] Built target teleop_listener
-- Install configuration: ""
-- Installing: /home/emag51/ros2_ws/install/teleop_twist_listener/lib/teleop_twist_listener/teleop_listener
-- Set runtime path of "/home/emag51/ros2_ws/install/teleop_twist_listener/lib/teleop_twist_listener/teleop_listener" to ""
-- Up-to-date: /home/emag51/ros2_ws/install/teleop_twist_listener/share/ament_index/resource_index/package_run_dependencies/teleop_twist_listener
-- Up-to-date: /home/emag51/ros2_ws/install/teleop_twist_listener/share/ament_index/resource_index/parent_prefix_path/teleop_twist_listener
-- Up-to-date: /home/emag51/ros2_ws/install/teleop_twist_listener/share/teleop_twist_listener/environment/ament_prefix_path.sh
-- Installing: /home/emag51/ros2_ws/install/teleop_twist_listener/share/teleop_twist_listener/environment/ament_prefix_path.dsv
-- Up-to-date: /home/emag51/ros2_ws/install/teleop_twist_listener/share/teleop_twist_listener/environment/path.sh
-- Installing: /home/emag51/ros2_ws/install/teleop_twist_listener/share/teleop_twist_listener/environment/path.dsv
-- Up-to-date: /home/emag51/ros2_ws/install/teleop_twist_listener/share/teleop_twist_listener/local_setup.bash
-- Up-to-date: /home/emag51/ros2_ws/install/teleop_twist_listener/share/teleop_twist_listener/local_setup.sh
-- Up-to-date: /home/emag51/ros2_ws/install/teleop_twist_listener/share/teleop_twist_listener/local_setup.zsh
-- Installing: /home/emag51/ros2_ws/install/teleop_twist_listener/share/teleop_twist_listener/local_setup.dsv
-- Installing: /home/emag51/ros2_ws/install/teleop_twist_listener/share/teleop_twist_listener/package.dsv
-- Up-to-date: /home/emag51/ros2_ws/install/teleop_twist_listener/share/ament_index/resource_index/packages/teleop_twist_listener
-- Up-to-date: /home/emag51/ros2_ws/install/teleop_twist_listener/share/teleop_twist_listener/cmake/teleop_twist_listenerConfig.cmake
-- Up-to-date: /home/emag51/ros2_ws/install/teleop_twist_listener/share/teleop_twist_listener/cmake/teleop_twist_listenerConfig-version.cmake
-- Up-to-date: /home/emag51/ros2_ws/install/teleop_twist_listener/share/teleop_twist_listener/package.xml
