[0.088s] Invoking command in '/home/emag51/ros2_ws/build/teleop_twist_listener': /usr/bin/cmake /home/emag51/ros2_ws/src/teleop_twist_listener -DCATKIN_INSTALL_INTO_PREFIX_ROOT=0 -DCATKIN_SYMLINK_INSTALL=ON -DCMAKE_INSTALL_PREFIX=/home/emag51/ros2_ws/install/teleop_twist_listener
[0.588s] -- Found ament_cmake: 1.3.11 (/opt/ros/humble/share/ament_cmake/cmake)
[3.073s] -- Found rcl: 5.3.9 (/opt/ros/humble/share/rcl/cmake)
[3.965s] -- Found rosidl_generator_c: 3.1.6 (/opt/ros/humble/share/rosidl_generator_c/cmake)
[4.030s] -- Found rosidl_adapter: 3.1.6 (/opt/ros/humble/share/rosidl_adapter/cmake)
[4.118s] -- Found rosidl_generator_cpp: 3.1.6 (/opt/ros/humble/share/rosidl_generator_cpp/cmake)
[4.236s] -- Using all available rosidl_typesupport_c: rosidl_typesupport_fastrtps_c;rosidl_typesupport_introspection_c
[4.346s] -- Using all available rosidl_typesupport_cpp: rosidl_typesupport_fastrtps_cpp;rosidl_typesupport_introspection_cpp
[4.616s] -- Found rmw_implementation_cmake: 6.1.2 (/opt/ros/humble/share/rmw_implementation_cmake/cmake)
[4.639s] -- Found rmw_fastrtps_cpp: 6.2.7 (/opt/ros/humble/share/rmw_fastrtps_cpp/cmake)
[5.308s] -- Using RMW implementation 'rmw_fastrtps_cpp' as default
[5.589s] -- Found rclc: 4.0.2 (/opt/ros/humble/share/rclc/cmake)
[5.867s] -- Found geometry_msgs: 4.2.4 (/opt/ros/humble/share/geometry_msgs/cmake)
[6.382s] -- Configuring done
[6.530s] -- Generating done
[6.543s] -- Build files have been written to: /home/emag51/ros2_ws/build/teleop_twist_listener
[6.570s] Invoked command in '/home/emag51/ros2_ws/build/teleop_twist_listener' returned '0': /usr/bin/cmake /home/emag51/ros2_ws/src/teleop_twist_listener -DCATKIN_INSTALL_INTO_PREFIX_ROOT=0 -DCATKIN_SYMLINK_INSTALL=ON -DCMAKE_INSTALL_PREFIX=/home/emag51/ros2_ws/install/teleop_twist_listener
[6.580s] Invoking command in '/home/emag51/ros2_ws/build/teleop_twist_listener': /usr/bin/cmake --build /home/emag51/ros2_ws/build/teleop_twist_listener -- -j4 -l4
[6.762s] [35m[1mConsolidate compiler generated dependencies of target teleop_listener[0m
[6.917s] [ 50%] [32mBuilding C object CMakeFiles/teleop_listener.dir/src/teleop_listener.c.o[0m
[8.422s] [01m[K/home/emag51/ros2_ws/src/teleop_twist_listener/src/teleop_listener.c:[m[K In function ‘[01m[Kcmd_vel_callback[m[K’:
[8.435s] [01m[K/home/emag51/ros2_ws/src/teleop_twist_listener/src/teleop_listener.c:80:27:[m[K [01;35m[Kwarning: [m[Kimplicit declaration of function ‘[01m[Kfabs[m[K’ [[01;35m[K]8;;https://gcc.gnu.org/onlinedocs/gcc/Warning-Options.html#index-Wimplicit-function-declaration-Wimplicit-function-declaration]8;;[m[K]
[8.436s]    80 |     int right_pwm = (int)([01;35m[Kfabs[m[K(linear_x) * 255 + fabs(angular_z) * 128);
[8.436s]       |                           [01;35m[K^~~~[m[K
[8.438s] [01m[K/home/emag51/ros2_ws/src/teleop_twist_listener/src/teleop_listener.c:12:1:[m[K [01;36m[Knote: [m[Kinclude ‘[01m[K<math.h>[m[K’ or provide a declaration of ‘[01m[Kfabs[m[K’
[8.438s]    11 | #include <geometry_msgs/msg/twist.h>
[8.439s]   +++ |+[32m[K#include <math.h>[m[K
[8.439s]    12 | 
[8.439s] [01m[K/home/emag51/ros2_ws/src/teleop_twist_listener/src/teleop_listener.c:80:27:[m[K [01;35m[Kwarning: [m[Kincompatible implicit declaration of built-in function ‘[01m[Kfabs[m[K’ [[01;35m[K]8;;https://gcc.gnu.org/onlinedocs/gcc/Warning-Options.html#index-Wbuiltin-declaration-mismatch-Wbuiltin-declaration-mismatch]8;;[m[K]
[8.439s]    80 |     int right_pwm = (int)([01;35m[Kfabs[m[K(linear_x) * 255 + fabs(angular_z) * 128);
[8.439s]       |                           [01;35m[K^~~~[m[K
[8.440s] [01m[K/home/emag51/ros2_ws/src/teleop_twist_listener/src/teleop_listener.c:80:27:[m[K [01;36m[Knote: [m[Kinclude ‘[01m[K<math.h>[m[K’ or provide a declaration of ‘[01m[Kfabs[m[K’
[9.026s] [100%] [32m[1mLinking C executable teleop_listener[0m
[9.652s] [100%] Built target teleop_listener
[9.693s] Invoked command in '/home/emag51/ros2_ws/build/teleop_twist_listener' returned '0': /usr/bin/cmake --build /home/emag51/ros2_ws/build/teleop_twist_listener -- -j4 -l4
[9.733s] Invoking command in '/home/emag51/ros2_ws/build/teleop_twist_listener': /usr/bin/cmake --install /home/emag51/ros2_ws/build/teleop_twist_listener
[9.759s] -- Install configuration: ""
[9.760s] -- Installing: /home/emag51/ros2_ws/install/teleop_twist_listener/lib/teleop_twist_listener/teleop_listener
[9.762s] -- Set runtime path of "/home/emag51/ros2_ws/install/teleop_twist_listener/lib/teleop_twist_listener/teleop_listener" to ""
[9.763s] -- Up-to-date: /home/emag51/ros2_ws/install/teleop_twist_listener/share/ament_index/resource_index/package_run_dependencies/teleop_twist_listener
[9.763s] -- Up-to-date: /home/emag51/ros2_ws/install/teleop_twist_listener/share/ament_index/resource_index/parent_prefix_path/teleop_twist_listener
[9.764s] -- Up-to-date: /home/emag51/ros2_ws/install/teleop_twist_listener/share/teleop_twist_listener/environment/ament_prefix_path.sh
[9.764s] -- Installing: /home/emag51/ros2_ws/install/teleop_twist_listener/share/teleop_twist_listener/environment/ament_prefix_path.dsv
[9.765s] -- Up-to-date: /home/emag51/ros2_ws/install/teleop_twist_listener/share/teleop_twist_listener/environment/path.sh
[9.765s] -- Installing: /home/emag51/ros2_ws/install/teleop_twist_listener/share/teleop_twist_listener/environment/path.dsv
[9.765s] -- Up-to-date: /home/emag51/ros2_ws/install/teleop_twist_listener/share/teleop_twist_listener/local_setup.bash
[9.765s] -- Up-to-date: /home/emag51/ros2_ws/install/teleop_twist_listener/share/teleop_twist_listener/local_setup.sh
[9.766s] -- Up-to-date: /home/emag51/ros2_ws/install/teleop_twist_listener/share/teleop_twist_listener/local_setup.zsh
[9.766s] -- Installing: /home/emag51/ros2_ws/install/teleop_twist_listener/share/teleop_twist_listener/local_setup.dsv
[9.767s] -- Installing: /home/emag51/ros2_ws/install/teleop_twist_listener/share/teleop_twist_listener/package.dsv
[9.767s] -- Up-to-date: /home/emag51/ros2_ws/install/teleop_twist_listener/share/ament_index/resource_index/packages/teleop_twist_listener
[9.767s] -- Up-to-date: /home/emag51/ros2_ws/install/teleop_twist_listener/share/teleop_twist_listener/cmake/teleop_twist_listenerConfig.cmake
[9.768s] -- Up-to-date: /home/emag51/ros2_ws/install/teleop_twist_listener/share/teleop_twist_listener/cmake/teleop_twist_listenerConfig-version.cmake
[9.768s] -- Up-to-date: /home/emag51/ros2_ws/install/teleop_twist_listener/share/teleop_twist_listener/package.xml
[9.778s] Invoked command in '/home/emag51/ros2_ws/build/teleop_twist_listener' returned '0': /usr/bin/cmake --install /home/emag51/ros2_ws/build/teleop_twist_listener
