[5.140s] DEBUG:colcon:Command line arguments: ['/usr/bin/colcon', 'build', '--packages-select', 'teleop_twist_listener']
[5.141s] DEBUG:colcon:Parsed command line arguments: Namespace(log_base=None, log_level=None, verb_name='build', build_base='build', install_base='install', merge_install=False, symlink_install=False, test_result_base=None, continue_on_error=False, executor='parallel', parallel_workers=4, event_handlers=None, ignore_user_meta=False, metas=['./colcon.meta'], base_paths=['.'], packages_ignore=None, packages_ignore_regex=None, paths=None, packages_up_to=None, packages_up_to_regex=None, packages_above=None, packages_above_and_dependencies=None, packages_above_depth=None, packages_select_by_dep=None, packages_skip_by_dep=None, packages_skip_up_to=None, packages_select_build_failed=False, packages_skip_build_finished=False, packages_select_test_failures=False, packages_skip_test_passed=False, packages_select=['teleop_twist_listener'], packages_skip=None, packages_select_regex=None, packages_skip_regex=None, packages_start=None, packages_end=None, allow_overriding=[], cmake_args=None, cmake_target=None, cmake_target_skip_unavailable=False, cmake_clean_cache=False, cmake_clean_first=False, cmake_force_configure=False, ament_cmake_args=None, catkin_cmake_args=None, catkin_skip_building_tests=False, verb_parser=<colcon_defaults.argument_parser.defaults.DefaultArgumentsDecorator object at 0x70734bbf3520>, verb_extension=<colcon_core.verb.build.BuildVerb object at 0x70734bbf2470>, main=<bound method BuildVerb.main of <colcon_core.verb.build.BuildVerb object at 0x70734bbf2470>>)
[10.413s] Level 1:colcon.colcon_core.package_discovery:discover_packages(colcon_meta) check parameters
[10.413s] Level 1:colcon.colcon_core.package_discovery:discover_packages(recursive) check parameters
[10.413s] Level 1:colcon.colcon_core.package_discovery:discover_packages(ignore) check parameters
[10.413s] Level 1:colcon.colcon_core.package_discovery:discover_packages(path) check parameters
[10.414s] Level 1:colcon.colcon_core.package_discovery:discover_packages(colcon_meta) discover
[10.414s] Level 1:colcon.colcon_core.package_discovery:discover_packages(recursive) discover
[10.414s] INFO:colcon.colcon_core.package_discovery:Crawling recursively for packages in '/home/emag51/ros2_ws'
[10.414s] Level 1:colcon.colcon_core.package_identification:_identify(.) by extensions ['ignore', 'ignore_ament_install']
[10.415s] Level 1:colcon.colcon_core.package_identification:_identify(.) by extension 'ignore'
[10.415s] Level 1:colcon.colcon_core.package_identification:_identify(.) by extension 'ignore_ament_install'
[10.415s] Level 1:colcon.colcon_core.package_identification:_identify(.) by extensions ['colcon_pkg']
[10.416s] Level 1:colcon.colcon_core.package_identification:_identify(.) by extension 'colcon_pkg'
[10.416s] Level 1:colcon.colcon_core.package_identification:_identify(.) by extensions ['colcon_meta']
[10.416s] Level 1:colcon.colcon_core.package_identification:_identify(.) by extension 'colcon_meta'
[10.416s] Level 1:colcon.colcon_core.package_identification:_identify(.) by extensions ['ros']
[10.416s] Level 1:colcon.colcon_core.package_identification:_identify(.) by extension 'ros'
[10.545s] Level 1:colcon.colcon_core.package_identification:_identify(.) by extensions ['cmake', 'python']
[10.545s] Level 1:colcon.colcon_core.package_identification:_identify(.) by extension 'cmake'
[10.545s] Level 1:colcon.colcon_core.package_identification:_identify(.) by extension 'python'
[10.546s] Level 1:colcon.colcon_core.package_identification:_identify(.) by extensions ['python_setup_py']
[10.546s] Level 1:colcon.colcon_core.package_identification:_identify(.) by extension 'python_setup_py'
[10.546s] Level 1:colcon.colcon_core.package_identification:_identify(build) by extensions ['ignore', 'ignore_ament_install']
[10.547s] Level 1:colcon.colcon_core.package_identification:_identify(build) by extension 'ignore'
[10.547s] Level 1:colcon.colcon_core.package_identification:_identify(build) ignored
[10.547s] Level 1:colcon.colcon_core.package_identification:_identify(build-old) by extensions ['ignore', 'ignore_ament_install']
[10.548s] Level 1:colcon.colcon_core.package_identification:_identify(build-old) by extension 'ignore'
[10.548s] Level 1:colcon.colcon_core.package_identification:_identify(build-old) ignored
[10.548s] Level 1:colcon.colcon_core.package_identification:_identify(frames) by extensions ['ignore', 'ignore_ament_install']
[10.548s] Level 1:colcon.colcon_core.package_identification:_identify(frames) by extension 'ignore'
[10.549s] Level 1:colcon.colcon_core.package_identification:_identify(frames) by extension 'ignore_ament_install'
[10.549s] Level 1:colcon.colcon_core.package_identification:_identify(frames) by extensions ['colcon_pkg']
[10.549s] Level 1:colcon.colcon_core.package_identification:_identify(frames) by extension 'colcon_pkg'
[10.549s] Level 1:colcon.colcon_core.package_identification:_identify(frames) by extensions ['colcon_meta']
[10.549s] Level 1:colcon.colcon_core.package_identification:_identify(frames) by extension 'colcon_meta'
[10.550s] Level 1:colcon.colcon_core.package_identification:_identify(frames) by extensions ['ros']
[10.550s] Level 1:colcon.colcon_core.package_identification:_identify(frames) by extension 'ros'
[10.550s] Level 1:colcon.colcon_core.package_identification:_identify(frames) by extensions ['cmake', 'python']
[10.550s] Level 1:colcon.colcon_core.package_identification:_identify(frames) by extension 'cmake'
[10.550s] Level 1:colcon.colcon_core.package_identification:_identify(frames) by extension 'python'
[10.551s] Level 1:colcon.colcon_core.package_identification:_identify(frames) by extensions ['python_setup_py']
[10.551s] Level 1:colcon.colcon_core.package_identification:_identify(frames) by extension 'python_setup_py'
[10.551s] Level 1:colcon.colcon_core.package_identification:_identify(install) by extensions ['ignore', 'ignore_ament_install']
[10.551s] Level 1:colcon.colcon_core.package_identification:_identify(install) by extension 'ignore'
[10.552s] Level 1:colcon.colcon_core.package_identification:_identify(install) ignored
[10.552s] Level 1:colcon.colcon_core.package_identification:_identify(install-old) by extensions ['ignore', 'ignore_ament_install']
[10.552s] Level 1:colcon.colcon_core.package_identification:_identify(install-old) by extension 'ignore'
[10.552s] Level 1:colcon.colcon_core.package_identification:_identify(install-old) ignored
[10.553s] Level 1:colcon.colcon_core.package_identification:_identify(log) by extensions ['ignore', 'ignore_ament_install']
[10.553s] Level 1:colcon.colcon_core.package_identification:_identify(log) by extension 'ignore'
[10.553s] Level 1:colcon.colcon_core.package_identification:_identify(log) ignored
[10.554s] Level 1:colcon.colcon_core.package_identification:_identify(src) by extensions ['ignore', 'ignore_ament_install']
[10.554s] Level 1:colcon.colcon_core.package_identification:_identify(src) by extension 'ignore'
[10.554s] Level 1:colcon.colcon_core.package_identification:_identify(src) by extension 'ignore_ament_install'
[10.554s] Level 1:colcon.colcon_core.package_identification:_identify(src) by extensions ['colcon_pkg']
[10.554s] Level 1:colcon.colcon_core.package_identification:_identify(src) by extension 'colcon_pkg'
[10.555s] Level 1:colcon.colcon_core.package_identification:_identify(src) by extensions ['colcon_meta']
[10.555s] Level 1:colcon.colcon_core.package_identification:_identify(src) by extension 'colcon_meta'
[10.555s] Level 1:colcon.colcon_core.package_identification:_identify(src) by extensions ['ros']
[10.555s] Level 1:colcon.colcon_core.package_identification:_identify(src) by extension 'ros'
[10.555s] Level 1:colcon.colcon_core.package_identification:_identify(src) by extensions ['cmake', 'python']
[10.556s] Level 1:colcon.colcon_core.package_identification:_identify(src) by extension 'cmake'
[10.556s] Level 1:colcon.colcon_core.package_identification:_identify(src) by extension 'python'
[10.556s] Level 1:colcon.colcon_core.package_identification:_identify(src) by extensions ['python_setup_py']
[10.556s] Level 1:colcon.colcon_core.package_identification:_identify(src) by extension 'python_setup_py'
[10.556s] Level 1:colcon.colcon_core.package_identification:_identify(src/my_robot_description) by extensions ['ignore', 'ignore_ament_install']
[10.557s] Level 1:colcon.colcon_core.package_identification:_identify(src/my_robot_description) by extension 'ignore'
[10.557s] Level 1:colcon.colcon_core.package_identification:_identify(src/my_robot_description) by extension 'ignore_ament_install'
[10.557s] Level 1:colcon.colcon_core.package_identification:_identify(src/my_robot_description) by extensions ['colcon_pkg']
[10.557s] Level 1:colcon.colcon_core.package_identification:_identify(src/my_robot_description) by extension 'colcon_pkg'
[10.557s] Level 1:colcon.colcon_core.package_identification:_identify(src/my_robot_description) by extensions ['colcon_meta']
[10.558s] Level 1:colcon.colcon_core.package_identification:_identify(src/my_robot_description) by extension 'colcon_meta'
[10.558s] Level 1:colcon.colcon_core.package_identification:_identify(src/my_robot_description) by extensions ['ros']
[10.558s] Level 1:colcon.colcon_core.package_identification:_identify(src/my_robot_description) by extension 'ros'
[10.600s] DEBUG:colcon.colcon_core.package_identification:Package 'src/my_robot_description' with type 'ros.ament_python' and name 'my_robot_description'
[10.601s] Level 1:colcon.colcon_core.package_identification:_identify(src/rf2o_laser_odometry) by extensions ['ignore', 'ignore_ament_install']
[10.601s] Level 1:colcon.colcon_core.package_identification:_identify(src/rf2o_laser_odometry) by extension 'ignore'
[10.602s] Level 1:colcon.colcon_core.package_identification:_identify(src/rf2o_laser_odometry) by extension 'ignore_ament_install'
[10.602s] Level 1:colcon.colcon_core.package_identification:_identify(src/rf2o_laser_odometry) by extensions ['colcon_pkg']
[10.602s] Level 1:colcon.colcon_core.package_identification:_identify(src/rf2o_laser_odometry) by extension 'colcon_pkg'
[10.602s] Level 1:colcon.colcon_core.package_identification:_identify(src/rf2o_laser_odometry) by extensions ['colcon_meta']
[10.602s] Level 1:colcon.colcon_core.package_identification:_identify(src/rf2o_laser_odometry) by extension 'colcon_meta'
[10.603s] Level 1:colcon.colcon_core.package_identification:_identify(src/rf2o_laser_odometry) by extensions ['ros']
[10.603s] Level 1:colcon.colcon_core.package_identification:_identify(src/rf2o_laser_odometry) by extension 'ros'
[10.622s] DEBUG:colcon.colcon_core.package_identification:Package 'src/rf2o_laser_odometry' with type 'ros.ament_cmake' and name 'rf2o_laser_odometry'
[10.622s] Level 1:colcon.colcon_core.package_identification:_identify(src/robot_control) by extensions ['ignore', 'ignore_ament_install']
[10.623s] Level 1:colcon.colcon_core.package_identification:_identify(src/robot_control) by extension 'ignore'
[10.623s] Level 1:colcon.colcon_core.package_identification:_identify(src/robot_control) by extension 'ignore_ament_install'
[10.623s] Level 1:colcon.colcon_core.package_identification:_identify(src/robot_control) by extensions ['colcon_pkg']
[10.624s] Level 1:colcon.colcon_core.package_identification:_identify(src/robot_control) by extension 'colcon_pkg'
[10.624s] Level 1:colcon.colcon_core.package_identification:_identify(src/robot_control) by extensions ['colcon_meta']
[10.624s] Level 1:colcon.colcon_core.package_identification:_identify(src/robot_control) by extension 'colcon_meta'
[10.624s] Level 1:colcon.colcon_core.package_identification:_identify(src/robot_control) by extensions ['ros']
[10.624s] Level 1:colcon.colcon_core.package_identification:_identify(src/robot_control) by extension 'ros'
[10.647s] DEBUG:colcon.colcon_core.package_identification:Package 'src/robot_control' with type 'ros.catkin' and name 'robot_control'
[10.648s] Level 1:colcon.colcon_core.package_identification:_identify(src/rplidar_launch) by extensions ['ignore', 'ignore_ament_install']
[10.648s] Level 1:colcon.colcon_core.package_identification:_identify(src/rplidar_launch) by extension 'ignore'
[10.649s] Level 1:colcon.colcon_core.package_identification:_identify(src/rplidar_launch) by extension 'ignore_ament_install'
[10.649s] Level 1:colcon.colcon_core.package_identification:_identify(src/rplidar_launch) by extensions ['colcon_pkg']
[10.649s] Level 1:colcon.colcon_core.package_identification:_identify(src/rplidar_launch) by extension 'colcon_pkg'
[10.649s] Level 1:colcon.colcon_core.package_identification:_identify(src/rplidar_launch) by extensions ['colcon_meta']
[10.649s] Level 1:colcon.colcon_core.package_identification:_identify(src/rplidar_launch) by extension 'colcon_meta'
[10.649s] Level 1:colcon.colcon_core.package_identification:_identify(src/rplidar_launch) by extensions ['ros']
[10.650s] Level 1:colcon.colcon_core.package_identification:_identify(src/rplidar_launch) by extension 'ros'
[10.669s] DEBUG:colcon.colcon_core.package_identification:Package 'src/rplidar_launch' with type 'ros.ament_python' and name 'rplidar_launch'
[10.670s] Level 1:colcon.colcon_core.package_identification:_identify(src/slam_toolbox_launch) by extensions ['ignore', 'ignore_ament_install']
[10.670s] Level 1:colcon.colcon_core.package_identification:_identify(src/slam_toolbox_launch) by extension 'ignore'
[10.671s] Level 1:colcon.colcon_core.package_identification:_identify(src/slam_toolbox_launch) by extension 'ignore_ament_install'
[10.671s] Level 1:colcon.colcon_core.package_identification:_identify(src/slam_toolbox_launch) by extensions ['colcon_pkg']
[10.671s] Level 1:colcon.colcon_core.package_identification:_identify(src/slam_toolbox_launch) by extension 'colcon_pkg'
[10.671s] Level 1:colcon.colcon_core.package_identification:_identify(src/slam_toolbox_launch) by extensions ['colcon_meta']
[10.671s] Level 1:colcon.colcon_core.package_identification:_identify(src/slam_toolbox_launch) by extension 'colcon_meta'
[10.672s] Level 1:colcon.colcon_core.package_identification:_identify(src/slam_toolbox_launch) by extensions ['ros']
[10.672s] Level 1:colcon.colcon_core.package_identification:_identify(src/slam_toolbox_launch) by extension 'ros'
[10.685s] DEBUG:colcon.colcon_core.package_identification:Package 'src/slam_toolbox_launch' with type 'ros.ament_python' and name 'slam_toolbox_launch'
[10.686s] Level 1:colcon.colcon_core.package_identification:_identify(src/teleop_twist_listener) by extensions ['ignore', 'ignore_ament_install']
[10.686s] Level 1:colcon.colcon_core.package_identification:_identify(src/teleop_twist_listener) by extension 'ignore'
[10.686s] Level 1:colcon.colcon_core.package_identification:_identify(src/teleop_twist_listener) by extension 'ignore_ament_install'
[10.687s] Level 1:colcon.colcon_core.package_identification:_identify(src/teleop_twist_listener) by extensions ['colcon_pkg']
[10.687s] Level 1:colcon.colcon_core.package_identification:_identify(src/teleop_twist_listener) by extension 'colcon_pkg'
[10.687s] Level 1:colcon.colcon_core.package_identification:_identify(src/teleop_twist_listener) by extensions ['colcon_meta']
[10.687s] Level 1:colcon.colcon_core.package_identification:_identify(src/teleop_twist_listener) by extension 'colcon_meta'
[10.687s] Level 1:colcon.colcon_core.package_identification:_identify(src/teleop_twist_listener) by extensions ['ros']
[10.687s] Level 1:colcon.colcon_core.package_identification:_identify(src/teleop_twist_listener) by extension 'ros'
[10.700s] DEBUG:colcon.colcon_core.package_identification:Package 'src/teleop_twist_listener' with type 'ros.catkin' and name 'teleop_twist_listener'
[10.700s] Level 1:colcon.colcon_core.package_discovery:discover_packages(recursive) using defaults
[10.700s] Level 1:colcon.colcon_core.package_discovery:discover_packages(ignore) discover
[10.700s] Level 1:colcon.colcon_core.package_discovery:discover_packages(ignore) using defaults
[10.701s] Level 1:colcon.colcon_core.package_discovery:discover_packages(path) discover
[10.701s] Level 1:colcon.colcon_core.package_discovery:discover_packages(path) using defaults
[11.165s] INFO:colcon.colcon_core.package_selection:Skipping not selected package 'my_robot_description' in 'src/my_robot_description'
[11.166s] INFO:colcon.colcon_core.package_selection:Skipping not selected package 'rf2o_laser_odometry' in 'src/rf2o_laser_odometry'
[11.166s] INFO:colcon.colcon_core.package_selection:Skipping not selected package 'robot_control' in 'src/robot_control'
[11.166s] INFO:colcon.colcon_core.package_selection:Skipping not selected package 'rplidar_launch' in 'src/rplidar_launch'
[11.166s] INFO:colcon.colcon_core.package_selection:Skipping not selected package 'slam_toolbox_launch' in 'src/slam_toolbox_launch'
[11.187s] Level 1:colcon.colcon_core.package_discovery:discover_packages(prefix_path) check parameters
[11.187s] Level 1:colcon.colcon_core.package_discovery:discover_packages(prefix_path) discover
[11.248s] DEBUG:colcon.colcon_installed_package_information.package_discovery:Found 337 installed packages in /opt/ros/humble
[11.255s] Level 1:colcon.colcon_core.package_discovery:discover_packages(prefix_path) using defaults
[11.436s] Level 5:colcon.colcon_core.verb:set package 'teleop_twist_listener' build argument 'cmake_args' from command line to 'None'
[11.437s] Level 5:colcon.colcon_core.verb:set package 'teleop_twist_listener' build argument 'cmake_target' from command line to 'None'
[11.437s] Level 5:colcon.colcon_core.verb:set package 'teleop_twist_listener' build argument 'cmake_target_skip_unavailable' from command line to 'False'
[11.437s] Level 5:colcon.colcon_core.verb:set package 'teleop_twist_listener' build argument 'cmake_clean_cache' from command line to 'False'
[11.437s] Level 5:colcon.colcon_core.verb:set package 'teleop_twist_listener' build argument 'cmake_clean_first' from command line to 'False'
[11.437s] Level 5:colcon.colcon_core.verb:set package 'teleop_twist_listener' build argument 'cmake_force_configure' from command line to 'False'
[11.437s] Level 5:colcon.colcon_core.verb:set package 'teleop_twist_listener' build argument 'ament_cmake_args' from command line to 'None'
[11.437s] Level 5:colcon.colcon_core.verb:set package 'teleop_twist_listener' build argument 'catkin_cmake_args' from command line to 'None'
[11.437s] Level 5:colcon.colcon_core.verb:set package 'teleop_twist_listener' build argument 'catkin_skip_building_tests' from command line to 'False'
[11.437s] DEBUG:colcon.colcon_core.verb:Building package 'teleop_twist_listener' with the following arguments: {'ament_cmake_args': None, 'build_base': '/home/emag51/ros2_ws/build/teleop_twist_listener', 'catkin_cmake_args': None, 'catkin_skip_building_tests': False, 'cmake_args': None, 'cmake_clean_cache': False, 'cmake_clean_first': False, 'cmake_force_configure': False, 'cmake_target': None, 'cmake_target_skip_unavailable': False, 'install_base': '/home/emag51/ros2_ws/install/teleop_twist_listener', 'merge_install': False, 'path': '/home/emag51/ros2_ws/src/teleop_twist_listener', 'symlink_install': False, 'test_result_base': None}
[11.438s] INFO:colcon.colcon_core.executor:Executing jobs using 'parallel' executor
[11.441s] DEBUG:colcon.colcon_parallel_executor.executor.parallel:run_until_complete
[11.441s] INFO:colcon.colcon_ros.task.catkin.build:Building ROS package in '/home/emag51/ros2_ws/src/teleop_twist_listener' with build type 'catkin'
[11.442s] INFO:colcon.colcon_cmake.task.cmake.build:Building CMake package in '/home/emag51/ros2_ws/src/teleop_twist_listener'
[11.492s] INFO:colcon.colcon_core.plugin_system:Skipping extension 'colcon_core.shell.bat': Not used on non-Windows systems
[11.493s] INFO:colcon.colcon_core.shell:Skip shell extension 'powershell' for command environment: Not usable outside of PowerShell
[11.493s] DEBUG:colcon.colcon_core.shell:Skip shell extension 'dsv' for command environment
[11.589s] DEBUG:colcon.colcon_core.event_handler.log_command:Invoking command in '/home/emag51/ros2_ws/build/teleop_twist_listener': /usr/bin/cmake --build /home/emag51/ros2_ws/build/teleop_twist_listener -- -j4 -l4
[16.094s] DEBUG:colcon.colcon_core.event_handler.log_command:Invoked command in '/home/emag51/ros2_ws/build/teleop_twist_listener' returned '0': /usr/bin/cmake --build /home/emag51/ros2_ws/build/teleop_twist_listener -- -j4 -l4
[16.179s] DEBUG:colcon.colcon_core.event_handler.log_command:Invoking command in '/home/emag51/ros2_ws/build/teleop_twist_listener': /usr/bin/cmake --install /home/emag51/ros2_ws/build/teleop_twist_listener
[16.300s] DEBUG:colcon.colcon_core.event_handler.log_command:Invoked command in '/home/emag51/ros2_ws/build/teleop_twist_listener' returned '0': /usr/bin/cmake --install /home/emag51/ros2_ws/build/teleop_twist_listener
[16.301s] Level 1:colcon.colcon_core.shell:create_environment_hook('teleop_twist_listener', 'ros_package_path')
[16.302s] INFO:colcon.colcon_core.shell:Creating environment hook '/home/emag51/ros2_ws/install/teleop_twist_listener/share/teleop_twist_listener/hook/ros_package_path.ps1'
[16.351s] INFO:colcon.colcon_core.shell:Creating environment descriptor '/home/emag51/ros2_ws/install/teleop_twist_listener/share/teleop_twist_listener/hook/ros_package_path.dsv'
[16.376s] INFO:colcon.colcon_core.shell:Creating environment hook '/home/emag51/ros2_ws/install/teleop_twist_listener/share/teleop_twist_listener/hook/ros_package_path.sh'
[16.380s] Level 1:colcon.colcon_core.shell:create_environment_hook('teleop_twist_listener', 'pkg_config_path')
[16.381s] INFO:colcon.colcon_core.shell:Creating environment hook '/home/emag51/ros2_ws/install/teleop_twist_listener/share/teleop_twist_listener/hook/pkg_config_path.ps1'
[16.383s] INFO:colcon.colcon_core.shell:Creating environment descriptor '/home/emag51/ros2_ws/install/teleop_twist_listener/share/teleop_twist_listener/hook/pkg_config_path.dsv'
[16.384s] INFO:colcon.colcon_core.shell:Creating environment hook '/home/emag51/ros2_ws/install/teleop_twist_listener/share/teleop_twist_listener/hook/pkg_config_path.sh'
[16.391s] Level 1:colcon.colcon_core.shell:create_environment_hook('teleop_twist_listener', 'pkg_config_path_multiarch')
[16.392s] INFO:colcon.colcon_core.shell:Creating environment hook '/home/emag51/ros2_ws/install/teleop_twist_listener/share/teleop_twist_listener/hook/pkg_config_path_multiarch.ps1'
[16.394s] INFO:colcon.colcon_core.shell:Creating environment descriptor '/home/emag51/ros2_ws/install/teleop_twist_listener/share/teleop_twist_listener/hook/pkg_config_path_multiarch.dsv'
[16.396s] INFO:colcon.colcon_core.shell:Creating environment hook '/home/emag51/ros2_ws/install/teleop_twist_listener/share/teleop_twist_listener/hook/pkg_config_path_multiarch.sh'
[16.401s] Level 1:colcon.colcon_core.environment:create_environment_scripts_only(teleop_twist_listener)
[16.523s] Level 1:colcon.colcon_core.environment:checking '/home/emag51/ros2_ws/install/teleop_twist_listener' for CMake module files
[16.525s] Level 1:colcon.colcon_core.environment:checking '/home/emag51/ros2_ws/install/teleop_twist_listener' for CMake config files
[16.526s] Level 1:colcon.colcon_core.shell:create_environment_hook('teleop_twist_listener', 'cmake_prefix_path')
[16.527s] INFO:colcon.colcon_core.shell:Creating environment hook '/home/emag51/ros2_ws/install/teleop_twist_listener/share/teleop_twist_listener/hook/cmake_prefix_path.ps1'
[16.529s] INFO:colcon.colcon_core.shell:Creating environment descriptor '/home/emag51/ros2_ws/install/teleop_twist_listener/share/teleop_twist_listener/hook/cmake_prefix_path.dsv'
[16.531s] INFO:colcon.colcon_core.shell:Creating environment hook '/home/emag51/ros2_ws/install/teleop_twist_listener/share/teleop_twist_listener/hook/cmake_prefix_path.sh'
[16.533s] Level 1:colcon.colcon_core.environment:checking '/home/emag51/ros2_ws/install/teleop_twist_listener/lib'
[16.534s] Level 1:colcon.colcon_core.environment:checking '/home/emag51/ros2_ws/install/teleop_twist_listener/bin'
[16.535s] Level 1:colcon.colcon_core.environment:checking '/home/emag51/ros2_ws/install/teleop_twist_listener/lib/pkgconfig/teleop_twist_listener.pc'
[16.535s] Level 1:colcon.colcon_core.environment:checking '/home/emag51/ros2_ws/install/teleop_twist_listener/lib/python3.10/site-packages'
[16.536s] Level 1:colcon.colcon_core.environment:checking '/home/emag51/ros2_ws/install/teleop_twist_listener/bin'
[16.538s] INFO:colcon.colcon_core.shell:Creating package script '/home/emag51/ros2_ws/install/teleop_twist_listener/share/teleop_twist_listener/package.ps1'
[16.563s] INFO:colcon.colcon_core.shell:Creating package descriptor '/home/emag51/ros2_ws/install/teleop_twist_listener/share/teleop_twist_listener/package.dsv'
[16.589s] INFO:colcon.colcon_core.shell:Creating package script '/home/emag51/ros2_ws/install/teleop_twist_listener/share/teleop_twist_listener/package.sh'
[16.593s] INFO:colcon.colcon_core.shell:Creating package script '/home/emag51/ros2_ws/install/teleop_twist_listener/share/teleop_twist_listener/package.bash'
[16.610s] INFO:colcon.colcon_core.shell:Creating package script '/home/emag51/ros2_ws/install/teleop_twist_listener/share/teleop_twist_listener/package.zsh'
[16.614s] Level 1:colcon.colcon_core.environment:create_file_with_runtime_dependencies(/home/emag51/ros2_ws/install/teleop_twist_listener/share/colcon-core/packages/teleop_twist_listener)
[16.615s] DEBUG:colcon.colcon_parallel_executor.executor.parallel:closing loop
[16.616s] DEBUG:colcon.colcon_parallel_executor.executor.parallel:loop closed
[16.616s] DEBUG:colcon.colcon_parallel_executor.executor.parallel:run_until_complete finished with '0'
[16.617s] DEBUG:colcon.colcon_core.event_reactor:joining thread
[16.641s] INFO:colcon.colcon_core.plugin_system:Skipping extension 'colcon_notification.desktop_notification.terminal_notifier': Not used on non-Darwin systems
[16.642s] INFO:colcon.colcon_core.plugin_system:Skipping extension 'colcon_notification.desktop_notification.win32': Not used on non-Windows systems
[16.642s] INFO:colcon.colcon_notification.desktop_notification:Sending desktop notification using 'notify2'
[16.738s] DEBUG:colcon.colcon_core.event_reactor:joined thread
[16.740s] INFO:colcon.colcon_core.shell:Creating prefix script '/home/emag51/ros2_ws/install/local_setup.ps1'
[16.787s] INFO:colcon.colcon_core.shell:Creating prefix util module '/home/emag51/ros2_ws/install/_local_setup_util_ps1.py'
[16.793s] INFO:colcon.colcon_core.shell:Creating prefix chain script '/home/emag51/ros2_ws/install/setup.ps1'
[16.797s] INFO:colcon.colcon_core.shell:Creating prefix script '/home/emag51/ros2_ws/install/local_setup.sh'
[16.800s] INFO:colcon.colcon_core.shell:Creating prefix util module '/home/emag51/ros2_ws/install/_local_setup_util_sh.py'
[16.802s] INFO:colcon.colcon_core.shell:Creating prefix chain script '/home/emag51/ros2_ws/install/setup.sh'
[16.806s] INFO:colcon.colcon_core.shell:Creating prefix script '/home/emag51/ros2_ws/install/local_setup.bash'
[16.808s] INFO:colcon.colcon_core.shell:Creating prefix chain script '/home/emag51/ros2_ws/install/setup.bash'
[16.812s] INFO:colcon.colcon_core.shell:Creating prefix script '/home/emag51/ros2_ws/install/local_setup.zsh'
[16.815s] INFO:colcon.colcon_core.shell:Creating prefix chain script '/home/emag51/ros2_ws/install/setup.zsh'
