[0.644s] DEBUG:colcon:Command line arguments: ['/usr/bin/colcon', 'build']
[0.645s] DEBUG:colcon:Parsed command line arguments: Namespace(log_base=None, log_level=None, verb_name='build', build_base='build', install_base='install', merge_install=False, symlink_install=False, test_result_base=None, continue_on_error=False, executor='parallel', parallel_workers=4, event_handlers=None, ignore_user_meta=False, metas=['./colcon.meta'], base_paths=['.'], packages_ignore=None, packages_ignore_regex=None, paths=None, packages_up_to=None, packages_up_to_regex=None, packages_above=None, packages_above_and_dependencies=None, packages_above_depth=None, packages_select_by_dep=None, packages_skip_by_dep=None, packages_skip_up_to=None, packages_select_build_failed=False, packages_skip_build_finished=False, packages_select_test_failures=False, packages_skip_test_passed=False, packages_select=None, packages_skip=None, packages_select_regex=None, packages_skip_regex=None, packages_start=None, packages_end=None, allow_overriding=[], cmake_args=None, cmake_target=None, cmake_target_skip_unavailable=False, cmake_clean_cache=False, cmake_clean_first=False, cmake_force_configure=False, ament_cmake_args=None, catkin_cmake_args=None, catkin_skip_building_tests=False, verb_parser=<colcon_defaults.argument_parser.defaults.DefaultArgumentsDecorator object at 0x7ea1db6ef520>, verb_extension=<colcon_core.verb.build.BuildVerb object at 0x7ea1db6ee470>, main=<bound method BuildVerb.main of <colcon_core.verb.build.BuildVerb object at 0x7ea1db6ee470>>)
[5.389s] Level 1:colcon.colcon_core.package_discovery:discover_packages(colcon_meta) check parameters
[5.389s] Level 1:colcon.colcon_core.package_discovery:discover_packages(recursive) check parameters
[5.389s] Level 1:colcon.colcon_core.package_discovery:discover_packages(ignore) check parameters
[5.389s] Level 1:colcon.colcon_core.package_discovery:discover_packages(path) check parameters
[5.389s] Level 1:colcon.colcon_core.package_discovery:discover_packages(colcon_meta) discover
[5.390s] Level 1:colcon.colcon_core.package_discovery:discover_packages(recursive) discover
[5.390s] INFO:colcon.colcon_core.package_discovery:Crawling recursively for packages in '/home/emag51/ros2_ws'
[5.390s] Level 1:colcon.colcon_core.package_identification:_identify(.) by extensions ['ignore', 'ignore_ament_install']
[5.391s] Level 1:colcon.colcon_core.package_identification:_identify(.) by extension 'ignore'
[5.391s] Level 1:colcon.colcon_core.package_identification:_identify(.) by extension 'ignore_ament_install'
[5.391s] Level 1:colcon.colcon_core.package_identification:_identify(.) by extensions ['colcon_pkg']
[5.391s] Level 1:colcon.colcon_core.package_identification:_identify(.) by extension 'colcon_pkg'
[5.392s] Level 1:colcon.colcon_core.package_identification:_identify(.) by extensions ['colcon_meta']
[5.392s] Level 1:colcon.colcon_core.package_identification:_identify(.) by extension 'colcon_meta'
[5.392s] Level 1:colcon.colcon_core.package_identification:_identify(.) by extensions ['ros']
[5.392s] Level 1:colcon.colcon_core.package_identification:_identify(.) by extension 'ros'
[5.477s] Level 1:colcon.colcon_core.package_identification:_identify(.) by extensions ['cmake', 'python']
[5.478s] Level 1:colcon.colcon_core.package_identification:_identify(.) by extension 'cmake'
[5.478s] Level 1:colcon.colcon_core.package_identification:_identify(.) by extension 'python'
[5.478s] Level 1:colcon.colcon_core.package_identification:_identify(.) by extensions ['python_setup_py']
[5.478s] Level 1:colcon.colcon_core.package_identification:_identify(.) by extension 'python_setup_py'
[5.479s] Level 1:colcon.colcon_core.package_identification:_identify(build) by extensions ['ignore', 'ignore_ament_install']
[5.479s] Level 1:colcon.colcon_core.package_identification:_identify(build) by extension 'ignore'
[5.479s] Level 1:colcon.colcon_core.package_identification:_identify(build) ignored
[5.480s] Level 1:colcon.colcon_core.package_identification:_identify(build-old) by extensions ['ignore', 'ignore_ament_install']
[5.480s] Level 1:colcon.colcon_core.package_identification:_identify(build-old) by extension 'ignore'
[5.480s] Level 1:colcon.colcon_core.package_identification:_identify(build-old) ignored
[5.481s] Level 1:colcon.colcon_core.package_identification:_identify(frames) by extensions ['ignore', 'ignore_ament_install']
[5.481s] Level 1:colcon.colcon_core.package_identification:_identify(frames) by extension 'ignore'
[5.481s] Level 1:colcon.colcon_core.package_identification:_identify(frames) by extension 'ignore_ament_install'
[5.482s] Level 1:colcon.colcon_core.package_identification:_identify(frames) by extensions ['colcon_pkg']
[5.482s] Level 1:colcon.colcon_core.package_identification:_identify(frames) by extension 'colcon_pkg'
[5.482s] Level 1:colcon.colcon_core.package_identification:_identify(frames) by extensions ['colcon_meta']
[5.482s] Level 1:colcon.colcon_core.package_identification:_identify(frames) by extension 'colcon_meta'
[5.482s] Level 1:colcon.colcon_core.package_identification:_identify(frames) by extensions ['ros']
[5.482s] Level 1:colcon.colcon_core.package_identification:_identify(frames) by extension 'ros'
[5.483s] Level 1:colcon.colcon_core.package_identification:_identify(frames) by extensions ['cmake', 'python']
[5.483s] Level 1:colcon.colcon_core.package_identification:_identify(frames) by extension 'cmake'
[5.483s] Level 1:colcon.colcon_core.package_identification:_identify(frames) by extension 'python'
[5.483s] Level 1:colcon.colcon_core.package_identification:_identify(frames) by extensions ['python_setup_py']
[5.484s] Level 1:colcon.colcon_core.package_identification:_identify(frames) by extension 'python_setup_py'
[5.484s] Level 1:colcon.colcon_core.package_identification:_identify(install) by extensions ['ignore', 'ignore_ament_install']
[5.484s] Level 1:colcon.colcon_core.package_identification:_identify(install) by extension 'ignore'
[5.485s] Level 1:colcon.colcon_core.package_identification:_identify(install) ignored
[5.485s] Level 1:colcon.colcon_core.package_identification:_identify(install-old) by extensions ['ignore', 'ignore_ament_install']
[5.485s] Level 1:colcon.colcon_core.package_identification:_identify(install-old) by extension 'ignore'
[5.485s] Level 1:colcon.colcon_core.package_identification:_identify(install-old) ignored
[5.486s] Level 1:colcon.colcon_core.package_identification:_identify(log) by extensions ['ignore', 'ignore_ament_install']
[5.486s] Level 1:colcon.colcon_core.package_identification:_identify(log) by extension 'ignore'
[5.486s] Level 1:colcon.colcon_core.package_identification:_identify(log) ignored
[5.487s] Level 1:colcon.colcon_core.package_identification:_identify(src) by extensions ['ignore', 'ignore_ament_install']
[5.487s] Level 1:colcon.colcon_core.package_identification:_identify(src) by extension 'ignore'
[5.487s] Level 1:colcon.colcon_core.package_identification:_identify(src) by extension 'ignore_ament_install'
[5.487s] Level 1:colcon.colcon_core.package_identification:_identify(src) by extensions ['colcon_pkg']
[5.488s] Level 1:colcon.colcon_core.package_identification:_identify(src) by extension 'colcon_pkg'
[5.488s] Level 1:colcon.colcon_core.package_identification:_identify(src) by extensions ['colcon_meta']
[5.488s] Level 1:colcon.colcon_core.package_identification:_identify(src) by extension 'colcon_meta'
[5.488s] Level 1:colcon.colcon_core.package_identification:_identify(src) by extensions ['ros']
[5.488s] Level 1:colcon.colcon_core.package_identification:_identify(src) by extension 'ros'
[5.489s] Level 1:colcon.colcon_core.package_identification:_identify(src) by extensions ['cmake', 'python']
[5.489s] Level 1:colcon.colcon_core.package_identification:_identify(src) by extension 'cmake'
[5.489s] Level 1:colcon.colcon_core.package_identification:_identify(src) by extension 'python'
[5.489s] Level 1:colcon.colcon_core.package_identification:_identify(src) by extensions ['python_setup_py']
[5.489s] Level 1:colcon.colcon_core.package_identification:_identify(src) by extension 'python_setup_py'
[5.489s] Level 1:colcon.colcon_core.package_identification:_identify(src/my_robot_description) by extensions ['ignore', 'ignore_ament_install']
[5.490s] Level 1:colcon.colcon_core.package_identification:_identify(src/my_robot_description) by extension 'ignore'
[5.490s] Level 1:colcon.colcon_core.package_identification:_identify(src/my_robot_description) by extension 'ignore_ament_install'
[5.490s] Level 1:colcon.colcon_core.package_identification:_identify(src/my_robot_description) by extensions ['colcon_pkg']
[5.490s] Level 1:colcon.colcon_core.package_identification:_identify(src/my_robot_description) by extension 'colcon_pkg'
[5.491s] Level 1:colcon.colcon_core.package_identification:_identify(src/my_robot_description) by extensions ['colcon_meta']
[5.491s] Level 1:colcon.colcon_core.package_identification:_identify(src/my_robot_description) by extension 'colcon_meta'
[5.491s] Level 1:colcon.colcon_core.package_identification:_identify(src/my_robot_description) by extensions ['ros']
[5.491s] Level 1:colcon.colcon_core.package_identification:_identify(src/my_robot_description) by extension 'ros'
[5.532s] DEBUG:colcon.colcon_core.package_identification:Package 'src/my_robot_description' with type 'ros.ament_python' and name 'my_robot_description'
[5.532s] Level 1:colcon.colcon_core.package_identification:_identify(src/rf2o_laser_odometry) by extensions ['ignore', 'ignore_ament_install']
[5.533s] Level 1:colcon.colcon_core.package_identification:_identify(src/rf2o_laser_odometry) by extension 'ignore'
[5.533s] Level 1:colcon.colcon_core.package_identification:_identify(src/rf2o_laser_odometry) by extension 'ignore_ament_install'
[5.533s] Level 1:colcon.colcon_core.package_identification:_identify(src/rf2o_laser_odometry) by extensions ['colcon_pkg']
[5.533s] Level 1:colcon.colcon_core.package_identification:_identify(src/rf2o_laser_odometry) by extension 'colcon_pkg'
[5.534s] Level 1:colcon.colcon_core.package_identification:_identify(src/rf2o_laser_odometry) by extensions ['colcon_meta']
[5.534s] Level 1:colcon.colcon_core.package_identification:_identify(src/rf2o_laser_odometry) by extension 'colcon_meta'
[5.534s] Level 1:colcon.colcon_core.package_identification:_identify(src/rf2o_laser_odometry) by extensions ['ros']
[5.534s] Level 1:colcon.colcon_core.package_identification:_identify(src/rf2o_laser_odometry) by extension 'ros'
[5.553s] DEBUG:colcon.colcon_core.package_identification:Package 'src/rf2o_laser_odometry' with type 'ros.ament_cmake' and name 'rf2o_laser_odometry'
[5.554s] Level 1:colcon.colcon_core.package_identification:_identify(src/robot_control) by extensions ['ignore', 'ignore_ament_install']
[5.554s] Level 1:colcon.colcon_core.package_identification:_identify(src/robot_control) by extension 'ignore'
[5.554s] Level 1:colcon.colcon_core.package_identification:_identify(src/robot_control) by extension 'ignore_ament_install'
[5.555s] Level 1:colcon.colcon_core.package_identification:_identify(src/robot_control) by extensions ['colcon_pkg']
[5.555s] Level 1:colcon.colcon_core.package_identification:_identify(src/robot_control) by extension 'colcon_pkg'
[5.555s] Level 1:colcon.colcon_core.package_identification:_identify(src/robot_control) by extensions ['colcon_meta']
[5.555s] Level 1:colcon.colcon_core.package_identification:_identify(src/robot_control) by extension 'colcon_meta'
[5.555s] Level 1:colcon.colcon_core.package_identification:_identify(src/robot_control) by extensions ['ros']
[5.555s] Level 1:colcon.colcon_core.package_identification:_identify(src/robot_control) by extension 'ros'
[5.577s] DEBUG:colcon.colcon_core.package_identification:Package 'src/robot_control' with type 'ros.catkin' and name 'robot_control'
[5.578s] Level 1:colcon.colcon_core.package_identification:_identify(src/rplidar_launch) by extensions ['ignore', 'ignore_ament_install']
[5.578s] Level 1:colcon.colcon_core.package_identification:_identify(src/rplidar_launch) by extension 'ignore'
[5.578s] Level 1:colcon.colcon_core.package_identification:_identify(src/rplidar_launch) by extension 'ignore_ament_install'
[5.579s] Level 1:colcon.colcon_core.package_identification:_identify(src/rplidar_launch) by extensions ['colcon_pkg']
[5.579s] Level 1:colcon.colcon_core.package_identification:_identify(src/rplidar_launch) by extension 'colcon_pkg'
[5.579s] Level 1:colcon.colcon_core.package_identification:_identify(src/rplidar_launch) by extensions ['colcon_meta']
[5.579s] Level 1:colcon.colcon_core.package_identification:_identify(src/rplidar_launch) by extension 'colcon_meta'
[5.579s] Level 1:colcon.colcon_core.package_identification:_identify(src/rplidar_launch) by extensions ['ros']
[5.579s] Level 1:colcon.colcon_core.package_identification:_identify(src/rplidar_launch) by extension 'ros'
[5.590s] DEBUG:colcon.colcon_core.package_identification:Package 'src/rplidar_launch' with type 'ros.ament_python' and name 'rplidar_launch'
[5.590s] Level 1:colcon.colcon_core.package_identification:_identify(src/slam_toolbox_launch) by extensions ['ignore', 'ignore_ament_install']
[5.591s] Level 1:colcon.colcon_core.package_identification:_identify(src/slam_toolbox_launch) by extension 'ignore'
[5.591s] Level 1:colcon.colcon_core.package_identification:_identify(src/slam_toolbox_launch) by extension 'ignore_ament_install'
[5.592s] Level 1:colcon.colcon_core.package_identification:_identify(src/slam_toolbox_launch) by extensions ['colcon_pkg']
[5.592s] Level 1:colcon.colcon_core.package_identification:_identify(src/slam_toolbox_launch) by extension 'colcon_pkg'
[5.592s] Level 1:colcon.colcon_core.package_identification:_identify(src/slam_toolbox_launch) by extensions ['colcon_meta']
[5.592s] Level 1:colcon.colcon_core.package_identification:_identify(src/slam_toolbox_launch) by extension 'colcon_meta'
[5.592s] Level 1:colcon.colcon_core.package_identification:_identify(src/slam_toolbox_launch) by extensions ['ros']
[5.592s] Level 1:colcon.colcon_core.package_identification:_identify(src/slam_toolbox_launch) by extension 'ros'
[5.605s] DEBUG:colcon.colcon_core.package_identification:Package 'src/slam_toolbox_launch' with type 'ros.ament_python' and name 'slam_toolbox_launch'
[5.606s] Level 1:colcon.colcon_core.package_identification:_identify(src/teleop_twist_listener) by extensions ['ignore', 'ignore_ament_install']
[5.606s] Level 1:colcon.colcon_core.package_identification:_identify(src/teleop_twist_listener) by extension 'ignore'
[5.607s] Level 1:colcon.colcon_core.package_identification:_identify(src/teleop_twist_listener) by extension 'ignore_ament_install'
[5.607s] Level 1:colcon.colcon_core.package_identification:_identify(src/teleop_twist_listener) by extensions ['colcon_pkg']
[5.607s] Level 1:colcon.colcon_core.package_identification:_identify(src/teleop_twist_listener) by extension 'colcon_pkg'
[5.607s] Level 1:colcon.colcon_core.package_identification:_identify(src/teleop_twist_listener) by extensions ['colcon_meta']
[5.607s] Level 1:colcon.colcon_core.package_identification:_identify(src/teleop_twist_listener) by extension 'colcon_meta'
[5.608s] Level 1:colcon.colcon_core.package_identification:_identify(src/teleop_twist_listener) by extensions ['ros']
[5.608s] Level 1:colcon.colcon_core.package_identification:_identify(src/teleop_twist_listener) by extension 'ros'
[5.620s] DEBUG:colcon.colcon_core.package_identification:Package 'src/teleop_twist_listener' with type 'ros.catkin' and name 'teleop_twist_listener'
[5.620s] Level 1:colcon.colcon_core.package_discovery:discover_packages(recursive) using defaults
[5.621s] Level 1:colcon.colcon_core.package_discovery:discover_packages(ignore) discover
[5.621s] Level 1:colcon.colcon_core.package_discovery:discover_packages(ignore) using defaults
[5.621s] Level 1:colcon.colcon_core.package_discovery:discover_packages(path) discover
[5.621s] Level 1:colcon.colcon_core.package_discovery:discover_packages(path) using defaults
[5.896s] Level 1:colcon.colcon_core.package_discovery:discover_packages(prefix_path) check parameters
[5.896s] Level 1:colcon.colcon_core.package_discovery:discover_packages(prefix_path) discover
[5.941s] DEBUG:colcon.colcon_installed_package_information.package_discovery:Found 1 installed packages in /home/emag51/ros2_ws/install
[5.948s] DEBUG:colcon.colcon_installed_package_information.package_discovery:Found 337 installed packages in /opt/ros/humble
[5.955s] Level 1:colcon.colcon_core.package_discovery:discover_packages(prefix_path) using defaults
[6.160s] Level 5:colcon.colcon_core.verb:set package 'my_robot_description' build argument 'cmake_args' from command line to 'None'
[6.160s] Level 5:colcon.colcon_core.verb:set package 'my_robot_description' build argument 'cmake_target' from command line to 'None'
[6.160s] Level 5:colcon.colcon_core.verb:set package 'my_robot_description' build argument 'cmake_target_skip_unavailable' from command line to 'False'
[6.161s] Level 5:colcon.colcon_core.verb:set package 'my_robot_description' build argument 'cmake_clean_cache' from command line to 'False'
[6.161s] Level 5:colcon.colcon_core.verb:set package 'my_robot_description' build argument 'cmake_clean_first' from command line to 'False'
[6.161s] Level 5:colcon.colcon_core.verb:set package 'my_robot_description' build argument 'cmake_force_configure' from command line to 'False'
[6.161s] Level 5:colcon.colcon_core.verb:set package 'my_robot_description' build argument 'ament_cmake_args' from command line to 'None'
[6.161s] Level 5:colcon.colcon_core.verb:set package 'my_robot_description' build argument 'catkin_cmake_args' from command line to 'None'
[6.161s] Level 5:colcon.colcon_core.verb:set package 'my_robot_description' build argument 'catkin_skip_building_tests' from command line to 'False'
[6.161s] DEBUG:colcon.colcon_core.verb:Building package 'my_robot_description' with the following arguments: {'ament_cmake_args': None, 'build_base': '/home/emag51/ros2_ws/build/my_robot_description', 'catkin_cmake_args': None, 'catkin_skip_building_tests': False, 'cmake_args': None, 'cmake_clean_cache': False, 'cmake_clean_first': False, 'cmake_force_configure': False, 'cmake_target': None, 'cmake_target_skip_unavailable': False, 'install_base': '/home/emag51/ros2_ws/install/my_robot_description', 'merge_install': False, 'path': '/home/emag51/ros2_ws/src/my_robot_description', 'symlink_install': False, 'test_result_base': None}
[6.163s] Level 5:colcon.colcon_core.verb:set package 'rf2o_laser_odometry' build argument 'cmake_args' from command line to 'None'
[6.163s] Level 5:colcon.colcon_core.verb:set package 'rf2o_laser_odometry' build argument 'cmake_target' from command line to 'None'
[6.163s] Level 5:colcon.colcon_core.verb:set package 'rf2o_laser_odometry' build argument 'cmake_target_skip_unavailable' from command line to 'False'
[6.163s] Level 5:colcon.colcon_core.verb:set package 'rf2o_laser_odometry' build argument 'cmake_clean_cache' from command line to 'False'
[6.163s] Level 5:colcon.colcon_core.verb:set package 'rf2o_laser_odometry' build argument 'cmake_clean_first' from command line to 'False'
[6.163s] Level 5:colcon.colcon_core.verb:set package 'rf2o_laser_odometry' build argument 'cmake_force_configure' from command line to 'False'
[6.163s] Level 5:colcon.colcon_core.verb:set package 'rf2o_laser_odometry' build argument 'ament_cmake_args' from command line to 'None'
[6.163s] Level 5:colcon.colcon_core.verb:set package 'rf2o_laser_odometry' build argument 'catkin_cmake_args' from command line to 'None'
[6.163s] Level 5:colcon.colcon_core.verb:set package 'rf2o_laser_odometry' build argument 'catkin_skip_building_tests' from command line to 'False'
[6.164s] DEBUG:colcon.colcon_core.verb:Building package 'rf2o_laser_odometry' with the following arguments: {'ament_cmake_args': None, 'build_base': '/home/emag51/ros2_ws/build/rf2o_laser_odometry', 'catkin_cmake_args': None, 'catkin_skip_building_tests': False, 'cmake_args': None, 'cmake_clean_cache': False, 'cmake_clean_first': False, 'cmake_force_configure': False, 'cmake_target': None, 'cmake_target_skip_unavailable': False, 'install_base': '/home/emag51/ros2_ws/install/rf2o_laser_odometry', 'merge_install': False, 'path': '/home/emag51/ros2_ws/src/rf2o_laser_odometry', 'symlink_install': False, 'test_result_base': None}
[6.165s] Level 5:colcon.colcon_core.verb:set package 'robot_control' build argument 'cmake_args' from command line to 'None'
[6.165s] Level 5:colcon.colcon_core.verb:set package 'robot_control' build argument 'cmake_target' from command line to 'None'
[6.165s] Level 5:colcon.colcon_core.verb:set package 'robot_control' build argument 'cmake_target_skip_unavailable' from command line to 'False'
[6.165s] Level 5:colcon.colcon_core.verb:set package 'robot_control' build argument 'cmake_clean_cache' from command line to 'False'
[6.165s] Level 5:colcon.colcon_core.verb:set package 'robot_control' build argument 'cmake_clean_first' from command line to 'False'
[6.165s] Level 5:colcon.colcon_core.verb:set package 'robot_control' build argument 'cmake_force_configure' from command line to 'False'
[6.165s] Level 5:colcon.colcon_core.verb:set package 'robot_control' build argument 'ament_cmake_args' from command line to 'None'
[6.166s] Level 5:colcon.colcon_core.verb:set package 'robot_control' build argument 'catkin_cmake_args' from command line to 'None'
[6.166s] Level 5:colcon.colcon_core.verb:set package 'robot_control' build argument 'catkin_skip_building_tests' from command line to 'False'
[6.166s] DEBUG:colcon.colcon_core.verb:Building package 'robot_control' with the following arguments: {'ament_cmake_args': None, 'build_base': '/home/emag51/ros2_ws/build/robot_control', 'catkin_cmake_args': None, 'catkin_skip_building_tests': False, 'cmake_args': None, 'cmake_clean_cache': False, 'cmake_clean_first': False, 'cmake_force_configure': False, 'cmake_target': None, 'cmake_target_skip_unavailable': False, 'install_base': '/home/emag51/ros2_ws/install/robot_control', 'merge_install': False, 'path': '/home/emag51/ros2_ws/src/robot_control', 'symlink_install': False, 'test_result_base': None}
[6.167s] Level 5:colcon.colcon_core.verb:set package 'rplidar_launch' build argument 'cmake_args' from command line to 'None'
[6.167s] Level 5:colcon.colcon_core.verb:set package 'rplidar_launch' build argument 'cmake_target' from command line to 'None'
[6.167s] Level 5:colcon.colcon_core.verb:set package 'rplidar_launch' build argument 'cmake_target_skip_unavailable' from command line to 'False'
[6.167s] Level 5:colcon.colcon_core.verb:set package 'rplidar_launch' build argument 'cmake_clean_cache' from command line to 'False'
[6.168s] Level 5:colcon.colcon_core.verb:set package 'rplidar_launch' build argument 'cmake_clean_first' from command line to 'False'
[6.168s] Level 5:colcon.colcon_core.verb:set package 'rplidar_launch' build argument 'cmake_force_configure' from command line to 'False'
[6.168s] Level 5:colcon.colcon_core.verb:set package 'rplidar_launch' build argument 'ament_cmake_args' from command line to 'None'
[6.168s] Level 5:colcon.colcon_core.verb:set package 'rplidar_launch' build argument 'catkin_cmake_args' from command line to 'None'
[6.168s] Level 5:colcon.colcon_core.verb:set package 'rplidar_launch' build argument 'catkin_skip_building_tests' from command line to 'False'
[6.168s] DEBUG:colcon.colcon_core.verb:Building package 'rplidar_launch' with the following arguments: {'ament_cmake_args': None, 'build_base': '/home/emag51/ros2_ws/build/rplidar_launch', 'catkin_cmake_args': None, 'catkin_skip_building_tests': False, 'cmake_args': None, 'cmake_clean_cache': False, 'cmake_clean_first': False, 'cmake_force_configure': False, 'cmake_target': None, 'cmake_target_skip_unavailable': False, 'install_base': '/home/emag51/ros2_ws/install/rplidar_launch', 'merge_install': False, 'path': '/home/emag51/ros2_ws/src/rplidar_launch', 'symlink_install': False, 'test_result_base': None}
[6.169s] Level 5:colcon.colcon_core.verb:set package 'slam_toolbox_launch' build argument 'cmake_args' from command line to 'None'
[6.169s] Level 5:colcon.colcon_core.verb:set package 'slam_toolbox_launch' build argument 'cmake_target' from command line to 'None'
[6.170s] Level 5:colcon.colcon_core.verb:set package 'slam_toolbox_launch' build argument 'cmake_target_skip_unavailable' from command line to 'False'
[6.170s] Level 5:colcon.colcon_core.verb:set package 'slam_toolbox_launch' build argument 'cmake_clean_cache' from command line to 'False'
[6.170s] Level 5:colcon.colcon_core.verb:set package 'slam_toolbox_launch' build argument 'cmake_clean_first' from command line to 'False'
[6.170s] Level 5:colcon.colcon_core.verb:set package 'slam_toolbox_launch' build argument 'cmake_force_configure' from command line to 'False'
[6.170s] Level 5:colcon.colcon_core.verb:set package 'slam_toolbox_launch' build argument 'ament_cmake_args' from command line to 'None'
[6.170s] Level 5:colcon.colcon_core.verb:set package 'slam_toolbox_launch' build argument 'catkin_cmake_args' from command line to 'None'
[6.170s] Level 5:colcon.colcon_core.verb:set package 'slam_toolbox_launch' build argument 'catkin_skip_building_tests' from command line to 'False'
[6.170s] DEBUG:colcon.colcon_core.verb:Building package 'slam_toolbox_launch' with the following arguments: {'ament_cmake_args': None, 'build_base': '/home/emag51/ros2_ws/build/slam_toolbox_launch', 'catkin_cmake_args': None, 'catkin_skip_building_tests': False, 'cmake_args': None, 'cmake_clean_cache': False, 'cmake_clean_first': False, 'cmake_force_configure': False, 'cmake_target': None, 'cmake_target_skip_unavailable': False, 'install_base': '/home/emag51/ros2_ws/install/slam_toolbox_launch', 'merge_install': False, 'path': '/home/emag51/ros2_ws/src/slam_toolbox_launch', 'symlink_install': False, 'test_result_base': None}
[6.172s] Level 5:colcon.colcon_core.verb:set package 'teleop_twist_listener' build argument 'cmake_args' from command line to 'None'
[6.172s] Level 5:colcon.colcon_core.verb:set package 'teleop_twist_listener' build argument 'cmake_target' from command line to 'None'
[6.172s] Level 5:colcon.colcon_core.verb:set package 'teleop_twist_listener' build argument 'cmake_target_skip_unavailable' from command line to 'False'
[6.172s] Level 5:colcon.colcon_core.verb:set package 'teleop_twist_listener' build argument 'cmake_clean_cache' from command line to 'False'
[6.172s] Level 5:colcon.colcon_core.verb:set package 'teleop_twist_listener' build argument 'cmake_clean_first' from command line to 'False'
[6.172s] Level 5:colcon.colcon_core.verb:set package 'teleop_twist_listener' build argument 'cmake_force_configure' from command line to 'False'
[6.172s] Level 5:colcon.colcon_core.verb:set package 'teleop_twist_listener' build argument 'ament_cmake_args' from command line to 'None'
[6.172s] Level 5:colcon.colcon_core.verb:set package 'teleop_twist_listener' build argument 'catkin_cmake_args' from command line to 'None'
[6.172s] Level 5:colcon.colcon_core.verb:set package 'teleop_twist_listener' build argument 'catkin_skip_building_tests' from command line to 'False'
[6.173s] DEBUG:colcon.colcon_core.verb:Building package 'teleop_twist_listener' with the following arguments: {'ament_cmake_args': None, 'build_base': '/home/emag51/ros2_ws/build/teleop_twist_listener', 'catkin_cmake_args': None, 'catkin_skip_building_tests': False, 'cmake_args': None, 'cmake_clean_cache': False, 'cmake_clean_first': False, 'cmake_force_configure': False, 'cmake_target': None, 'cmake_target_skip_unavailable': False, 'install_base': '/home/emag51/ros2_ws/install/teleop_twist_listener', 'merge_install': False, 'path': '/home/emag51/ros2_ws/src/teleop_twist_listener', 'symlink_install': False, 'test_result_base': None}
[6.173s] INFO:colcon.colcon_core.executor:Executing jobs using 'parallel' executor
[6.176s] DEBUG:colcon.colcon_parallel_executor.executor.parallel:run_until_complete
[6.177s] INFO:colcon.colcon_ros.task.ament_python.build:Building ROS package in '/home/emag51/ros2_ws/src/my_robot_description' with build type 'ament_python'
[6.177s] Level 1:colcon.colcon_core.shell:create_environment_hook('my_robot_description', 'ament_prefix_path')
[6.202s] INFO:colcon.colcon_core.plugin_system:Skipping extension 'colcon_core.shell.bat': Not used on non-Windows systems
[6.202s] INFO:colcon.colcon_core.shell:Creating environment hook '/home/emag51/ros2_ws/install/my_robot_description/share/my_robot_description/hook/ament_prefix_path.ps1'
[6.227s] INFO:colcon.colcon_core.shell:Creating environment descriptor '/home/emag51/ros2_ws/install/my_robot_description/share/my_robot_description/hook/ament_prefix_path.dsv'
[6.252s] INFO:colcon.colcon_core.shell:Creating environment hook '/home/emag51/ros2_ws/install/my_robot_description/share/my_robot_description/hook/ament_prefix_path.sh'
[6.255s] INFO:colcon.colcon_core.shell:Skip shell extension 'powershell' for command environment: Not usable outside of PowerShell
[6.255s] DEBUG:colcon.colcon_core.shell:Skip shell extension 'dsv' for command environment
[6.269s] INFO:colcon.colcon_ros.task.ament_cmake.build:Building ROS package in '/home/emag51/ros2_ws/src/rf2o_laser_odometry' with build type 'ament_cmake'
[6.269s] INFO:colcon.colcon_cmake.task.cmake.build:Building CMake package in '/home/emag51/ros2_ws/src/rf2o_laser_odometry'
[6.270s] INFO:colcon.colcon_core.shell:Skip shell extension 'powershell' for command environment: Not usable outside of PowerShell
[6.270s] DEBUG:colcon.colcon_core.shell:Skip shell extension 'dsv' for command environment
[6.283s] INFO:colcon.colcon_ros.task.catkin.build:Building ROS package in '/home/emag51/ros2_ws/src/robot_control' with build type 'catkin'
[6.285s] INFO:colcon.colcon_cmake.task.cmake.build:Building CMake package in '/home/emag51/ros2_ws/src/robot_control'
[6.286s] INFO:colcon.colcon_core.shell:Skip shell extension 'powershell' for command environment: Not usable outside of PowerShell
[6.286s] DEBUG:colcon.colcon_core.shell:Skip shell extension 'dsv' for command environment
[6.299s] INFO:colcon.colcon_ros.task.ament_python.build:Building ROS package in '/home/emag51/ros2_ws/src/rplidar_launch' with build type 'ament_python'
[6.299s] Level 1:colcon.colcon_core.shell:create_environment_hook('rplidar_launch', 'ament_prefix_path')
[6.301s] INFO:colcon.colcon_core.shell:Creating environment hook '/home/emag51/ros2_ws/install/rplidar_launch/share/rplidar_launch/hook/ament_prefix_path.ps1'
[6.307s] INFO:colcon.colcon_core.shell:Creating environment descriptor '/home/emag51/ros2_ws/install/rplidar_launch/share/rplidar_launch/hook/ament_prefix_path.dsv'
[6.310s] INFO:colcon.colcon_core.shell:Creating environment hook '/home/emag51/ros2_ws/install/rplidar_launch/share/rplidar_launch/hook/ament_prefix_path.sh'
[6.313s] INFO:colcon.colcon_core.shell:Skip shell extension 'powershell' for command environment: Not usable outside of PowerShell
[6.314s] DEBUG:colcon.colcon_core.shell:Skip shell extension 'dsv' for command environment
[7.455s] INFO:colcon.colcon_core.task.python.build:Building Python package in '/home/emag51/ros2_ws/src/my_robot_description'
[7.456s] INFO:colcon.colcon_core.shell:Skip shell extension 'powershell' for command environment: Not usable outside of PowerShell
[7.457s] DEBUG:colcon.colcon_core.shell:Skip shell extension 'dsv' for command environment
[7.481s] DEBUG:colcon.colcon_core.event_handler.log_command:Invoking command in '/home/emag51/ros2_ws/build/rf2o_laser_odometry': CMAKE_PREFIX_PATH=/opt/ros/humble:${CMAKE_PREFIX_PATH} /usr/bin/cmake /home/emag51/ros2_ws/src/rf2o_laser_odometry -DCMAKE_INSTALL_PREFIX=/home/emag51/ros2_ws/install/rf2o_laser_odometry
[7.498s] DEBUG:colcon.colcon_core.event_handler.log_command:Invoking command in '/home/emag51/ros2_ws/build/robot_control': /usr/bin/cmake /home/emag51/ros2_ws/src/robot_control -DCATKIN_INSTALL_INTO_PREFIX_ROOT=0 -DCMAKE_INSTALL_PREFIX=/home/emag51/ros2_ws/install/robot_control
[8.513s] INFO:colcon.colcon_core.task.python.build:Building Python package in '/home/emag51/ros2_ws/src/rplidar_launch'
[8.513s] INFO:colcon.colcon_core.shell:Skip shell extension 'powershell' for command environment: Not usable outside of PowerShell
[8.514s] DEBUG:colcon.colcon_core.shell:Skip shell extension 'dsv' for command environment
[10.608s] DEBUG:colcon.colcon_core.event_handler.log_command:Invoking command in '/home/emag51/ros2_ws/src/rplidar_launch': PYTHONPATH=/home/emag51/ros2_ws/build/rplidar_launch/prefix_override:/usr/lib/python3/dist-packages/colcon_core/task/python/colcon_distutils_commands:/home/emag51/ros2_ws/install/rplidar_launch/lib/python3.10/site-packages:${PYTHONPATH} /usr/bin/python3 -W ignore:setup.py install is deprecated -W ignore:easy_install command is deprecated setup.py egg_info --egg-base ../../build/rplidar_launch build --build-base /home/emag51/ros2_ws/build/rplidar_launch/build install --record /home/emag51/ros2_ws/build/rplidar_launch/install.log --single-version-externally-managed install_data
[10.636s] DEBUG:colcon.colcon_core.event_handler.log_command:Invoking command in '/home/emag51/ros2_ws/src/my_robot_description': PYTHONPATH=/home/emag51/ros2_ws/build/my_robot_description/prefix_override:/usr/lib/python3/dist-packages/colcon_core/task/python/colcon_distutils_commands:/home/emag51/ros2_ws/install/my_robot_description/lib/python3.10/site-packages:${PYTHONPATH} /usr/bin/python3 -W ignore:setup.py install is deprecated -W ignore:easy_install command is deprecated setup.py egg_info --egg-base ../../build/my_robot_description build --build-base /home/emag51/ros2_ws/build/my_robot_description/build install --record /home/emag51/ros2_ws/build/my_robot_description/install.log --single-version-externally-managed install_data
[11.814s] DEBUG:colcon.colcon_core.event_handler.log_command:Invoked command in '/home/emag51/ros2_ws/src/rplidar_launch' returned '0': PYTHONPATH=/home/emag51/ros2_ws/build/rplidar_launch/prefix_override:/usr/lib/python3/dist-packages/colcon_core/task/python/colcon_distutils_commands:/home/emag51/ros2_ws/install/rplidar_launch/lib/python3.10/site-packages:${PYTHONPATH} /usr/bin/python3 -W ignore:setup.py install is deprecated -W ignore:easy_install command is deprecated setup.py egg_info --egg-base ../../build/rplidar_launch build --build-base /home/emag51/ros2_ws/build/rplidar_launch/build install --record /home/emag51/ros2_ws/build/rplidar_launch/install.log --single-version-externally-managed install_data
[11.880s] Level 1:colcon.colcon_core.environment:checking '/home/emag51/ros2_ws/install/rplidar_launch' for CMake module files
[11.884s] Level 1:colcon.colcon_core.environment:checking '/home/emag51/ros2_ws/install/rplidar_launch' for CMake config files
[11.887s] Level 1:colcon.colcon_core.environment:checking '/home/emag51/ros2_ws/install/rplidar_launch/lib'
[11.892s] Level 1:colcon.colcon_core.environment:checking '/home/emag51/ros2_ws/install/rplidar_launch/bin'
[11.893s] Level 1:colcon.colcon_core.environment:checking '/home/emag51/ros2_ws/install/rplidar_launch/lib/pkgconfig/rplidar_launch.pc'
[11.895s] Level 1:colcon.colcon_core.environment:checking '/home/emag51/ros2_ws/install/rplidar_launch/lib/python3.10/site-packages'
[11.895s] Level 1:colcon.colcon_core.shell:create_environment_hook('rplidar_launch', 'pythonpath')
[11.896s] INFO:colcon.colcon_core.shell:Creating environment hook '/home/emag51/ros2_ws/install/rplidar_launch/share/rplidar_launch/hook/pythonpath.ps1'
[11.900s] INFO:colcon.colcon_core.shell:Creating environment descriptor '/home/emag51/ros2_ws/install/rplidar_launch/share/rplidar_launch/hook/pythonpath.dsv'
[11.901s] INFO:colcon.colcon_core.shell:Creating environment hook '/home/emag51/ros2_ws/install/rplidar_launch/share/rplidar_launch/hook/pythonpath.sh'
[11.904s] Level 1:colcon.colcon_core.environment:checking '/home/emag51/ros2_ws/install/rplidar_launch/bin'
[11.904s] Level 1:colcon.colcon_core.environment:create_environment_scripts_only(rplidar_launch)
[11.906s] INFO:colcon.colcon_core.shell:Creating package script '/home/emag51/ros2_ws/install/rplidar_launch/share/rplidar_launch/package.ps1'
[11.917s] INFO:colcon.colcon_core.shell:Creating package descriptor '/home/emag51/ros2_ws/install/rplidar_launch/share/rplidar_launch/package.dsv'
[11.942s] INFO:colcon.colcon_core.shell:Creating package script '/home/emag51/ros2_ws/install/rplidar_launch/share/rplidar_launch/package.sh'
[11.945s] INFO:colcon.colcon_core.shell:Creating package script '/home/emag51/ros2_ws/install/rplidar_launch/share/rplidar_launch/package.bash'
[11.965s] INFO:colcon.colcon_core.shell:Creating package script '/home/emag51/ros2_ws/install/rplidar_launch/share/rplidar_launch/package.zsh'
[11.972s] Level 1:colcon.colcon_core.environment:create_file_with_runtime_dependencies(/home/emag51/ros2_ws/install/rplidar_launch/share/colcon-core/packages/rplidar_launch)
[11.974s] INFO:colcon.colcon_ros.task.ament_python.build:Building ROS package in '/home/emag51/ros2_ws/src/slam_toolbox_launch' with build type 'ament_python'
[11.975s] Level 1:colcon.colcon_core.shell:create_environment_hook('slam_toolbox_launch', 'ament_prefix_path')
[11.979s] INFO:colcon.colcon_core.shell:Creating environment hook '/home/emag51/ros2_ws/install/slam_toolbox_launch/share/slam_toolbox_launch/hook/ament_prefix_path.ps1'
[11.988s] INFO:colcon.colcon_core.shell:Creating environment descriptor '/home/emag51/ros2_ws/install/slam_toolbox_launch/share/slam_toolbox_launch/hook/ament_prefix_path.dsv'
[11.993s] INFO:colcon.colcon_core.shell:Creating environment hook '/home/emag51/ros2_ws/install/slam_toolbox_launch/share/slam_toolbox_launch/hook/ament_prefix_path.sh'
[12.001s] INFO:colcon.colcon_core.shell:Skip shell extension 'powershell' for command environment: Not usable outside of PowerShell
[12.001s] DEBUG:colcon.colcon_core.shell:Skip shell extension 'dsv' for command environment
[12.024s] Level 1:colcon.colcon_core.environment:checking '/home/emag51/ros2_ws/install/my_robot_description' for CMake module files
[12.026s] DEBUG:colcon.colcon_core.event_handler.log_command:Invoked command in '/home/emag51/ros2_ws/src/my_robot_description' returned '0': PYTHONPATH=/home/emag51/ros2_ws/build/my_robot_description/prefix_override:/usr/lib/python3/dist-packages/colcon_core/task/python/colcon_distutils_commands:/home/emag51/ros2_ws/install/my_robot_description/lib/python3.10/site-packages:${PYTHONPATH} /usr/bin/python3 -W ignore:setup.py install is deprecated -W ignore:easy_install command is deprecated setup.py egg_info --egg-base ../../build/my_robot_description build --build-base /home/emag51/ros2_ws/build/my_robot_description/build install --record /home/emag51/ros2_ws/build/my_robot_description/install.log --single-version-externally-managed install_data
[12.028s] Level 1:colcon.colcon_core.environment:checking '/home/emag51/ros2_ws/install/my_robot_description' for CMake config files
[12.033s] Level 1:colcon.colcon_core.environment:checking '/home/emag51/ros2_ws/install/my_robot_description/lib'
[12.034s] Level 1:colcon.colcon_core.environment:checking '/home/emag51/ros2_ws/install/my_robot_description/bin'
[12.035s] Level 1:colcon.colcon_core.environment:checking '/home/emag51/ros2_ws/install/my_robot_description/lib/pkgconfig/my_robot_description.pc'
[12.035s] Level 1:colcon.colcon_core.environment:checking '/home/emag51/ros2_ws/install/my_robot_description/lib/python3.10/site-packages'
[12.037s] Level 1:colcon.colcon_core.shell:create_environment_hook('my_robot_description', 'pythonpath')
[12.039s] INFO:colcon.colcon_core.shell:Creating environment hook '/home/emag51/ros2_ws/install/my_robot_description/share/my_robot_description/hook/pythonpath.ps1'
[12.042s] INFO:colcon.colcon_core.shell:Creating environment descriptor '/home/emag51/ros2_ws/install/my_robot_description/share/my_robot_description/hook/pythonpath.dsv'
[12.044s] INFO:colcon.colcon_core.shell:Creating environment hook '/home/emag51/ros2_ws/install/my_robot_description/share/my_robot_description/hook/pythonpath.sh'
[12.048s] Level 1:colcon.colcon_core.environment:checking '/home/emag51/ros2_ws/install/my_robot_description/bin'
[12.049s] Level 1:colcon.colcon_core.environment:create_environment_scripts_only(my_robot_description)
[12.050s] INFO:colcon.colcon_core.shell:Creating package script '/home/emag51/ros2_ws/install/my_robot_description/share/my_robot_description/package.ps1'
[12.054s] INFO:colcon.colcon_core.shell:Creating package descriptor '/home/emag51/ros2_ws/install/my_robot_description/share/my_robot_description/package.dsv'
[12.057s] INFO:colcon.colcon_core.shell:Creating package script '/home/emag51/ros2_ws/install/my_robot_description/share/my_robot_description/package.sh'
[12.058s] INFO:colcon.colcon_core.shell:Creating package script '/home/emag51/ros2_ws/install/my_robot_description/share/my_robot_description/package.bash'
[12.060s] INFO:colcon.colcon_core.shell:Creating package script '/home/emag51/ros2_ws/install/my_robot_description/share/my_robot_description/package.zsh'
[12.061s] Level 1:colcon.colcon_core.environment:create_file_with_runtime_dependencies(/home/emag51/ros2_ws/install/my_robot_description/share/colcon-core/packages/my_robot_description)
[12.063s] INFO:colcon.colcon_ros.task.catkin.build:Building ROS package in '/home/emag51/ros2_ws/src/teleop_twist_listener' with build type 'catkin'
[12.064s] INFO:colcon.colcon_cmake.task.cmake.build:Building CMake package in '/home/emag51/ros2_ws/src/teleop_twist_listener'
[12.066s] INFO:colcon.colcon_core.shell:Skip shell extension 'powershell' for command environment: Not usable outside of PowerShell
[12.066s] DEBUG:colcon.colcon_core.shell:Skip shell extension 'dsv' for command environment
[13.140s] INFO:colcon.colcon_core.task.python.build:Building Python package in '/home/emag51/ros2_ws/src/slam_toolbox_launch'
[13.141s] INFO:colcon.colcon_core.shell:Skip shell extension 'powershell' for command environment: Not usable outside of PowerShell
[13.141s] DEBUG:colcon.colcon_core.shell:Skip shell extension 'dsv' for command environment
[13.208s] DEBUG:colcon.colcon_core.event_handler.log_command:Invoking command in '/home/emag51/ros2_ws/build/teleop_twist_listener': /usr/bin/cmake /home/emag51/ros2_ws/src/teleop_twist_listener -DCATKIN_INSTALL_INTO_PREFIX_ROOT=0 -DCMAKE_INSTALL_PREFIX=/home/emag51/ros2_ws/install/teleop_twist_listener
[14.706s] DEBUG:colcon.colcon_core.event_handler.log_command:Invoking command in '/home/emag51/ros2_ws/src/slam_toolbox_launch': PYTHONPATH=/home/emag51/ros2_ws/build/slam_toolbox_launch/prefix_override:/usr/lib/python3/dist-packages/colcon_core/task/python/colcon_distutils_commands:/home/emag51/ros2_ws/install/slam_toolbox_launch/lib/python3.10/site-packages:${PYTHONPATH} /usr/bin/python3 -W ignore:setup.py install is deprecated -W ignore:easy_install command is deprecated setup.py egg_info --egg-base ../../build/slam_toolbox_launch build --build-base /home/emag51/ros2_ws/build/slam_toolbox_launch/build install --record /home/emag51/ros2_ws/build/slam_toolbox_launch/install.log --single-version-externally-managed install_data
[15.901s] Level 1:colcon.colcon_core.environment:checking '/home/emag51/ros2_ws/install/slam_toolbox_launch' for CMake module files
[15.905s] DEBUG:colcon.colcon_core.event_handler.log_command:Invoked command in '/home/emag51/ros2_ws/src/slam_toolbox_launch' returned '0': PYTHONPATH=/home/emag51/ros2_ws/build/slam_toolbox_launch/prefix_override:/usr/lib/python3/dist-packages/colcon_core/task/python/colcon_distutils_commands:/home/emag51/ros2_ws/install/slam_toolbox_launch/lib/python3.10/site-packages:${PYTHONPATH} /usr/bin/python3 -W ignore:setup.py install is deprecated -W ignore:easy_install command is deprecated setup.py egg_info --egg-base ../../build/slam_toolbox_launch build --build-base /home/emag51/ros2_ws/build/slam_toolbox_launch/build install --record /home/emag51/ros2_ws/build/slam_toolbox_launch/install.log --single-version-externally-managed install_data
[15.909s] Level 1:colcon.colcon_core.environment:checking '/home/emag51/ros2_ws/install/slam_toolbox_launch' for CMake config files
[15.913s] Level 1:colcon.colcon_core.environment:checking '/home/emag51/ros2_ws/install/slam_toolbox_launch/lib'
[15.916s] Level 1:colcon.colcon_core.environment:checking '/home/emag51/ros2_ws/install/slam_toolbox_launch/bin'
[15.917s] Level 1:colcon.colcon_core.environment:checking '/home/emag51/ros2_ws/install/slam_toolbox_launch/lib/pkgconfig/slam_toolbox_launch.pc'
[15.919s] Level 1:colcon.colcon_core.environment:checking '/home/emag51/ros2_ws/install/slam_toolbox_launch/lib/python3.10/site-packages'
[15.920s] Level 1:colcon.colcon_core.shell:create_environment_hook('slam_toolbox_launch', 'pythonpath')
[15.921s] INFO:colcon.colcon_core.shell:Creating environment hook '/home/emag51/ros2_ws/install/slam_toolbox_launch/share/slam_toolbox_launch/hook/pythonpath.ps1'
[15.924s] INFO:colcon.colcon_core.shell:Creating environment descriptor '/home/emag51/ros2_ws/install/slam_toolbox_launch/share/slam_toolbox_launch/hook/pythonpath.dsv'
[15.925s] INFO:colcon.colcon_core.shell:Creating environment hook '/home/emag51/ros2_ws/install/slam_toolbox_launch/share/slam_toolbox_launch/hook/pythonpath.sh'
[15.928s] Level 1:colcon.colcon_core.environment:checking '/home/emag51/ros2_ws/install/slam_toolbox_launch/bin'
[15.929s] Level 1:colcon.colcon_core.environment:create_environment_scripts_only(slam_toolbox_launch)
[15.930s] INFO:colcon.colcon_core.shell:Creating package script '/home/emag51/ros2_ws/install/slam_toolbox_launch/share/slam_toolbox_launch/package.ps1'
[15.932s] INFO:colcon.colcon_core.shell:Creating package descriptor '/home/emag51/ros2_ws/install/slam_toolbox_launch/share/slam_toolbox_launch/package.dsv'
[15.934s] INFO:colcon.colcon_core.shell:Creating package script '/home/emag51/ros2_ws/install/slam_toolbox_launch/share/slam_toolbox_launch/package.sh'
[15.936s] INFO:colcon.colcon_core.shell:Creating package script '/home/emag51/ros2_ws/install/slam_toolbox_launch/share/slam_toolbox_launch/package.bash'
[15.938s] INFO:colcon.colcon_core.shell:Creating package script '/home/emag51/ros2_ws/install/slam_toolbox_launch/share/slam_toolbox_launch/package.zsh'
[15.940s] Level 1:colcon.colcon_core.environment:create_file_with_runtime_dependencies(/home/emag51/ros2_ws/install/slam_toolbox_launch/share/colcon-core/packages/slam_toolbox_launch)
[17.077s] DEBUG:colcon.colcon_core.event_handler.log_command:Invoked command in '/home/emag51/ros2_ws/build/teleop_twist_listener' returned '0': /usr/bin/cmake /home/emag51/ros2_ws/src/teleop_twist_listener -DCATKIN_INSTALL_INTO_PREFIX_ROOT=0 -DCMAKE_INSTALL_PREFIX=/home/emag51/ros2_ws/install/teleop_twist_listener
[17.079s] DEBUG:colcon.colcon_core.event_handler.log_command:Invoking command in '/home/emag51/ros2_ws/build/teleop_twist_listener': /usr/bin/cmake --build /home/emag51/ros2_ws/build/teleop_twist_listener -- -j4 -l4
[17.516s] DEBUG:colcon.colcon_core.event_handler.log_command:Invoked command in '/home/emag51/ros2_ws/build/teleop_twist_listener' returned '0': /usr/bin/cmake --build /home/emag51/ros2_ws/build/teleop_twist_listener -- -j4 -l4
[17.624s] DEBUG:colcon.colcon_core.event_handler.log_command:Invoking command in '/home/emag51/ros2_ws/build/teleop_twist_listener': /usr/bin/cmake --install /home/emag51/ros2_ws/build/teleop_twist_listener
[17.703s] DEBUG:colcon.colcon_core.event_handler.log_command:Invoked command in '/home/emag51/ros2_ws/build/robot_control' returned '0': /usr/bin/cmake /home/emag51/ros2_ws/src/robot_control -DCATKIN_INSTALL_INTO_PREFIX_ROOT=0 -DCMAKE_INSTALL_PREFIX=/home/emag51/ros2_ws/install/robot_control
[17.710s] DEBUG:colcon.colcon_core.event_handler.log_command:Invoking command in '/home/emag51/ros2_ws/build/robot_control': /usr/bin/cmake --build /home/emag51/ros2_ws/build/robot_control -- -j4 -l4
[17.796s] DEBUG:colcon.colcon_core.event_handler.log_command:Invoked command in '/home/emag51/ros2_ws/build/teleop_twist_listener' returned '0': /usr/bin/cmake --install /home/emag51/ros2_ws/build/teleop_twist_listener
[17.798s] Level 1:colcon.colcon_core.shell:create_environment_hook('teleop_twist_listener', 'ros_package_path')
[17.799s] INFO:colcon.colcon_core.shell:Creating environment hook '/home/emag51/ros2_ws/install/teleop_twist_listener/share/teleop_twist_listener/hook/ros_package_path.ps1'
[17.805s] INFO:colcon.colcon_core.shell:Creating environment descriptor '/home/emag51/ros2_ws/install/teleop_twist_listener/share/teleop_twist_listener/hook/ros_package_path.dsv'
[17.806s] INFO:colcon.colcon_core.shell:Creating environment hook '/home/emag51/ros2_ws/install/teleop_twist_listener/share/teleop_twist_listener/hook/ros_package_path.sh'
[17.808s] Level 1:colcon.colcon_core.shell:create_environment_hook('teleop_twist_listener', 'pkg_config_path')
[17.810s] INFO:colcon.colcon_core.shell:Creating environment hook '/home/emag51/ros2_ws/install/teleop_twist_listener/share/teleop_twist_listener/hook/pkg_config_path.ps1'
[17.813s] INFO:colcon.colcon_core.shell:Creating environment descriptor '/home/emag51/ros2_ws/install/teleop_twist_listener/share/teleop_twist_listener/hook/pkg_config_path.dsv'
[17.814s] INFO:colcon.colcon_core.shell:Creating environment hook '/home/emag51/ros2_ws/install/teleop_twist_listener/share/teleop_twist_listener/hook/pkg_config_path.sh'
[17.832s] Level 1:colcon.colcon_core.shell:create_environment_hook('teleop_twist_listener', 'pkg_config_path_multiarch')
[17.833s] INFO:colcon.colcon_core.shell:Creating environment hook '/home/emag51/ros2_ws/install/teleop_twist_listener/share/teleop_twist_listener/hook/pkg_config_path_multiarch.ps1'
[17.834s] INFO:colcon.colcon_core.shell:Creating environment descriptor '/home/emag51/ros2_ws/install/teleop_twist_listener/share/teleop_twist_listener/hook/pkg_config_path_multiarch.dsv'
[17.838s] INFO:colcon.colcon_core.shell:Creating environment hook '/home/emag51/ros2_ws/install/teleop_twist_listener/share/teleop_twist_listener/hook/pkg_config_path_multiarch.sh'
[17.845s] Level 1:colcon.colcon_core.environment:create_environment_scripts_only(teleop_twist_listener)
[17.846s] Level 1:colcon.colcon_core.environment:checking '/home/emag51/ros2_ws/install/teleop_twist_listener' for CMake module files
[17.854s] Level 1:colcon.colcon_core.environment:checking '/home/emag51/ros2_ws/install/teleop_twist_listener' for CMake config files
[17.858s] Level 1:colcon.colcon_core.shell:create_environment_hook('teleop_twist_listener', 'cmake_prefix_path')
[17.859s] INFO:colcon.colcon_core.shell:Creating environment hook '/home/emag51/ros2_ws/install/teleop_twist_listener/share/teleop_twist_listener/hook/cmake_prefix_path.ps1'
[17.860s] INFO:colcon.colcon_core.shell:Creating environment descriptor '/home/emag51/ros2_ws/install/teleop_twist_listener/share/teleop_twist_listener/hook/cmake_prefix_path.dsv'
[17.862s] INFO:colcon.colcon_core.shell:Creating environment hook '/home/emag51/ros2_ws/install/teleop_twist_listener/share/teleop_twist_listener/hook/cmake_prefix_path.sh'
[17.864s] Level 1:colcon.colcon_core.environment:checking '/home/emag51/ros2_ws/install/teleop_twist_listener/lib'
[17.864s] Level 1:colcon.colcon_core.environment:checking '/home/emag51/ros2_ws/install/teleop_twist_listener/bin'
[17.864s] Level 1:colcon.colcon_core.environment:checking '/home/emag51/ros2_ws/install/teleop_twist_listener/lib/pkgconfig/teleop_twist_listener.pc'
[17.865s] Level 1:colcon.colcon_core.environment:checking '/home/emag51/ros2_ws/install/teleop_twist_listener/lib/python3.10/site-packages'
[17.866s] Level 1:colcon.colcon_core.environment:checking '/home/emag51/ros2_ws/install/teleop_twist_listener/bin'
[17.868s] INFO:colcon.colcon_core.shell:Creating package script '/home/emag51/ros2_ws/install/teleop_twist_listener/share/teleop_twist_listener/package.ps1'
[17.870s] INFO:colcon.colcon_core.shell:Creating package descriptor '/home/emag51/ros2_ws/install/teleop_twist_listener/share/teleop_twist_listener/package.dsv'
[17.872s] INFO:colcon.colcon_core.shell:Creating package script '/home/emag51/ros2_ws/install/teleop_twist_listener/share/teleop_twist_listener/package.sh'
[17.874s] INFO:colcon.colcon_core.shell:Creating package script '/home/emag51/ros2_ws/install/teleop_twist_listener/share/teleop_twist_listener/package.bash'
[17.876s] INFO:colcon.colcon_core.shell:Creating package script '/home/emag51/ros2_ws/install/teleop_twist_listener/share/teleop_twist_listener/package.zsh'
[17.877s] Level 1:colcon.colcon_core.environment:create_file_with_runtime_dependencies(/home/emag51/ros2_ws/install/teleop_twist_listener/share/colcon-core/packages/teleop_twist_listener)
[19.966s] DEBUG:colcon.colcon_core.event_handler.log_command:Invoked command in '/home/emag51/ros2_ws/build/rf2o_laser_odometry' returned '0': CMAKE_PREFIX_PATH=/opt/ros/humble:${CMAKE_PREFIX_PATH} /usr/bin/cmake /home/emag51/ros2_ws/src/rf2o_laser_odometry -DCMAKE_INSTALL_PREFIX=/home/emag51/ros2_ws/install/rf2o_laser_odometry
[19.976s] DEBUG:colcon.colcon_core.event_handler.log_command:Invoking command in '/home/emag51/ros2_ws/build/rf2o_laser_odometry': CMAKE_PREFIX_PATH=/opt/ros/humble:${CMAKE_PREFIX_PATH} /usr/bin/cmake --build /home/emag51/ros2_ws/build/rf2o_laser_odometry -- -j4 -l4
[21.103s] DEBUG:colcon.colcon_core.event_handler.log_command:Invoked command in '/home/emag51/ros2_ws/build/robot_control' returned '0': /usr/bin/cmake --build /home/emag51/ros2_ws/build/robot_control -- -j4 -l4
[21.108s] DEBUG:colcon.colcon_core.event_handler.log_command:Invoking command in '/home/emag51/ros2_ws/build/robot_control': /usr/bin/cmake --install /home/emag51/ros2_ws/build/robot_control
[21.154s] DEBUG:colcon.colcon_core.event_handler.log_command:Invoked command in '/home/emag51/ros2_ws/build/robot_control' returned '0': /usr/bin/cmake --install /home/emag51/ros2_ws/build/robot_control
[21.155s] Level 1:colcon.colcon_core.shell:create_environment_hook('robot_control', 'ros_package_path')
[21.156s] INFO:colcon.colcon_core.shell:Creating environment hook '/home/emag51/ros2_ws/install/robot_control/share/robot_control/hook/ros_package_path.ps1'
[21.158s] INFO:colcon.colcon_core.shell:Creating environment descriptor '/home/emag51/ros2_ws/install/robot_control/share/robot_control/hook/ros_package_path.dsv'
[21.161s] INFO:colcon.colcon_core.shell:Creating environment hook '/home/emag51/ros2_ws/install/robot_control/share/robot_control/hook/ros_package_path.sh'
[21.165s] Level 1:colcon.colcon_core.shell:create_environment_hook('robot_control', 'pkg_config_path')
[21.167s] INFO:colcon.colcon_core.shell:Creating environment hook '/home/emag51/ros2_ws/install/robot_control/share/robot_control/hook/pkg_config_path.ps1'
[21.172s] INFO:colcon.colcon_core.shell:Creating environment descriptor '/home/emag51/ros2_ws/install/robot_control/share/robot_control/hook/pkg_config_path.dsv'
[21.173s] INFO:colcon.colcon_core.shell:Creating environment hook '/home/emag51/ros2_ws/install/robot_control/share/robot_control/hook/pkg_config_path.sh'
[21.175s] Level 1:colcon.colcon_core.shell:create_environment_hook('robot_control', 'pkg_config_path_multiarch')
[21.176s] INFO:colcon.colcon_core.shell:Creating environment hook '/home/emag51/ros2_ws/install/robot_control/share/robot_control/hook/pkg_config_path_multiarch.ps1'
[21.180s] INFO:colcon.colcon_core.shell:Creating environment descriptor '/home/emag51/ros2_ws/install/robot_control/share/robot_control/hook/pkg_config_path_multiarch.dsv'
[21.181s] INFO:colcon.colcon_core.shell:Creating environment hook '/home/emag51/ros2_ws/install/robot_control/share/robot_control/hook/pkg_config_path_multiarch.sh'
[21.185s] Level 1:colcon.colcon_core.environment:create_environment_scripts_only(robot_control)
[21.187s] Level 1:colcon.colcon_core.environment:checking '/home/emag51/ros2_ws/install/robot_control' for CMake module files
[21.189s] Level 1:colcon.colcon_core.environment:checking '/home/emag51/ros2_ws/install/robot_control' for CMake config files
[21.190s] Level 1:colcon.colcon_core.shell:create_environment_hook('robot_control', 'cmake_prefix_path')
[21.192s] INFO:colcon.colcon_core.shell:Creating environment hook '/home/emag51/ros2_ws/install/robot_control/share/robot_control/hook/cmake_prefix_path.ps1'
[21.194s] INFO:colcon.colcon_core.shell:Creating environment descriptor '/home/emag51/ros2_ws/install/robot_control/share/robot_control/hook/cmake_prefix_path.dsv'
[21.195s] INFO:colcon.colcon_core.shell:Creating environment hook '/home/emag51/ros2_ws/install/robot_control/share/robot_control/hook/cmake_prefix_path.sh'
[21.197s] Level 1:colcon.colcon_core.environment:checking '/home/emag51/ros2_ws/install/robot_control/lib'
[21.198s] Level 1:colcon.colcon_core.environment:checking '/home/emag51/ros2_ws/install/robot_control/bin'
[21.198s] Level 1:colcon.colcon_core.environment:checking '/home/emag51/ros2_ws/install/robot_control/lib/pkgconfig/robot_control.pc'
[21.199s] Level 1:colcon.colcon_core.environment:checking '/home/emag51/ros2_ws/install/robot_control/lib/python3.10/site-packages'
[21.200s] Level 1:colcon.colcon_core.environment:checking '/home/emag51/ros2_ws/install/robot_control/bin'
[21.201s] INFO:colcon.colcon_core.shell:Creating package script '/home/emag51/ros2_ws/install/robot_control/share/robot_control/package.ps1'
[21.204s] INFO:colcon.colcon_core.shell:Creating package descriptor '/home/emag51/ros2_ws/install/robot_control/share/robot_control/package.dsv'
[21.206s] INFO:colcon.colcon_core.shell:Creating package script '/home/emag51/ros2_ws/install/robot_control/share/robot_control/package.sh'
[21.208s] INFO:colcon.colcon_core.shell:Creating package script '/home/emag51/ros2_ws/install/robot_control/share/robot_control/package.bash'
[21.211s] INFO:colcon.colcon_core.shell:Creating package script '/home/emag51/ros2_ws/install/robot_control/share/robot_control/package.zsh'
[21.214s] Level 1:colcon.colcon_core.environment:create_file_with_runtime_dependencies(/home/emag51/ros2_ws/install/robot_control/share/colcon-core/packages/robot_control)
[110.895s] DEBUG:colcon.colcon_core.event_handler.log_command:Invoked command in '/home/emag51/ros2_ws/build/rf2o_laser_odometry' returned '0': CMAKE_PREFIX_PATH=/opt/ros/humble:${CMAKE_PREFIX_PATH} /usr/bin/cmake --build /home/emag51/ros2_ws/build/rf2o_laser_odometry -- -j4 -l4
[110.900s] DEBUG:colcon.colcon_core.event_handler.log_command:Invoking command in '/home/emag51/ros2_ws/build/rf2o_laser_odometry': CMAKE_PREFIX_PATH=/opt/ros/humble:${CMAKE_PREFIX_PATH} /usr/bin/cmake --install /home/emag51/ros2_ws/build/rf2o_laser_odometry
[110.977s] Level 1:colcon.colcon_core.environment:create_environment_scripts_only(rf2o_laser_odometry)
[110.978s] Level 1:colcon.colcon_core.environment:checking '/home/emag51/ros2_ws/install/rf2o_laser_odometry' for CMake module files
[110.979s] DEBUG:colcon.colcon_core.event_handler.log_command:Invoked command in '/home/emag51/ros2_ws/build/rf2o_laser_odometry' returned '0': CMAKE_PREFIX_PATH=/opt/ros/humble:${CMAKE_PREFIX_PATH} /usr/bin/cmake --install /home/emag51/ros2_ws/build/rf2o_laser_odometry
[110.981s] Level 1:colcon.colcon_core.environment:checking '/home/emag51/ros2_ws/install/rf2o_laser_odometry' for CMake config files
[110.982s] Level 1:colcon.colcon_core.shell:create_environment_hook('rf2o_laser_odometry', 'cmake_prefix_path')
[110.983s] INFO:colcon.colcon_core.shell:Creating environment hook '/home/emag51/ros2_ws/install/rf2o_laser_odometry/share/rf2o_laser_odometry/hook/cmake_prefix_path.ps1'
[110.984s] INFO:colcon.colcon_core.shell:Creating environment descriptor '/home/emag51/ros2_ws/install/rf2o_laser_odometry/share/rf2o_laser_odometry/hook/cmake_prefix_path.dsv'
[110.986s] INFO:colcon.colcon_core.shell:Creating environment hook '/home/emag51/ros2_ws/install/rf2o_laser_odometry/share/rf2o_laser_odometry/hook/cmake_prefix_path.sh'
[110.987s] Level 1:colcon.colcon_core.environment:checking '/home/emag51/ros2_ws/install/rf2o_laser_odometry/lib'
[110.988s] Level 1:colcon.colcon_core.environment:checking '/home/emag51/ros2_ws/install/rf2o_laser_odometry/bin'
[110.988s] Level 1:colcon.colcon_core.environment:checking '/home/emag51/ros2_ws/install/rf2o_laser_odometry/lib/pkgconfig/rf2o_laser_odometry.pc'
[110.989s] Level 1:colcon.colcon_core.environment:checking '/home/emag51/ros2_ws/install/rf2o_laser_odometry/lib/python3.10/site-packages'
[110.990s] Level 1:colcon.colcon_core.environment:checking '/home/emag51/ros2_ws/install/rf2o_laser_odometry/bin'
[110.991s] INFO:colcon.colcon_core.shell:Creating package script '/home/emag51/ros2_ws/install/rf2o_laser_odometry/share/rf2o_laser_odometry/package.ps1'
[110.992s] INFO:colcon.colcon_core.shell:Creating package descriptor '/home/emag51/ros2_ws/install/rf2o_laser_odometry/share/rf2o_laser_odometry/package.dsv'
[110.993s] INFO:colcon.colcon_core.shell:Creating package script '/home/emag51/ros2_ws/install/rf2o_laser_odometry/share/rf2o_laser_odometry/package.sh'
[110.995s] INFO:colcon.colcon_core.shell:Creating package script '/home/emag51/ros2_ws/install/rf2o_laser_odometry/share/rf2o_laser_odometry/package.bash'
[110.996s] INFO:colcon.colcon_core.shell:Creating package script '/home/emag51/ros2_ws/install/rf2o_laser_odometry/share/rf2o_laser_odometry/package.zsh'
[110.997s] Level 1:colcon.colcon_core.environment:create_file_with_runtime_dependencies(/home/emag51/ros2_ws/install/rf2o_laser_odometry/share/colcon-core/packages/rf2o_laser_odometry)
[110.999s] Level 1:colcon.colcon_core.environment:create_environment_scripts_only(rf2o_laser_odometry)
[111.000s] Level 1:colcon.colcon_core.environment:checking '/home/emag51/ros2_ws/install/rf2o_laser_odometry' for CMake module files
[111.001s] Level 1:colcon.colcon_core.environment:checking '/home/emag51/ros2_ws/install/rf2o_laser_odometry' for CMake config files
[111.002s] Level 1:colcon.colcon_core.shell:create_environment_hook('rf2o_laser_odometry', 'cmake_prefix_path')
[111.003s] INFO:colcon.colcon_core.shell:Creating environment hook '/home/emag51/ros2_ws/install/rf2o_laser_odometry/share/rf2o_laser_odometry/hook/cmake_prefix_path.ps1'
[111.005s] INFO:colcon.colcon_core.shell:Creating environment descriptor '/home/emag51/ros2_ws/install/rf2o_laser_odometry/share/rf2o_laser_odometry/hook/cmake_prefix_path.dsv'
[111.006s] INFO:colcon.colcon_core.shell:Creating environment hook '/home/emag51/ros2_ws/install/rf2o_laser_odometry/share/rf2o_laser_odometry/hook/cmake_prefix_path.sh'
[111.008s] Level 1:colcon.colcon_core.environment:checking '/home/emag51/ros2_ws/install/rf2o_laser_odometry/lib'
[111.008s] Level 1:colcon.colcon_core.environment:checking '/home/emag51/ros2_ws/install/rf2o_laser_odometry/bin'
[111.008s] Level 1:colcon.colcon_core.environment:checking '/home/emag51/ros2_ws/install/rf2o_laser_odometry/lib/pkgconfig/rf2o_laser_odometry.pc'
[111.009s] Level 1:colcon.colcon_core.environment:checking '/home/emag51/ros2_ws/install/rf2o_laser_odometry/lib/python3.10/site-packages'
[111.010s] Level 1:colcon.colcon_core.environment:checking '/home/emag51/ros2_ws/install/rf2o_laser_odometry/bin'
[111.011s] INFO:colcon.colcon_core.shell:Creating package script '/home/emag51/ros2_ws/install/rf2o_laser_odometry/share/rf2o_laser_odometry/package.ps1'
[111.012s] INFO:colcon.colcon_core.shell:Creating package descriptor '/home/emag51/ros2_ws/install/rf2o_laser_odometry/share/rf2o_laser_odometry/package.dsv'
[111.014s] INFO:colcon.colcon_core.shell:Creating package script '/home/emag51/ros2_ws/install/rf2o_laser_odometry/share/rf2o_laser_odometry/package.sh'
[111.016s] INFO:colcon.colcon_core.shell:Creating package script '/home/emag51/ros2_ws/install/rf2o_laser_odometry/share/rf2o_laser_odometry/package.bash'
[111.017s] INFO:colcon.colcon_core.shell:Creating package script '/home/emag51/ros2_ws/install/rf2o_laser_odometry/share/rf2o_laser_odometry/package.zsh'
[111.019s] Level 1:colcon.colcon_core.environment:create_file_with_runtime_dependencies(/home/emag51/ros2_ws/install/rf2o_laser_odometry/share/colcon-core/packages/rf2o_laser_odometry)
[111.019s] DEBUG:colcon.colcon_parallel_executor.executor.parallel:closing loop
[111.020s] DEBUG:colcon.colcon_parallel_executor.executor.parallel:loop closed
[111.020s] DEBUG:colcon.colcon_parallel_executor.executor.parallel:run_until_complete finished with '0'
[111.021s] DEBUG:colcon.colcon_core.event_reactor:joining thread
[111.079s] INFO:colcon.colcon_core.plugin_system:Skipping extension 'colcon_notification.desktop_notification.terminal_notifier': Not used on non-Darwin systems
[111.079s] INFO:colcon.colcon_core.plugin_system:Skipping extension 'colcon_notification.desktop_notification.win32': Not used on non-Windows systems
[111.079s] INFO:colcon.colcon_notification.desktop_notification:Sending desktop notification using 'notify2'
[111.224s] DEBUG:colcon.colcon_core.event_reactor:joined thread
[111.226s] INFO:colcon.colcon_core.shell:Creating prefix script '/home/emag51/ros2_ws/install/local_setup.ps1'
[111.245s] INFO:colcon.colcon_core.shell:Creating prefix util module '/home/emag51/ros2_ws/install/_local_setup_util_ps1.py'
[111.277s] INFO:colcon.colcon_core.shell:Creating prefix chain script '/home/emag51/ros2_ws/install/setup.ps1'
[111.281s] INFO:colcon.colcon_core.shell:Creating prefix script '/home/emag51/ros2_ws/install/local_setup.sh'
[111.306s] INFO:colcon.colcon_core.shell:Creating prefix util module '/home/emag51/ros2_ws/install/_local_setup_util_sh.py'
[111.309s] INFO:colcon.colcon_core.shell:Creating prefix chain script '/home/emag51/ros2_ws/install/setup.sh'
[111.314s] INFO:colcon.colcon_core.shell:Creating prefix script '/home/emag51/ros2_ws/install/local_setup.bash'
[111.335s] INFO:colcon.colcon_core.shell:Creating prefix chain script '/home/emag51/ros2_ws/install/setup.bash'
[111.340s] INFO:colcon.colcon_core.shell:Creating prefix script '/home/emag51/ros2_ws/install/local_setup.zsh'
[111.342s] INFO:colcon.colcon_core.shell:Creating prefix chain script '/home/emag51/ros2_ws/install/setup.zsh'
